/home/vsarkhel/Projects/fedtest/lib/python3.6/site-packages/tensorflow/python/framework/dtypes.py:516: FutureWarning: Passing (type, 1) or '1type' as a synonym of type is deprecated; in a future version of numpy, it will be understood as (type, (1,)) / '(1,)type'.
  _np_qint8 = np.dtype([("qint8", np.int8, 1)])
/home/vsarkhel/Projects/fedtest/lib/python3.6/site-packages/tensorflow/python/framework/dtypes.py:517: FutureWarning: Passing (type, 1) or '1type' as a synonym of type is deprecated; in a future version of numpy, it will be understood as (type, (1,)) / '(1,)type'.
  _np_quint8 = np.dtype([("quint8", np.uint8, 1)])
/home/vsarkhel/Projects/fedtest/lib/python3.6/site-packages/tensorflow/python/framework/dtypes.py:518: FutureWarning: Passing (type, 1) or '1type' as a synonym of type is deprecated; in a future version of numpy, it will be understood as (type, (1,)) / '(1,)type'.
  _np_qint16 = np.dtype([("qint16", np.int16, 1)])
/home/vsarkhel/Projects/fedtest/lib/python3.6/site-packages/tensorflow/python/framework/dtypes.py:519: FutureWarning: Passing (type, 1) or '1type' as a synonym of type is deprecated; in a future version of numpy, it will be understood as (type, (1,)) / '(1,)type'.
  _np_quint16 = np.dtype([("quint16", np.uint16, 1)])
/home/vsarkhel/Projects/fedtest/lib/python3.6/site-packages/tensorflow/python/framework/dtypes.py:520: FutureWarning: Passing (type, 1) or '1type' as a synonym of type is deprecated; in a future version of numpy, it will be understood as (type, (1,)) / '(1,)type'.
  _np_qint32 = np.dtype([("qint32", np.int32, 1)])
/home/vsarkhel/Projects/fedtest/lib/python3.6/site-packages/tensorflow/python/framework/dtypes.py:525: FutureWarning: Passing (type, 1) or '1type' as a synonym of type is deprecated; in a future version of numpy, it will be understood as (type, (1,)) / '(1,)type'.
  np_resource = np.dtype([("resource", np.ubyte, 1)])
/home/vsarkhel/Projects/fedtest/lib/python3.6/site-packages/tensorboard/compat/tensorflow_stub/dtypes.py:541: FutureWarning: Passing (type, 1) or '1type' as a synonym of type is deprecated; in a future version of numpy, it will be understood as (type, (1,)) / '(1,)type'.
  _np_qint8 = np.dtype([("qint8", np.int8, 1)])
/home/vsarkhel/Projects/fedtest/lib/python3.6/site-packages/tensorboard/compat/tensorflow_stub/dtypes.py:542: FutureWarning: Passing (type, 1) or '1type' as a synonym of type is deprecated; in a future version of numpy, it will be understood as (type, (1,)) / '(1,)type'.
  _np_quint8 = np.dtype([("quint8", np.uint8, 1)])
/home/vsarkhel/Projects/fedtest/lib/python3.6/site-packages/tensorboard/compat/tensorflow_stub/dtypes.py:543: FutureWarning: Passing (type, 1) or '1type' as a synonym of type is deprecated; in a future version of numpy, it will be understood as (type, (1,)) / '(1,)type'.
  _np_qint16 = np.dtype([("qint16", np.int16, 1)])
/home/vsarkhel/Projects/fedtest/lib/python3.6/site-packages/tensorboard/compat/tensorflow_stub/dtypes.py:544: FutureWarning: Passing (type, 1) or '1type' as a synonym of type is deprecated; in a future version of numpy, it will be understood as (type, (1,)) / '(1,)type'.
  _np_quint16 = np.dtype([("quint16", np.uint16, 1)])
/home/vsarkhel/Projects/fedtest/lib/python3.6/site-packages/tensorboard/compat/tensorflow_stub/dtypes.py:545: FutureWarning: Passing (type, 1) or '1type' as a synonym of type is deprecated; in a future version of numpy, it will be understood as (type, (1,)) / '(1,)type'.
  _np_qint32 = np.dtype([("qint32", np.int32, 1)])
/home/vsarkhel/Projects/fedtest/lib/python3.6/site-packages/tensorboard/compat/tensorflow_stub/dtypes.py:550: FutureWarning: Passing (type, 1) or '1type' as a synonym of type is deprecated; in a future version of numpy, it will be understood as (type, (1,)) / '(1,)type'.
  np_resource = np.dtype([("resource", np.ubyte, 1)])
WARNING:tensorflow:From main.py:30: The name tf.set_random_seed is deprecated. Please use tf.compat.v1.set_random_seed instead.

############################## femnist.cnn ##############################
WARNING:tensorflow:From main.py:47: The name tf.logging.set_verbosity is deprecated. Please use tf.compat.v1.logging.set_verbosity instead.

WARNING:tensorflow:From main.py:47: The name tf.logging.WARN is deprecated. Please use tf.compat.v1.logging.WARN instead.

WARNING:tensorflow:From main.py:57: The name tf.reset_default_graph is deprecated. Please use tf.compat.v1.reset_default_graph instead.

WARNING:tensorflow:From /home/vsarkhel/Projects/fedtest/leaf-k/models/femnist/cnn.py:17: The name tf.placeholder is deprecated. Please use tf.compat.v1.placeholder instead.

WARNING:tensorflow:From /home/vsarkhel/Projects/fedtest/leaf-k/models/femnist/cnn.py:26: conv2d (from tensorflow.python.layers.convolutional) is deprecated and will be removed in a future version.
Instructions for updating:
Use `tf.keras.layers.Conv2D` instead.
WARNING:tensorflow:From /home/vsarkhel/Projects/fedtest/lib/python3.6/site-packages/tensorflow/python/ops/init_ops.py:1251: calling VarianceScaling.__init__ (from tensorflow.python.ops.init_ops) with dtype is deprecated and will be removed in a future version.
Instructions for updating:
Call initializer instance with the dtype argument instead of passing it to the constructor
WARNING:tensorflow:Entity <bound method Conv.call of <tensorflow.python.layers.convolutional.Conv2D object at 0x7fc1ed5e0160>> could not be transformed and will be executed as-is. Please report this to the AutgoGraph team. When filing the bug, set the verbosity to 10 (on Linux, `export AUTOGRAPH_VERBOSITY=10`) and attach the full output. Cause: converting <bound method Conv.call of <tensorflow.python.layers.convolutional.Conv2D object at 0x7fc1ed5e0160>>: AttributeError: module 'gast' has no attribute 'Str'
WARNING:tensorflow:From /home/vsarkhel/Projects/fedtest/leaf-k/models/femnist/cnn.py:27: max_pooling2d (from tensorflow.python.layers.pooling) is deprecated and will be removed in a future version.
Instructions for updating:
Use keras.layers.MaxPooling2D instead.
WARNING:tensorflow:Entity <bound method Pooling2D.call of <tensorflow.python.layers.pooling.MaxPooling2D object at 0x7fc1ed5e0160>> could not be transformed and will be executed as-is. Please report this to the AutgoGraph team. When filing the bug, set the verbosity to 10 (on Linux, `export AUTOGRAPH_VERBOSITY=10`) and attach the full output. Cause: converting <bound method Pooling2D.call of <tensorflow.python.layers.pooling.MaxPooling2D object at 0x7fc1ed5e0160>>: AttributeError: module 'gast' has no attribute 'Str'
WARNING:tensorflow:Entity <bound method Conv.call of <tensorflow.python.layers.convolutional.Conv2D object at 0x7fc1ed5e0160>> could not be transformed and will be executed as-is. Please report this to the AutgoGraph team. When filing the bug, set the verbosity to 10 (on Linux, `export AUTOGRAPH_VERBOSITY=10`) and attach the full output. Cause: converting <bound method Conv.call of <tensorflow.python.layers.convolutional.Conv2D object at 0x7fc1ed5e0160>>: AttributeError: module 'gast' has no attribute 'Str'
WARNING:tensorflow:Entity <bound method Pooling2D.call of <tensorflow.python.layers.pooling.MaxPooling2D object at 0x7fc1ed5e0160>> could not be transformed and will be executed as-is. Please report this to the AutgoGraph team. When filing the bug, set the verbosity to 10 (on Linux, `export AUTOGRAPH_VERBOSITY=10`) and attach the full output. Cause: converting <bound method Pooling2D.call of <tensorflow.python.layers.pooling.MaxPooling2D object at 0x7fc1ed5e0160>>: AttributeError: module 'gast' has no attribute 'Str'
WARNING:tensorflow:From /home/vsarkhel/Projects/fedtest/leaf-k/models/femnist/cnn.py:36: dense (from tensorflow.python.layers.core) is deprecated and will be removed in a future version.
Instructions for updating:
Use keras.layers.dense instead.
WARNING:tensorflow:Entity <bound method Dense.call of <tensorflow.python.layers.core.Dense object at 0x7fc1ed5673c8>> could not be transformed and will be executed as-is. Please report this to the AutgoGraph team. When filing the bug, set the verbosity to 10 (on Linux, `export AUTOGRAPH_VERBOSITY=10`) and attach the full output. Cause: converting <bound method Dense.call of <tensorflow.python.layers.core.Dense object at 0x7fc1ed5673c8>>: AttributeError: module 'gast' has no attribute 'Index'
WARNING:tensorflow:Entity <bound method Dense.call of <tensorflow.python.layers.core.Dense object at 0x7fc1ed5673c8>> could not be transformed and will be executed as-is. Please report this to the AutgoGraph team. When filing the bug, set the verbosity to 10 (on Linux, `export AUTOGRAPH_VERBOSITY=10`) and attach the full output. Cause: converting <bound method Dense.call of <tensorflow.python.layers.core.Dense object at 0x7fc1ed5673c8>>: AttributeError: module 'gast' has no attribute 'Index'
WARNING:tensorflow:From /home/vsarkhel/Projects/fedtest/leaf-k/models/femnist/cnn.py:42: The name tf.losses.sparse_softmax_cross_entropy is deprecated. Please use tf.compat.v1.losses.sparse_softmax_cross_entropy instead.

WARNING:tensorflow:From /home/vsarkhel/Projects/fedtest/lib/python3.6/site-packages/tensorflow/python/ops/losses/losses_impl.py:121: add_dispatch_support.<locals>.wrapper (from tensorflow.python.ops.array_ops) is deprecated and will be removed in a future version.
Instructions for updating:
Use tf.where in 2.0, which has the same broadcast rule as np.where
WARNING:tensorflow:From /home/vsarkhel/Projects/fedtest/leaf-k/models/model.py:55: The name tf.train.GradientDescentOptimizer is deprecated. Please use tf.compat.v1.train.GradientDescentOptimizer instead.

WARNING:tensorflow:From /home/vsarkhel/Projects/fedtest/leaf-k/models/femnist/cnn.py:46: The name tf.train.get_global_step is deprecated. Please use tf.compat.v1.train.get_global_step instead.

WARNING:tensorflow:From /home/vsarkhel/Projects/fedtest/leaf-k/models/model.py:26: The name tf.train.Saver is deprecated. Please use tf.compat.v1.train.Saver instead.

WARNING:tensorflow:From /home/vsarkhel/Projects/fedtest/leaf-k/models/model.py:27: The name tf.Session is deprecated. Please use tf.compat.v1.Session instead.

2022-02-07 14:28:05.542617: I tensorflow/stream_executor/platform/default/dso_loader.cc:42] Successfully opened dynamic library libcuda.so.1
2022-02-07 14:28:05.566679: I tensorflow/stream_executor/cuda/cuda_gpu_executor.cc:1005] successful NUMA node read from SysFS had negative value (-1), but there must be at least one NUMA node, so returning NUMA node zero
2022-02-07 14:28:05.566923: I tensorflow/core/common_runtime/gpu/gpu_device.cc:1640] Found device 0 with properties: 
name: NVIDIA TITAN RTX major: 7 minor: 5 memoryClockRate(GHz): 1.77
pciBusID: 0000:41:00.0
2022-02-07 14:28:05.567096: I tensorflow/stream_executor/platform/default/dso_loader.cc:53] Could not dlopen library 'libcudart.so.10.0'; dlerror: libcudart.so.10.0: cannot open shared object file: No such file or directory; LD_LIBRARY_PATH: :/usr/local/cuda/lib64:/usr/local/cuda/extras/CUPTI/lib64:/usr/local/cuda/lib64:/usr/local/cuda/extras/CUPTI/lib64
2022-02-07 14:28:05.567199: I tensorflow/stream_executor/platform/default/dso_loader.cc:53] Could not dlopen library 'libcublas.so.10.0'; dlerror: libcublas.so.10.0: cannot open shared object file: No such file or directory; LD_LIBRARY_PATH: :/usr/local/cuda/lib64:/usr/local/cuda/extras/CUPTI/lib64:/usr/local/cuda/lib64:/usr/local/cuda/extras/CUPTI/lib64
2022-02-07 14:28:05.567293: I tensorflow/stream_executor/platform/default/dso_loader.cc:53] Could not dlopen library 'libcufft.so.10.0'; dlerror: libcufft.so.10.0: cannot open shared object file: No such file or directory; LD_LIBRARY_PATH: :/usr/local/cuda/lib64:/usr/local/cuda/extras/CUPTI/lib64:/usr/local/cuda/lib64:/usr/local/cuda/extras/CUPTI/lib64
2022-02-07 14:28:05.567387: I tensorflow/stream_executor/platform/default/dso_loader.cc:53] Could not dlopen library 'libcurand.so.10.0'; dlerror: libcurand.so.10.0: cannot open shared object file: No such file or directory; LD_LIBRARY_PATH: :/usr/local/cuda/lib64:/usr/local/cuda/extras/CUPTI/lib64:/usr/local/cuda/lib64:/usr/local/cuda/extras/CUPTI/lib64
2022-02-07 14:28:05.567485: I tensorflow/stream_executor/platform/default/dso_loader.cc:53] Could not dlopen library 'libcusolver.so.10.0'; dlerror: libcusolver.so.10.0: cannot open shared object file: No such file or directory; LD_LIBRARY_PATH: :/usr/local/cuda/lib64:/usr/local/cuda/extras/CUPTI/lib64:/usr/local/cuda/lib64:/usr/local/cuda/extras/CUPTI/lib64
2022-02-07 14:28:05.567583: I tensorflow/stream_executor/platform/default/dso_loader.cc:53] Could not dlopen library 'libcusparse.so.10.0'; dlerror: libcusparse.so.10.0: cannot open shared object file: No such file or directory; LD_LIBRARY_PATH: :/usr/local/cuda/lib64:/usr/local/cuda/extras/CUPTI/lib64:/usr/local/cuda/lib64:/usr/local/cuda/extras/CUPTI/lib64
2022-02-07 14:28:05.624551: I tensorflow/stream_executor/platform/default/dso_loader.cc:42] Successfully opened dynamic library libcudnn.so.7
2022-02-07 14:28:05.624600: W tensorflow/core/common_runtime/gpu/gpu_device.cc:1663] Cannot dlopen some GPU libraries. Skipping registering GPU devices...
2022-02-07 14:28:05.625262: I tensorflow/core/platform/cpu_feature_guard.cc:142] Your CPU supports instructions that this TensorFlow binary was not compiled to use: AVX2 FMA
2022-02-07 14:28:05.702666: I tensorflow/stream_executor/cuda/cuda_gpu_executor.cc:1005] successful NUMA node read from SysFS had negative value (-1), but there must be at least one NUMA node, so returning NUMA node zero
2022-02-07 14:28:05.703447: I tensorflow/compiler/xla/service/service.cc:168] XLA service 0x4afd610 executing computations on platform CUDA. Devices:
2022-02-07 14:28:05.703495: I tensorflow/compiler/xla/service/service.cc:175]   StreamExecutor device (0): NVIDIA TITAN RTX, Compute Capability 7.5
2022-02-07 14:28:05.714611: I tensorflow/core/platform/profile_utils/cpu_utils.cc:94] CPU Frequency: 3492940000 Hz
2022-02-07 14:28:05.716083: I tensorflow/compiler/xla/service/service.cc:168] XLA service 0x40a5db0 executing computations on platform Host. Devices:
2022-02-07 14:28:05.716106: I tensorflow/compiler/xla/service/service.cc:175]   StreamExecutor device (0): <undefined>, <undefined>
2022-02-07 14:28:05.716235: I tensorflow/core/common_runtime/gpu/gpu_device.cc:1181] Device interconnect StreamExecutor with strength 1 edge matrix:
2022-02-07 14:28:05.716247: I tensorflow/core/common_runtime/gpu/gpu_device.cc:1187]      
WARNING:tensorflow:From /home/vsarkhel/Projects/fedtest/leaf-k/models/utils/tf_utils.py:33: The name tf.trainable_variables is deprecated. Please use tf.compat.v1.trainable_variables instead.

2022-02-07 14:28:05.753418: W tensorflow/compiler/jit/mark_for_compilation_pass.cc:1412] (One-time warning): Not using XLA:CPU for cluster because envvar TF_XLA_FLAGS=--tf_xla_cpu_global_jit was not set.  If you want XLA:CPU, either set that envvar, or use experimental_jit_scope to enable XLA:CPU.  To confirm that XLA is active, pass --vmodule=xla_compilation_cache=1 (as a proper command-line flag, not via TF_XLA_FLAGS) or set the envvar XLA_FLAGS=--xla_hlo_profile.
WARNING:tensorflow:From /home/vsarkhel/Projects/fedtest/leaf-k/models/model.py:35: The name tf.profiler.ProfileOptionBuilder is deprecated. Please use tf.compat.v1.profiler.ProfileOptionBuilder instead.

WARNING:tensorflow:From /home/vsarkhel/Projects/fedtest/leaf-k/models/model.py:36: The name tf.profiler.profile is deprecated. Please use tf.compat.v1.profiler.profile instead.

WARNING:tensorflow:From /home/vsarkhel/Projects/fedtest/lib/python3.6/site-packages/tensorflow/python/profiler/internal/flops_registry.py:142: tensor_shape_from_node_def_name (from tensorflow.python.framework.graph_util_impl) is deprecated and will be removed in a future version.
Instructions for updating:
Use `tf.compat.v1.graph_util.tensor_shape_from_node_def_name`
Parsing Inputs...
Incomplete shape.
Incomplete shape.

=========================Options=============================
-max_depth                  10000
-min_bytes                  0
-min_peak_bytes             0
-min_residual_bytes         0
-min_output_bytes           0
-min_micros                 0
-min_accelerator_micros     0
-min_cpu_micros             0
-min_params                 0
-min_float_ops              1
-min_occurrence             0
-step                       -1
-order_by                   float_ops
-account_type_regexes       .*
-start_name_regexes         .*
-trim_name_regexes          
-show_name_regexes          .*
-hide_name_regexes          
-account_displayed_op_only  true
-select                     float_ops
-output                     stdout:

==================Model Analysis Report======================
Incomplete shape.
Incomplete shape.

Doc:
scope: The nodes in the model graph are organized by their names, which is hierarchical like filesystem.
flops: Number of float operations. Note: Please read the implementation for the math behind it.

Profile:
node name | # float_ops
_TFProfRoot (--/13.20m flops)
  dense/kernel/Initializer/random_uniform (6.42m/12.85m flops)
    dense/kernel/Initializer/random_uniform/mul (6.42m/6.42m flops)
    dense/kernel/Initializer/random_uniform/sub (1/1 flops)
  dense_1/kernel/Initializer/random_uniform (126.98k/253.95k flops)
    dense_1/kernel/Initializer/random_uniform/mul (126.98k/126.98k flops)
    dense_1/kernel/Initializer/random_uniform/sub (1/1 flops)
  conv2d_1/kernel/Initializer/random_uniform (51.20k/102.40k flops)
    conv2d_1/kernel/Initializer/random_uniform/mul (51.20k/51.20k flops)
    conv2d_1/kernel/Initializer/random_uniform/sub (1/1 flops)
  conv2d/kernel/Initializer/random_uniform (800/1.60k flops)
    conv2d/kernel/Initializer/random_uniform/mul (800/800 flops)
    conv2d/kernel/Initializer/random_uniform/sub (1/1 flops)
  gradients/sparse_softmax_cross_entropy_loss/value_grad/Neg (1/1 flops)
  gradients/sparse_softmax_cross_entropy_loss/value_grad/mul (1/1 flops)
  sparse_softmax_cross_entropy_loss/num_present/Equal (1/1 flops)

======================End of Report==========================
Clients in Total: 179
--- Random Initialization ---
WARNING:tensorflow:From /home/vsarkhel/Projects/fedtest/leaf-k/models/model.py:44: Variable.load (from tensorflow.python.ops.variables) is deprecated and will be removed in a future version.
Instructions for updating:
Prefer Variable.assign which has equivalent behavior in 2.X.
train_accuracy: 0.0129492, 10th percentile: 0, 50th percentile: 0.00671141, 90th percentile 0.0320224
train_loss: 4.12548, 10th percentile: 4.11587, 50th percentile: 4.12654, 90th percentile 4.13265
test_accuracy: 0.014469, 10th percentile: 0, 50th percentile: 0, 90th percentile 0.0555556
test_loss: 4.1251, 10th percentile: 4.10166, 50th percentile: 4.12461, 90th percentile 4.1532
--- Round 1 of 1000: Training 5 Clients ---
/home/vsarkhel/Projects/fedtest/leaf-k/models/client.py:67: VisibleDeprecationWarning: Creating an ndarray from ragged nested sequences (which is a list-or-tuple of lists-or-tuples-or ndarrays with different lengths or shapes) is deprecated. If you meant to do this, you must specify 'dtype=object' when creating the ndarray
  update = np.array(update)
--- Round 2 of 1000: Training 5 Clients ---
--- Round 3 of 1000: Training 5 Clients ---
--- Round 4 of 1000: Training 5 Clients ---
--- Round 5 of 1000: Training 5 Clients ---
--- Round 6 of 1000: Training 5 Clients ---
--- Round 7 of 1000: Training 5 Clients ---
--- Round 8 of 1000: Training 5 Clients ---
--- Round 9 of 1000: Training 5 Clients ---
--- Round 10 of 1000: Training 5 Clients ---
--- Round 11 of 1000: Training 5 Clients ---
--- Round 12 of 1000: Training 5 Clients ---
--- Round 13 of 1000: Training 5 Clients ---
--- Round 14 of 1000: Training 5 Clients ---
--- Round 15 of 1000: Training 5 Clients ---
--- Round 16 of 1000: Training 5 Clients ---
--- Round 17 of 1000: Training 5 Clients ---
--- Round 18 of 1000: Training 5 Clients ---
--- Round 19 of 1000: Training 5 Clients ---
--- Round 20 of 1000: Training 5 Clients ---
train_accuracy: 0.0556723, 10th percentile: 0.0327801, 50th percentile: 0.0674847, 90th percentile 0.090236
train_loss: 3.74171, 10th percentile: 3.58873, 50th percentile: 3.66453, 90th percentile 3.8647
test_accuracy: 0.0525056, 10th percentile: 0, 50th percentile: 0.0526316, 90th percentile 0.138916
test_loss: 3.74212, 10th percentile: 3.47059, 50th percentile: 3.70296, 90th percentile 3.93296
--- Round 21 of 1000: Training 5 Clients ---
--- Round 22 of 1000: Training 5 Clients ---
--- Round 23 of 1000: Training 5 Clients ---
--- Round 24 of 1000: Training 5 Clients ---
--- Round 25 of 1000: Training 5 Clients ---
--- Round 26 of 1000: Training 5 Clients ---
--- Round 27 of 1000: Training 5 Clients ---
--- Round 28 of 1000: Training 5 Clients ---
--- Round 29 of 1000: Training 5 Clients ---
--- Round 30 of 1000: Training 5 Clients ---
--- Round 31 of 1000: Training 5 Clients ---
--- Round 32 of 1000: Training 5 Clients ---
--- Round 33 of 1000: Training 5 Clients ---
--- Round 34 of 1000: Training 5 Clients ---
--- Round 35 of 1000: Training 5 Clients ---
--- Round 36 of 1000: Training 5 Clients ---
--- Round 37 of 1000: Training 5 Clients ---
--- Round 38 of 1000: Training 5 Clients ---
--- Round 39 of 1000: Training 5 Clients ---
--- Round 40 of 1000: Training 5 Clients ---
train_accuracy: 0.0358119, 10th percentile: 0, 50th percentile: 0.00757576, 90th percentile 0.0661279
train_loss: 3.7513, 10th percentile: 3.68975, 50th percentile: 3.7444, 90th percentile 3.81068
test_accuracy: 0.0352155, 10th percentile: 0, 50th percentile: 0, 90th percentile 0.0909091
test_loss: 3.7484, 10th percentile: 3.55046, 50th percentile: 3.74485, 90th percentile 3.9352
--- Round 41 of 1000: Training 5 Clients ---
--- Round 42 of 1000: Training 5 Clients ---
--- Round 43 of 1000: Training 5 Clients ---
--- Round 44 of 1000: Training 5 Clients ---
--- Round 45 of 1000: Training 5 Clients ---
--- Round 46 of 1000: Training 5 Clients ---
--- Round 47 of 1000: Training 5 Clients ---
--- Round 48 of 1000: Training 5 Clients ---
--- Round 49 of 1000: Training 5 Clients ---
--- Round 50 of 1000: Training 5 Clients ---
--- Round 51 of 1000: Training 5 Clients ---
--- Round 52 of 1000: Training 5 Clients ---
--- Round 53 of 1000: Training 5 Clients ---
--- Round 54 of 1000: Training 5 Clients ---
--- Round 55 of 1000: Training 5 Clients ---
--- Round 56 of 1000: Training 5 Clients ---
--- Round 57 of 1000: Training 5 Clients ---
--- Round 58 of 1000: Training 5 Clients ---
--- Round 59 of 1000: Training 5 Clients ---
--- Round 60 of 1000: Training 5 Clients ---
train_accuracy: 0.0503626, 10th percentile: 0.0301032, 50th percentile: 0.0598291, 90th percentile 0.0814815
train_loss: 3.7514, 10th percentile: 3.44851, 50th percentile: 3.54104, 90th percentile 4.00973
test_accuracy: 0.051, 10th percentile: 0, 50th percentile: 0.0555556, 90th percentile 0.126667
test_loss: 3.75255, 10th percentile: 3.29322, 50th percentile: 3.6539, 90th percentile 4.05639
--- Round 61 of 1000: Training 5 Clients ---
--- Round 62 of 1000: Training 5 Clients ---
--- Round 63 of 1000: Training 5 Clients ---
--- Round 64 of 1000: Training 5 Clients ---
--- Round 65 of 1000: Training 5 Clients ---
--- Round 66 of 1000: Training 5 Clients ---
--- Round 67 of 1000: Training 5 Clients ---
--- Round 68 of 1000: Training 5 Clients ---
--- Round 69 of 1000: Training 5 Clients ---
--- Round 70 of 1000: Training 5 Clients ---
--- Round 71 of 1000: Training 5 Clients ---
--- Round 72 of 1000: Training 5 Clients ---
--- Round 73 of 1000: Training 5 Clients ---
--- Round 74 of 1000: Training 5 Clients ---
--- Round 75 of 1000: Training 5 Clients ---
--- Round 76 of 1000: Training 5 Clients ---
--- Round 77 of 1000: Training 5 Clients ---
--- Round 78 of 1000: Training 5 Clients ---
--- Round 79 of 1000: Training 5 Clients ---
--- Round 80 of 1000: Training 5 Clients ---
train_accuracy: 0.0555611, 10th percentile: 0.0327801, 50th percentile: 0.0674847, 90th percentile 0.0895898
train_loss: 3.7023, 10th percentile: 3.57515, 50th percentile: 3.6599, 90th percentile 3.80848
test_accuracy: 0.0525056, 10th percentile: 0, 50th percentile: 0.0526316, 90th percentile 0.138916
test_loss: 3.70128, 10th percentile: 3.42518, 50th percentile: 3.67907, 90th percentile 3.90949
--- Round 81 of 1000: Training 5 Clients ---
--- Round 82 of 1000: Training 5 Clients ---
--- Round 83 of 1000: Training 5 Clients ---
--- Round 84 of 1000: Training 5 Clients ---
--- Round 85 of 1000: Training 5 Clients ---
--- Round 86 of 1000: Training 5 Clients ---
--- Round 87 of 1000: Training 5 Clients ---
--- Round 88 of 1000: Training 5 Clients ---
--- Round 89 of 1000: Training 5 Clients ---
--- Round 90 of 1000: Training 5 Clients ---
--- Round 91 of 1000: Training 5 Clients ---
--- Round 92 of 1000: Training 5 Clients ---
--- Round 93 of 1000: Training 5 Clients ---
--- Round 94 of 1000: Training 5 Clients ---
--- Round 95 of 1000: Training 5 Clients ---
--- Round 96 of 1000: Training 5 Clients ---
--- Round 97 of 1000: Training 5 Clients ---
--- Round 98 of 1000: Training 5 Clients ---
--- Round 99 of 1000: Training 5 Clients ---
--- Round 100 of 1000: Training 5 Clients ---
train_accuracy: 0.0346709, 10th percentile: 0, 50th percentile: 0.00684932, 90th percentile 0.0821637
train_loss: 3.78525, 10th percentile: 3.66234, 50th percentile: 3.82157, 90th percentile 3.89124
test_accuracy: 0.031765, 10th percentile: 0, 50th percentile: 0, 90th percentile 0.0857143
test_loss: 3.78034, 10th percentile: 3.5805, 50th percentile: 3.78238, 90th percentile 4.00063
--- Round 101 of 1000: Training 5 Clients ---
--- Round 102 of 1000: Training 5 Clients ---
--- Round 103 of 1000: Training 5 Clients ---
--- Round 104 of 1000: Training 5 Clients ---
--- Round 105 of 1000: Training 5 Clients ---
--- Round 106 of 1000: Training 5 Clients ---
--- Round 107 of 1000: Training 5 Clients ---
--- Round 108 of 1000: Training 5 Clients ---
--- Round 109 of 1000: Training 5 Clients ---
--- Round 110 of 1000: Training 5 Clients ---
--- Round 111 of 1000: Training 5 Clients ---
--- Round 112 of 1000: Training 5 Clients ---
--- Round 113 of 1000: Training 5 Clients ---
--- Round 114 of 1000: Training 5 Clients ---
--- Round 115 of 1000: Training 5 Clients ---
--- Round 116 of 1000: Training 5 Clients ---
--- Round 117 of 1000: Training 5 Clients ---
--- Round 118 of 1000: Training 5 Clients ---
--- Round 119 of 1000: Training 5 Clients ---
--- Round 120 of 1000: Training 5 Clients ---
train_accuracy: 0.0346709, 10th percentile: 0, 50th percentile: 0.00684932, 90th percentile 0.0821637
train_loss: 3.76377, 10th percentile: 3.70174, 50th percentile: 3.77136, 90th percentile 3.8253
test_accuracy: 0.031765, 10th percentile: 0, 50th percentile: 0, 90th percentile 0.0857143
test_loss: 3.75907, 10th percentile: 3.60497, 50th percentile: 3.75959, 90th percentile 3.94061
--- Round 121 of 1000: Training 5 Clients ---
--- Round 122 of 1000: Training 5 Clients ---
--- Round 123 of 1000: Training 5 Clients ---
--- Round 124 of 1000: Training 5 Clients ---
--- Round 125 of 1000: Training 5 Clients ---
--- Round 126 of 1000: Training 5 Clients ---
--- Round 127 of 1000: Training 5 Clients ---
--- Round 128 of 1000: Training 5 Clients ---
--- Round 129 of 1000: Training 5 Clients ---
--- Round 130 of 1000: Training 5 Clients ---
--- Round 131 of 1000: Training 5 Clients ---
--- Round 132 of 1000: Training 5 Clients ---
--- Round 133 of 1000: Training 5 Clients ---
--- Round 134 of 1000: Training 5 Clients ---
--- Round 135 of 1000: Training 5 Clients ---
--- Round 136 of 1000: Training 5 Clients ---
--- Round 137 of 1000: Training 5 Clients ---
--- Round 138 of 1000: Training 5 Clients ---
--- Round 139 of 1000: Training 5 Clients ---
--- Round 140 of 1000: Training 5 Clients ---
train_accuracy: 0.0555611, 10th percentile: 0.0327801, 50th percentile: 0.0674847, 90th percentile 0.0895898
train_loss: 3.75116, 10th percentile: 3.45677, 50th percentile: 3.54433, 90th percentile 4.00385
test_accuracy: 0.0525056, 10th percentile: 0, 50th percentile: 0.0526316, 90th percentile 0.138916
test_loss: 3.75297, 10th percentile: 3.30441, 50th percentile: 3.65691, 90th percentile 4.04928
--- Round 141 of 1000: Training 5 Clients ---
--- Round 142 of 1000: Training 5 Clients ---
--- Round 143 of 1000: Training 5 Clients ---
--- Round 144 of 1000: Training 5 Clients ---
--- Round 145 of 1000: Training 5 Clients ---
--- Round 146 of 1000: Training 5 Clients ---
--- Round 147 of 1000: Training 5 Clients ---
--- Round 148 of 1000: Training 5 Clients ---
--- Round 149 of 1000: Training 5 Clients ---
--- Round 150 of 1000: Training 5 Clients ---
--- Round 151 of 1000: Training 5 Clients ---
--- Round 152 of 1000: Training 5 Clients ---
--- Round 153 of 1000: Training 5 Clients ---
--- Round 154 of 1000: Training 5 Clients ---
--- Round 155 of 1000: Training 5 Clients ---
--- Round 156 of 1000: Training 5 Clients ---
--- Round 157 of 1000: Training 5 Clients ---
--- Round 158 of 1000: Training 5 Clients ---
--- Round 159 of 1000: Training 5 Clients ---
--- Round 160 of 1000: Training 5 Clients ---
train_accuracy: 0.0503626, 10th percentile: 0.0301032, 50th percentile: 0.0598291, 90th percentile 0.0814815
train_loss: 3.72184, 10th percentile: 3.47119, 50th percentile: 3.561, 90th percentile 3.93232
test_accuracy: 0.051, 10th percentile: 0, 50th percentile: 0.0555556, 90th percentile 0.126667
test_loss: 3.72295, 10th percentile: 3.31898, 50th percentile: 3.64701, 90th percentile 4.00694
--- Round 161 of 1000: Training 5 Clients ---
--- Round 162 of 1000: Training 5 Clients ---
--- Round 163 of 1000: Training 5 Clients ---
--- Round 164 of 1000: Training 5 Clients ---
--- Round 165 of 1000: Training 5 Clients ---
--- Round 166 of 1000: Training 5 Clients ---
--- Round 167 of 1000: Training 5 Clients ---
--- Round 168 of 1000: Training 5 Clients ---
--- Round 169 of 1000: Training 5 Clients ---
--- Round 170 of 1000: Training 5 Clients ---
--- Round 171 of 1000: Training 5 Clients ---
--- Round 172 of 1000: Training 5 Clients ---
--- Round 173 of 1000: Training 5 Clients ---
--- Round 174 of 1000: Training 5 Clients ---
--- Round 175 of 1000: Training 5 Clients ---
--- Round 176 of 1000: Training 5 Clients ---
--- Round 177 of 1000: Training 5 Clients ---
--- Round 178 of 1000: Training 5 Clients ---
--- Round 179 of 1000: Training 5 Clients ---
--- Round 180 of 1000: Training 5 Clients ---
train_accuracy: 0.0503626, 10th percentile: 0.0301032, 50th percentile: 0.0598291, 90th percentile 0.0814815
train_loss: 3.77653, 10th percentile: 3.37343, 50th percentile: 3.49455, 90th percentile 4.11546
test_accuracy: 0.051, 10th percentile: 0, 50th percentile: 0.0555556, 90th percentile 0.126667
test_loss: 3.77701, 10th percentile: 3.18818, 50th percentile: 3.64406, 90th percentile 4.17828
--- Round 181 of 1000: Training 5 Clients ---
--- Round 182 of 1000: Training 5 Clients ---
--- Round 183 of 1000: Training 5 Clients ---
--- Round 184 of 1000: Training 5 Clients ---
--- Round 185 of 1000: Training 5 Clients ---
--- Round 186 of 1000: Training 5 Clients ---
--- Round 187 of 1000: Training 5 Clients ---
--- Round 188 of 1000: Training 5 Clients ---
--- Round 189 of 1000: Training 5 Clients ---
--- Round 190 of 1000: Training 5 Clients ---
--- Round 191 of 1000: Training 5 Clients ---
--- Round 192 of 1000: Training 5 Clients ---
--- Round 193 of 1000: Training 5 Clients ---
--- Round 194 of 1000: Training 5 Clients ---
--- Round 195 of 1000: Training 5 Clients ---
--- Round 196 of 1000: Training 5 Clients ---
--- Round 197 of 1000: Training 5 Clients ---
--- Round 198 of 1000: Training 5 Clients ---
--- Round 199 of 1000: Training 5 Clients ---
--- Round 200 of 1000: Training 5 Clients ---
train_accuracy: 0.0346709, 10th percentile: 0, 50th percentile: 0.00684932, 90th percentile 0.0821637
train_loss: 3.76852, 10th percentile: 3.69522, 50th percentile: 3.78002, 90th percentile 3.84221
test_accuracy: 0.031765, 10th percentile: 0, 50th percentile: 0, 90th percentile 0.0857143
test_loss: 3.76412, 10th percentile: 3.5973, 50th percentile: 3.76306, 90th percentile 3.9395
--- Round 201 of 1000: Training 5 Clients ---
--- Round 202 of 1000: Training 5 Clients ---
--- Round 203 of 1000: Training 5 Clients ---
--- Round 204 of 1000: Training 5 Clients ---
--- Round 205 of 1000: Training 5 Clients ---
--- Round 206 of 1000: Training 5 Clients ---
--- Round 207 of 1000: Training 5 Clients ---
--- Round 208 of 1000: Training 5 Clients ---
--- Round 209 of 1000: Training 5 Clients ---
--- Round 210 of 1000: Training 5 Clients ---
--- Round 211 of 1000: Training 5 Clients ---
--- Round 212 of 1000: Training 5 Clients ---
--- Round 213 of 1000: Training 5 Clients ---
--- Round 214 of 1000: Training 5 Clients ---
--- Round 215 of 1000: Training 5 Clients ---
--- Round 216 of 1000: Training 5 Clients ---
--- Round 217 of 1000: Training 5 Clients ---
--- Round 218 of 1000: Training 5 Clients ---
--- Round 219 of 1000: Training 5 Clients ---
--- Round 220 of 1000: Training 5 Clients ---
train_accuracy: 0.0346709, 10th percentile: 0, 50th percentile: 0.00684932, 90th percentile 0.0821637
train_loss: 3.73498, 10th percentile: 3.65122, 50th percentile: 3.72785, 90th percentile 3.83119
test_accuracy: 0.031765, 10th percentile: 0, 50th percentile: 0, 90th percentile 0.0857143
test_loss: 3.73129, 10th percentile: 3.53508, 50th percentile: 3.73034, 90th percentile 3.94194
--- Round 221 of 1000: Training 5 Clients ---
--- Round 222 of 1000: Training 5 Clients ---
--- Round 223 of 1000: Training 5 Clients ---
--- Round 224 of 1000: Training 5 Clients ---
--- Round 225 of 1000: Training 5 Clients ---
--- Round 226 of 1000: Training 5 Clients ---
--- Round 227 of 1000: Training 5 Clients ---
--- Round 228 of 1000: Training 5 Clients ---
--- Round 229 of 1000: Training 5 Clients ---
--- Round 230 of 1000: Training 5 Clients ---
--- Round 231 of 1000: Training 5 Clients ---
--- Round 232 of 1000: Training 5 Clients ---
--- Round 233 of 1000: Training 5 Clients ---
--- Round 234 of 1000: Training 5 Clients ---
--- Round 235 of 1000: Training 5 Clients ---
--- Round 236 of 1000: Training 5 Clients ---
--- Round 237 of 1000: Training 5 Clients ---
--- Round 238 of 1000: Training 5 Clients ---
--- Round 239 of 1000: Training 5 Clients ---
--- Round 240 of 1000: Training 5 Clients ---
train_accuracy: 0.0555611, 10th percentile: 0.0327801, 50th percentile: 0.0674847, 90th percentile 0.0895898
train_loss: 3.71831, 10th percentile: 3.60334, 50th percentile: 3.67507, 90th percentile 3.8281
test_accuracy: 0.0525056, 10th percentile: 0, 50th percentile: 0.0526316, 90th percentile 0.138916
test_loss: 3.71699, 10th percentile: 3.47515, 50th percentile: 3.69352, 90th percentile 3.90952
--- Round 241 of 1000: Training 5 Clients ---
--- Round 242 of 1000: Training 5 Clients ---
--- Round 243 of 1000: Training 5 Clients ---
--- Round 244 of 1000: Training 5 Clients ---
--- Round 245 of 1000: Training 5 Clients ---
--- Round 246 of 1000: Training 5 Clients ---
--- Round 247 of 1000: Training 5 Clients ---
--- Round 248 of 1000: Training 5 Clients ---
--- Round 249 of 1000: Training 5 Clients ---
--- Round 250 of 1000: Training 5 Clients ---
--- Round 251 of 1000: Training 5 Clients ---
--- Round 252 of 1000: Training 5 Clients ---
--- Round 253 of 1000: Training 5 Clients ---
--- Round 254 of 1000: Training 5 Clients ---
--- Round 255 of 1000: Training 5 Clients ---
--- Round 256 of 1000: Training 5 Clients ---
--- Round 257 of 1000: Training 5 Clients ---
--- Round 258 of 1000: Training 5 Clients ---
--- Round 259 of 1000: Training 5 Clients ---
--- Round 260 of 1000: Training 5 Clients ---
train_accuracy: 0.0496386, 10th percentile: 0.0271904, 50th percentile: 0.0597015, 90th percentile 0.0793087
train_loss: 3.70677, 10th percentile: 3.55723, 50th percentile: 3.64516, 90th percentile 3.8437
test_accuracy: 0.0477662, 10th percentile: 0, 50th percentile: 0.0526316, 90th percentile 0.125
test_loss: 3.70375, 10th percentile: 3.4224, 50th percentile: 3.66739, 90th percentile 3.93361
--- Round 261 of 1000: Training 5 Clients ---
--- Round 262 of 1000: Training 5 Clients ---
--- Round 263 of 1000: Training 5 Clients ---
--- Round 264 of 1000: Training 5 Clients ---
--- Round 265 of 1000: Training 5 Clients ---
--- Round 266 of 1000: Training 5 Clients ---
--- Round 267 of 1000: Training 5 Clients ---
--- Round 268 of 1000: Training 5 Clients ---
--- Round 269 of 1000: Training 5 Clients ---
--- Round 270 of 1000: Training 5 Clients ---
--- Round 271 of 1000: Training 5 Clients ---
--- Round 272 of 1000: Training 5 Clients ---
--- Round 273 of 1000: Training 5 Clients ---
--- Round 274 of 1000: Training 5 Clients ---
--- Round 275 of 1000: Training 5 Clients ---
--- Round 276 of 1000: Training 5 Clients ---
--- Round 277 of 1000: Training 5 Clients ---
--- Round 278 of 1000: Training 5 Clients ---
--- Round 279 of 1000: Training 5 Clients ---
--- Round 280 of 1000: Training 5 Clients ---
train_accuracy: 0.0503626, 10th percentile: 0.0301032, 50th percentile: 0.0598291, 90th percentile 0.0814815
train_loss: 3.76606, 10th percentile: 3.3604, 50th percentile: 3.48532, 90th percentile 4.10915
test_accuracy: 0.051, 10th percentile: 0, 50th percentile: 0.0555556, 90th percentile 0.126667
test_loss: 3.76998, 10th percentile: 3.15124, 50th percentile: 3.61104, 90th percentile 4.18122
--- Round 281 of 1000: Training 5 Clients ---
--- Round 282 of 1000: Training 5 Clients ---
--- Round 283 of 1000: Training 5 Clients ---
--- Round 284 of 1000: Training 5 Clients ---
--- Round 285 of 1000: Training 5 Clients ---
--- Round 286 of 1000: Training 5 Clients ---
--- Round 287 of 1000: Training 5 Clients ---
--- Round 288 of 1000: Training 5 Clients ---
--- Round 289 of 1000: Training 5 Clients ---
--- Round 290 of 1000: Training 5 Clients ---
--- Round 291 of 1000: Training 5 Clients ---
--- Round 292 of 1000: Training 5 Clients ---
--- Round 293 of 1000: Training 5 Clients ---
--- Round 294 of 1000: Training 5 Clients ---
--- Round 295 of 1000: Training 5 Clients ---
--- Round 296 of 1000: Training 5 Clients ---
--- Round 297 of 1000: Training 5 Clients ---
--- Round 298 of 1000: Training 5 Clients ---
--- Round 299 of 1000: Training 5 Clients ---
--- Round 300 of 1000: Training 5 Clients ---
train_accuracy: 0.0358119, 10th percentile: 0, 50th percentile: 0.00757576, 90th percentile 0.0661279
train_loss: 3.72146, 10th percentile: 3.6471, 50th percentile: 3.70624, 90th percentile 3.79965
test_accuracy: 0.0352155, 10th percentile: 0, 50th percentile: 0, 90th percentile 0.0909091
test_loss: 3.71676, 10th percentile: 3.51751, 50th percentile: 3.70378, 90th percentile 3.92308
--- Round 301 of 1000: Training 5 Clients ---
--- Round 302 of 1000: Training 5 Clients ---
--- Round 303 of 1000: Training 5 Clients ---
--- Round 304 of 1000: Training 5 Clients ---
--- Round 305 of 1000: Training 5 Clients ---
--- Round 306 of 1000: Training 5 Clients ---
--- Round 307 of 1000: Training 5 Clients ---
--- Round 308 of 1000: Training 5 Clients ---
--- Round 309 of 1000: Training 5 Clients ---
--- Round 310 of 1000: Training 5 Clients ---
--- Round 311 of 1000: Training 5 Clients ---
--- Round 312 of 1000: Training 5 Clients ---
--- Round 313 of 1000: Training 5 Clients ---
--- Round 314 of 1000: Training 5 Clients ---
--- Round 315 of 1000: Training 5 Clients ---
--- Round 316 of 1000: Training 5 Clients ---
--- Round 317 of 1000: Training 5 Clients ---
--- Round 318 of 1000: Training 5 Clients ---
--- Round 319 of 1000: Training 5 Clients ---
--- Round 320 of 1000: Training 5 Clients ---
train_accuracy: 0.0358119, 10th percentile: 0, 50th percentile: 0.00757576, 90th percentile 0.0661279
train_loss: 3.75682, 10th percentile: 3.67514, 50th percentile: 3.77491, 90th percentile 3.84037
test_accuracy: 0.0352155, 10th percentile: 0, 50th percentile: 0, 90th percentile 0.0909091
test_loss: 3.7515, 10th percentile: 3.55477, 50th percentile: 3.74474, 90th percentile 3.98181
--- Round 321 of 1000: Training 5 Clients ---
--- Round 322 of 1000: Training 5 Clients ---
--- Round 323 of 1000: Training 5 Clients ---
--- Round 324 of 1000: Training 5 Clients ---
--- Round 325 of 1000: Training 5 Clients ---
--- Round 326 of 1000: Training 5 Clients ---
--- Round 327 of 1000: Training 5 Clients ---
--- Round 328 of 1000: Training 5 Clients ---
--- Round 329 of 1000: Training 5 Clients ---
--- Round 330 of 1000: Training 5 Clients ---
--- Round 331 of 1000: Training 5 Clients ---
--- Round 332 of 1000: Training 5 Clients ---
--- Round 333 of 1000: Training 5 Clients ---
--- Round 334 of 1000: Training 5 Clients ---
--- Round 335 of 1000: Training 5 Clients ---
--- Round 336 of 1000: Training 5 Clients ---
--- Round 337 of 1000: Training 5 Clients ---
--- Round 338 of 1000: Training 5 Clients ---
--- Round 339 of 1000: Training 5 Clients ---
--- Round 340 of 1000: Training 5 Clients ---
train_accuracy: 0.0555611, 10th percentile: 0.0327801, 50th percentile: 0.0674847, 90th percentile 0.0895898
train_loss: 3.71579, 10th percentile: 3.53909, 50th percentile: 3.61789, 90th percentile 3.86293
test_accuracy: 0.0525056, 10th percentile: 0, 50th percentile: 0.0526316, 90th percentile 0.138916
test_loss: 3.71306, 10th percentile: 3.39316, 50th percentile: 3.67375, 90th percentile 3.93032
--- Round 341 of 1000: Training 5 Clients ---
--- Round 342 of 1000: Training 5 Clients ---
--- Round 343 of 1000: Training 5 Clients ---
--- Round 344 of 1000: Training 5 Clients ---
--- Round 345 of 1000: Training 5 Clients ---
--- Round 346 of 1000: Training 5 Clients ---
--- Round 347 of 1000: Training 5 Clients ---
--- Round 348 of 1000: Training 5 Clients ---
--- Round 349 of 1000: Training 5 Clients ---
--- Round 350 of 1000: Training 5 Clients ---
--- Round 351 of 1000: Training 5 Clients ---
--- Round 352 of 1000: Training 5 Clients ---
--- Round 353 of 1000: Training 5 Clients ---
--- Round 354 of 1000: Training 5 Clients ---
--- Round 355 of 1000: Training 5 Clients ---
--- Round 356 of 1000: Training 5 Clients ---
--- Round 357 of 1000: Training 5 Clients ---
--- Round 358 of 1000: Training 5 Clients ---
--- Round 359 of 1000: Training 5 Clients ---
--- Round 360 of 1000: Training 5 Clients ---
train_accuracy: 0.0358119, 10th percentile: 0, 50th percentile: 0.00757576, 90th percentile 0.0661279
train_loss: 3.76091, 10th percentile: 3.69153, 50th percentile: 3.76942, 90th percentile 3.82651
test_accuracy: 0.0352155, 10th percentile: 0, 50th percentile: 0, 90th percentile 0.0909091
test_loss: 3.75599, 10th percentile: 3.58022, 50th percentile: 3.75807, 90th percentile 3.92685
--- Round 361 of 1000: Training 5 Clients ---
--- Round 362 of 1000: Training 5 Clients ---
--- Round 363 of 1000: Training 5 Clients ---
--- Round 364 of 1000: Training 5 Clients ---
--- Round 365 of 1000: Training 5 Clients ---
--- Round 366 of 1000: Training 5 Clients ---
--- Round 367 of 1000: Training 5 Clients ---
--- Round 368 of 1000: Training 5 Clients ---
--- Round 369 of 1000: Training 5 Clients ---
--- Round 370 of 1000: Training 5 Clients ---
--- Round 371 of 1000: Training 5 Clients ---
--- Round 372 of 1000: Training 5 Clients ---
--- Round 373 of 1000: Training 5 Clients ---
--- Round 374 of 1000: Training 5 Clients ---
--- Round 375 of 1000: Training 5 Clients ---
--- Round 376 of 1000: Training 5 Clients ---
--- Round 377 of 1000: Training 5 Clients ---
--- Round 378 of 1000: Training 5 Clients ---
--- Round 379 of 1000: Training 5 Clients ---
--- Round 380 of 1000: Training 5 Clients ---
train_accuracy: 0.0555611, 10th percentile: 0.0327801, 50th percentile: 0.0674847, 90th percentile 0.0895898
train_loss: 3.78772, 10th percentile: 3.36339, 50th percentile: 3.48002, 90th percentile 4.15203
test_accuracy: 0.0525056, 10th percentile: 0, 50th percentile: 0.0526316, 90th percentile 0.138916
test_loss: 3.79098, 10th percentile: 3.16906, 50th percentile: 3.62596, 90th percentile 4.21681
--- Round 381 of 1000: Training 5 Clients ---
--- Round 382 of 1000: Training 5 Clients ---
--- Round 383 of 1000: Training 5 Clients ---
--- Round 384 of 1000: Training 5 Clients ---
--- Round 385 of 1000: Training 5 Clients ---
--- Round 386 of 1000: Training 5 Clients ---
--- Round 387 of 1000: Training 5 Clients ---
--- Round 388 of 1000: Training 5 Clients ---
--- Round 389 of 1000: Training 5 Clients ---
--- Round 390 of 1000: Training 5 Clients ---
--- Round 391 of 1000: Training 5 Clients ---
--- Round 392 of 1000: Training 5 Clients ---
--- Round 393 of 1000: Training 5 Clients ---
--- Round 394 of 1000: Training 5 Clients ---
--- Round 395 of 1000: Training 5 Clients ---
--- Round 396 of 1000: Training 5 Clients ---
--- Round 397 of 1000: Training 5 Clients ---
--- Round 398 of 1000: Training 5 Clients ---
--- Round 399 of 1000: Training 5 Clients ---
--- Round 400 of 1000: Training 5 Clients ---
train_accuracy: 0.0555611, 10th percentile: 0.0327801, 50th percentile: 0.0674847, 90th percentile 0.0895898
train_loss: 3.7697, 10th percentile: 3.51495, 50th percentile: 3.59532, 90th percentile 3.98922
test_accuracy: 0.0525056, 10th percentile: 0, 50th percentile: 0.0526316, 90th percentile 0.138916
test_loss: 3.76898, 10th percentile: 3.39327, 50th percentile: 3.69221, 90th percentile 4.02058
--- Round 401 of 1000: Training 5 Clients ---
--- Round 402 of 1000: Training 5 Clients ---
--- Round 403 of 1000: Training 5 Clients ---
--- Round 404 of 1000: Training 5 Clients ---
--- Round 405 of 1000: Training 5 Clients ---
--- Round 406 of 1000: Training 5 Clients ---
--- Round 407 of 1000: Training 5 Clients ---
--- Round 408 of 1000: Training 5 Clients ---
--- Round 409 of 1000: Training 5 Clients ---
--- Round 410 of 1000: Training 5 Clients ---
--- Round 411 of 1000: Training 5 Clients ---
--- Round 412 of 1000: Training 5 Clients ---
--- Round 413 of 1000: Training 5 Clients ---
--- Round 414 of 1000: Training 5 Clients ---
--- Round 415 of 1000: Training 5 Clients ---
--- Round 416 of 1000: Training 5 Clients ---
--- Round 417 of 1000: Training 5 Clients ---
--- Round 418 of 1000: Training 5 Clients ---
--- Round 419 of 1000: Training 5 Clients ---
--- Round 420 of 1000: Training 5 Clients ---
train_accuracy: 0.0555611, 10th percentile: 0.0327801, 50th percentile: 0.0674847, 90th percentile 0.0895898
train_loss: 3.7292, 10th percentile: 3.50629, 50th percentile: 3.59021, 90th percentile 3.91354
test_accuracy: 0.0525056, 10th percentile: 0, 50th percentile: 0.0526316, 90th percentile 0.138916
test_loss: 3.72871, 10th percentile: 3.35503, 50th percentile: 3.66518, 90th percentile 3.9667
--- Round 421 of 1000: Training 5 Clients ---
--- Round 422 of 1000: Training 5 Clients ---
--- Round 423 of 1000: Training 5 Clients ---
--- Round 424 of 1000: Training 5 Clients ---
--- Round 425 of 1000: Training 5 Clients ---
--- Round 426 of 1000: Training 5 Clients ---
--- Round 427 of 1000: Training 5 Clients ---
--- Round 428 of 1000: Training 5 Clients ---
--- Round 429 of 1000: Training 5 Clients ---
--- Round 430 of 1000: Training 5 Clients ---
--- Round 431 of 1000: Training 5 Clients ---
--- Round 432 of 1000: Training 5 Clients ---
--- Round 433 of 1000: Training 5 Clients ---
--- Round 434 of 1000: Training 5 Clients ---
--- Round 435 of 1000: Training 5 Clients ---
--- Round 436 of 1000: Training 5 Clients ---
--- Round 437 of 1000: Training 5 Clients ---
--- Round 438 of 1000: Training 5 Clients ---
--- Round 439 of 1000: Training 5 Clients ---
--- Round 440 of 1000: Training 5 Clients ---
train_accuracy: 0.0555611, 10th percentile: 0.0327801, 50th percentile: 0.0674847, 90th percentile 0.0895898
train_loss: 3.71192, 10th percentile: 3.59513, 50th percentile: 3.67105, 90th percentile 3.80401
test_accuracy: 0.0525056, 10th percentile: 0, 50th percentile: 0.0526316, 90th percentile 0.138916
test_loss: 3.70833, 10th percentile: 3.44987, 50th percentile: 3.69337, 90th percentile 3.90144
--- Round 441 of 1000: Training 5 Clients ---
--- Round 442 of 1000: Training 5 Clients ---
--- Round 443 of 1000: Training 5 Clients ---
--- Round 444 of 1000: Training 5 Clients ---
--- Round 445 of 1000: Training 5 Clients ---
--- Round 446 of 1000: Training 5 Clients ---
--- Round 447 of 1000: Training 5 Clients ---
--- Round 448 of 1000: Training 5 Clients ---
--- Round 449 of 1000: Training 5 Clients ---
--- Round 450 of 1000: Training 5 Clients ---
--- Round 451 of 1000: Training 5 Clients ---
--- Round 452 of 1000: Training 5 Clients ---
--- Round 453 of 1000: Training 5 Clients ---
--- Round 454 of 1000: Training 5 Clients ---
--- Round 455 of 1000: Training 5 Clients ---
--- Round 456 of 1000: Training 5 Clients ---
--- Round 457 of 1000: Training 5 Clients ---
--- Round 458 of 1000: Training 5 Clients ---
--- Round 459 of 1000: Training 5 Clients ---
--- Round 460 of 1000: Training 5 Clients ---
train_accuracy: 0.0555611, 10th percentile: 0.0327801, 50th percentile: 0.0674847, 90th percentile 0.0895898
train_loss: 3.71333, 10th percentile: 3.60566, 50th percentile: 3.67791, 90th percentile 3.80541
test_accuracy: 0.0525056, 10th percentile: 0, 50th percentile: 0.0526316, 90th percentile 0.138916
test_loss: 3.70924, 10th percentile: 3.47149, 50th percentile: 3.68354, 90th percentile 3.90477
--- Round 461 of 1000: Training 5 Clients ---
--- Round 462 of 1000: Training 5 Clients ---
--- Round 463 of 1000: Training 5 Clients ---
--- Round 464 of 1000: Training 5 Clients ---
--- Round 465 of 1000: Training 5 Clients ---
--- Round 466 of 1000: Training 5 Clients ---
--- Round 467 of 1000: Training 5 Clients ---
--- Round 468 of 1000: Training 5 Clients ---
--- Round 469 of 1000: Training 5 Clients ---
--- Round 470 of 1000: Training 5 Clients ---
--- Round 471 of 1000: Training 5 Clients ---
--- Round 472 of 1000: Training 5 Clients ---
--- Round 473 of 1000: Training 5 Clients ---
--- Round 474 of 1000: Training 5 Clients ---
--- Round 475 of 1000: Training 5 Clients ---
--- Round 476 of 1000: Training 5 Clients ---
--- Round 477 of 1000: Training 5 Clients ---
--- Round 478 of 1000: Training 5 Clients ---
--- Round 479 of 1000: Training 5 Clients ---
--- Round 480 of 1000: Training 5 Clients ---
train_accuracy: 0.0555611, 10th percentile: 0.0327801, 50th percentile: 0.0674847, 90th percentile 0.0895898
train_loss: 3.71771, 10th percentile: 3.54374, 50th percentile: 3.62655, 90th percentile 3.8707
test_accuracy: 0.0525056, 10th percentile: 0, 50th percentile: 0.0526316, 90th percentile 0.138916
test_loss: 3.71516, 10th percentile: 3.42432, 50th percentile: 3.67988, 90th percentile 3.93348
--- Round 481 of 1000: Training 5 Clients ---
--- Round 482 of 1000: Training 5 Clients ---
--- Round 483 of 1000: Training 5 Clients ---
--- Round 484 of 1000: Training 5 Clients ---
--- Round 485 of 1000: Training 5 Clients ---
--- Round 486 of 1000: Training 5 Clients ---
--- Round 487 of 1000: Training 5 Clients ---
--- Round 488 of 1000: Training 5 Clients ---
--- Round 489 of 1000: Training 5 Clients ---
--- Round 490 of 1000: Training 5 Clients ---
--- Round 491 of 1000: Training 5 Clients ---
--- Round 492 of 1000: Training 5 Clients ---
--- Round 493 of 1000: Training 5 Clients ---
--- Round 494 of 1000: Training 5 Clients ---
--- Round 495 of 1000: Training 5 Clients ---
--- Round 496 of 1000: Training 5 Clients ---
--- Round 497 of 1000: Training 5 Clients ---
--- Round 498 of 1000: Training 5 Clients ---
--- Round 499 of 1000: Training 5 Clients ---
--- Round 500 of 1000: Training 5 Clients ---
train_accuracy: 0.0358119, 10th percentile: 0, 50th percentile: 0.00757576, 90th percentile 0.0661279
train_loss: 3.72749, 10th percentile: 3.65905, 50th percentile: 3.72201, 90th percentile 3.80372
test_accuracy: 0.0352155, 10th percentile: 0, 50th percentile: 0, 90th percentile 0.0909091
test_loss: 3.7239, 10th percentile: 3.52069, 50th percentile: 3.7234, 90th percentile 3.94102
--- Round 501 of 1000: Training 5 Clients ---
--- Round 502 of 1000: Training 5 Clients ---
--- Round 503 of 1000: Training 5 Clients ---
--- Round 504 of 1000: Training 5 Clients ---
--- Round 505 of 1000: Training 5 Clients ---
--- Round 506 of 1000: Training 5 Clients ---
--- Round 507 of 1000: Training 5 Clients ---
--- Round 508 of 1000: Training 5 Clients ---
--- Round 509 of 1000: Training 5 Clients ---
--- Round 510 of 1000: Training 5 Clients ---
--- Round 511 of 1000: Training 5 Clients ---
--- Round 512 of 1000: Training 5 Clients ---
--- Round 513 of 1000: Training 5 Clients ---
--- Round 514 of 1000: Training 5 Clients ---
--- Round 515 of 1000: Training 5 Clients ---
--- Round 516 of 1000: Training 5 Clients ---
--- Round 517 of 1000: Training 5 Clients ---
--- Round 518 of 1000: Training 5 Clients ---
--- Round 519 of 1000: Training 5 Clients ---
--- Round 520 of 1000: Training 5 Clients ---
train_accuracy: 0.0346709, 10th percentile: 0, 50th percentile: 0.00684932, 90th percentile 0.0821637
train_loss: 3.75372, 10th percentile: 3.67172, 50th percentile: 3.75915, 90th percentile 3.84327
test_accuracy: 0.031765, 10th percentile: 0, 50th percentile: 0, 90th percentile 0.0857143
test_loss: 3.74658, 10th percentile: 3.56233, 50th percentile: 3.74263, 90th percentile 3.94128
--- Round 521 of 1000: Training 5 Clients ---
--- Round 522 of 1000: Training 5 Clients ---
--- Round 523 of 1000: Training 5 Clients ---
--- Round 524 of 1000: Training 5 Clients ---
--- Round 525 of 1000: Training 5 Clients ---
--- Round 526 of 1000: Training 5 Clients ---
--- Round 527 of 1000: Training 5 Clients ---
--- Round 528 of 1000: Training 5 Clients ---
--- Round 529 of 1000: Training 5 Clients ---
--- Round 530 of 1000: Training 5 Clients ---
--- Round 531 of 1000: Training 5 Clients ---
--- Round 532 of 1000: Training 5 Clients ---
--- Round 533 of 1000: Training 5 Clients ---
--- Round 534 of 1000: Training 5 Clients ---
--- Round 535 of 1000: Training 5 Clients ---
--- Round 536 of 1000: Training 5 Clients ---
--- Round 537 of 1000: Training 5 Clients ---
--- Round 538 of 1000: Training 5 Clients ---
--- Round 539 of 1000: Training 5 Clients ---
--- Round 540 of 1000: Training 5 Clients ---
train_accuracy: 0.0487519, 10th percentile: 0.0254929, 50th percentile: 0.0570175, 90th percentile 0.0822091
train_loss: 3.70635, 10th percentile: 3.53916, 50th percentile: 3.62655, 90th percentile 3.84038
test_accuracy: 0.0485883, 10th percentile: 0, 50th percentile: 0.0526316, 90th percentile 0.119118
test_loss: 3.70351, 10th percentile: 3.39826, 50th percentile: 3.67785, 90th percentile 3.92342
--- Round 541 of 1000: Training 5 Clients ---
--- Round 542 of 1000: Training 5 Clients ---
--- Round 543 of 1000: Training 5 Clients ---
--- Round 544 of 1000: Training 5 Clients ---
--- Round 545 of 1000: Training 5 Clients ---
--- Round 546 of 1000: Training 5 Clients ---
--- Round 547 of 1000: Training 5 Clients ---
--- Round 548 of 1000: Training 5 Clients ---
--- Round 549 of 1000: Training 5 Clients ---
--- Round 550 of 1000: Training 5 Clients ---
--- Round 551 of 1000: Training 5 Clients ---
--- Round 552 of 1000: Training 5 Clients ---
--- Round 553 of 1000: Training 5 Clients ---
--- Round 554 of 1000: Training 5 Clients ---
--- Round 555 of 1000: Training 5 Clients ---
--- Round 556 of 1000: Training 5 Clients ---
--- Round 557 of 1000: Training 5 Clients ---
--- Round 558 of 1000: Training 5 Clients ---
--- Round 559 of 1000: Training 5 Clients ---
--- Round 560 of 1000: Training 5 Clients ---
train_accuracy: 0.0487519, 10th percentile: 0.0254929, 50th percentile: 0.0570175, 90th percentile 0.0822091
train_loss: 3.73184, 10th percentile: 3.51345, 50th percentile: 3.59744, 90th percentile 3.91693
test_accuracy: 0.0485883, 10th percentile: 0, 50th percentile: 0.0526316, 90th percentile 0.119118
test_loss: 3.73097, 10th percentile: 3.37899, 50th percentile: 3.65467, 90th percentile 3.97505
--- Round 561 of 1000: Training 5 Clients ---
--- Round 562 of 1000: Training 5 Clients ---
--- Round 563 of 1000: Training 5 Clients ---
--- Round 564 of 1000: Training 5 Clients ---
--- Round 565 of 1000: Training 5 Clients ---
--- Round 566 of 1000: Training 5 Clients ---
--- Round 567 of 1000: Training 5 Clients ---
--- Round 568 of 1000: Training 5 Clients ---
--- Round 569 of 1000: Training 5 Clients ---
--- Round 570 of 1000: Training 5 Clients ---
--- Round 571 of 1000: Training 5 Clients ---
--- Round 572 of 1000: Training 5 Clients ---
--- Round 573 of 1000: Training 5 Clients ---
--- Round 574 of 1000: Training 5 Clients ---
--- Round 575 of 1000: Training 5 Clients ---
--- Round 576 of 1000: Training 5 Clients ---
--- Round 577 of 1000: Training 5 Clients ---
--- Round 578 of 1000: Training 5 Clients ---
--- Round 579 of 1000: Training 5 Clients ---
--- Round 580 of 1000: Training 5 Clients ---
train_accuracy: 0.0555611, 10th percentile: 0.0327801, 50th percentile: 0.0674847, 90th percentile 0.0895898
train_loss: 3.70652, 10th percentile: 3.54322, 50th percentile: 3.62825, 90th percentile 3.84377
test_accuracy: 0.0525056, 10th percentile: 0, 50th percentile: 0.0526316, 90th percentile 0.138916
test_loss: 3.70388, 10th percentile: 3.40608, 50th percentile: 3.67396, 90th percentile 3.92158
--- Round 581 of 1000: Training 5 Clients ---
--- Round 582 of 1000: Training 5 Clients ---
--- Round 583 of 1000: Training 5 Clients ---
--- Round 584 of 1000: Training 5 Clients ---
--- Round 585 of 1000: Training 5 Clients ---
--- Round 586 of 1000: Training 5 Clients ---
--- Round 587 of 1000: Training 5 Clients ---
--- Round 588 of 1000: Training 5 Clients ---
--- Round 589 of 1000: Training 5 Clients ---
--- Round 590 of 1000: Training 5 Clients ---
--- Round 591 of 1000: Training 5 Clients ---
--- Round 592 of 1000: Training 5 Clients ---
--- Round 593 of 1000: Training 5 Clients ---
--- Round 594 of 1000: Training 5 Clients ---
--- Round 595 of 1000: Training 5 Clients ---
--- Round 596 of 1000: Training 5 Clients ---
--- Round 597 of 1000: Training 5 Clients ---
--- Round 598 of 1000: Training 5 Clients ---
--- Round 599 of 1000: Training 5 Clients ---
--- Round 600 of 1000: Training 5 Clients ---
train_accuracy: 0.0555611, 10th percentile: 0.0327801, 50th percentile: 0.0674847, 90th percentile 0.0895898
train_loss: 3.72758, 10th percentile: 3.65026, 50th percentile: 3.71086, 90th percentile 3.7998
test_accuracy: 0.0525056, 10th percentile: 0, 50th percentile: 0.0526316, 90th percentile 0.138916
test_loss: 3.7238, 10th percentile: 3.51161, 50th percentile: 3.70558, 90th percentile 3.91503
--- Round 601 of 1000: Training 5 Clients ---
--- Round 602 of 1000: Training 5 Clients ---
--- Round 603 of 1000: Training 5 Clients ---
--- Round 604 of 1000: Training 5 Clients ---
--- Round 605 of 1000: Training 5 Clients ---
--- Round 606 of 1000: Training 5 Clients ---
--- Round 607 of 1000: Training 5 Clients ---
--- Round 608 of 1000: Training 5 Clients ---
--- Round 609 of 1000: Training 5 Clients ---
--- Round 610 of 1000: Training 5 Clients ---
--- Round 611 of 1000: Training 5 Clients ---
--- Round 612 of 1000: Training 5 Clients ---
--- Round 613 of 1000: Training 5 Clients ---
--- Round 614 of 1000: Training 5 Clients ---
--- Round 615 of 1000: Training 5 Clients ---
--- Round 616 of 1000: Training 5 Clients ---
--- Round 617 of 1000: Training 5 Clients ---
--- Round 618 of 1000: Training 5 Clients ---
--- Round 619 of 1000: Training 5 Clients ---
--- Round 620 of 1000: Training 5 Clients ---
train_accuracy: 0.0358119, 10th percentile: 0, 50th percentile: 0.00757576, 90th percentile 0.0661279
train_loss: 3.72042, 10th percentile: 3.62515, 50th percentile: 3.69742, 90th percentile 3.78898
test_accuracy: 0.0352155, 10th percentile: 0, 50th percentile: 0, 90th percentile 0.0909091
test_loss: 3.71757, 10th percentile: 3.47008, 50th percentile: 3.69972, 90th percentile 3.91738
--- Round 621 of 1000: Training 5 Clients ---
--- Round 622 of 1000: Training 5 Clients ---
--- Round 623 of 1000: Training 5 Clients ---
--- Round 624 of 1000: Training 5 Clients ---
--- Round 625 of 1000: Training 5 Clients ---
--- Round 626 of 1000: Training 5 Clients ---
--- Round 627 of 1000: Training 5 Clients ---
--- Round 628 of 1000: Training 5 Clients ---
--- Round 629 of 1000: Training 5 Clients ---
--- Round 630 of 1000: Training 5 Clients ---
--- Round 631 of 1000: Training 5 Clients ---
--- Round 632 of 1000: Training 5 Clients ---
--- Round 633 of 1000: Training 5 Clients ---
--- Round 634 of 1000: Training 5 Clients ---
--- Round 635 of 1000: Training 5 Clients ---
--- Round 636 of 1000: Training 5 Clients ---
--- Round 637 of 1000: Training 5 Clients ---
--- Round 638 of 1000: Training 5 Clients ---
--- Round 639 of 1000: Training 5 Clients ---
--- Round 640 of 1000: Training 5 Clients ---
train_accuracy: 0.0358119, 10th percentile: 0, 50th percentile: 0.00757576, 90th percentile 0.0661279
train_loss: 3.76413, 10th percentile: 3.6861, 50th percentile: 3.78096, 90th percentile 3.84225
test_accuracy: 0.0352155, 10th percentile: 0, 50th percentile: 0, 90th percentile 0.0909091
test_loss: 3.75887, 10th percentile: 3.57485, 50th percentile: 3.75813, 90th percentile 3.96044
--- Round 641 of 1000: Training 5 Clients ---
--- Round 642 of 1000: Training 5 Clients ---
--- Round 643 of 1000: Training 5 Clients ---
--- Round 644 of 1000: Training 5 Clients ---
--- Round 645 of 1000: Training 5 Clients ---
--- Round 646 of 1000: Training 5 Clients ---
--- Round 647 of 1000: Training 5 Clients ---
--- Round 648 of 1000: Training 5 Clients ---
--- Round 649 of 1000: Training 5 Clients ---
--- Round 650 of 1000: Training 5 Clients ---
--- Round 651 of 1000: Training 5 Clients ---
--- Round 652 of 1000: Training 5 Clients ---
--- Round 653 of 1000: Training 5 Clients ---
--- Round 654 of 1000: Training 5 Clients ---
--- Round 655 of 1000: Training 5 Clients ---
--- Round 656 of 1000: Training 5 Clients ---
--- Round 657 of 1000: Training 5 Clients ---
--- Round 658 of 1000: Training 5 Clients ---
--- Round 659 of 1000: Training 5 Clients ---
--- Round 660 of 1000: Training 5 Clients ---
train_accuracy: 0.0503626, 10th percentile: 0.0301032, 50th percentile: 0.0598291, 90th percentile 0.0814815
train_loss: 3.74182, 10th percentile: 3.40336, 50th percentile: 3.50709, 90th percentile 4.02952
test_accuracy: 0.051, 10th percentile: 0, 50th percentile: 0.0555556, 90th percentile 0.126667
test_loss: 3.74216, 10th percentile: 3.22927, 50th percentile: 3.63304, 90th percentile 4.08849
--- Round 661 of 1000: Training 5 Clients ---
--- Round 662 of 1000: Training 5 Clients ---
--- Round 663 of 1000: Training 5 Clients ---
--- Round 664 of 1000: Training 5 Clients ---
--- Round 665 of 1000: Training 5 Clients ---
--- Round 666 of 1000: Training 5 Clients ---
--- Round 667 of 1000: Training 5 Clients ---
--- Round 668 of 1000: Training 5 Clients ---
--- Round 669 of 1000: Training 5 Clients ---
--- Round 670 of 1000: Training 5 Clients ---
--- Round 671 of 1000: Training 5 Clients ---
--- Round 672 of 1000: Training 5 Clients ---
--- Round 673 of 1000: Training 5 Clients ---
--- Round 674 of 1000: Training 5 Clients ---
--- Round 675 of 1000: Training 5 Clients ---
--- Round 676 of 1000: Training 5 Clients ---
--- Round 677 of 1000: Training 5 Clients ---
--- Round 678 of 1000: Training 5 Clients ---
--- Round 679 of 1000: Training 5 Clients ---
--- Round 680 of 1000: Training 5 Clients ---
train_accuracy: 0.0555611, 10th percentile: 0.0327801, 50th percentile: 0.0674847, 90th percentile 0.0895898
train_loss: 3.72767, 10th percentile: 3.65259, 50th percentile: 3.70937, 90th percentile 3.81756
test_accuracy: 0.0525056, 10th percentile: 0, 50th percentile: 0.0526316, 90th percentile 0.138916
test_loss: 3.72579, 10th percentile: 3.51204, 50th percentile: 3.71267, 90th percentile 3.92785
--- Round 681 of 1000: Training 5 Clients ---
--- Round 682 of 1000: Training 5 Clients ---
--- Round 683 of 1000: Training 5 Clients ---
--- Round 684 of 1000: Training 5 Clients ---
--- Round 685 of 1000: Training 5 Clients ---
--- Round 686 of 1000: Training 5 Clients ---
--- Round 687 of 1000: Training 5 Clients ---
--- Round 688 of 1000: Training 5 Clients ---
--- Round 689 of 1000: Training 5 Clients ---
--- Round 690 of 1000: Training 5 Clients ---
--- Round 691 of 1000: Training 5 Clients ---
--- Round 692 of 1000: Training 5 Clients ---
--- Round 693 of 1000: Training 5 Clients ---
--- Round 694 of 1000: Training 5 Clients ---
--- Round 695 of 1000: Training 5 Clients ---
--- Round 696 of 1000: Training 5 Clients ---
--- Round 697 of 1000: Training 5 Clients ---
--- Round 698 of 1000: Training 5 Clients ---
--- Round 699 of 1000: Training 5 Clients ---
--- Round 700 of 1000: Training 5 Clients ---
train_accuracy: 0.0555611, 10th percentile: 0.0327801, 50th percentile: 0.0674847, 90th percentile 0.0895898
train_loss: 3.76483, 10th percentile: 3.43835, 50th percentile: 3.53044, 90th percentile 4.04385
test_accuracy: 0.0525056, 10th percentile: 0, 50th percentile: 0.0526316, 90th percentile 0.138916
test_loss: 3.76553, 10th percentile: 3.27933, 50th percentile: 3.63972, 90th percentile 4.08022
--- Round 701 of 1000: Training 5 Clients ---
--- Round 702 of 1000: Training 5 Clients ---
--- Round 703 of 1000: Training 5 Clients ---
--- Round 704 of 1000: Training 5 Clients ---
--- Round 705 of 1000: Training 5 Clients ---
--- Round 706 of 1000: Training 5 Clients ---
--- Round 707 of 1000: Training 5 Clients ---
--- Round 708 of 1000: Training 5 Clients ---
--- Round 709 of 1000: Training 5 Clients ---
--- Round 710 of 1000: Training 5 Clients ---
--- Round 711 of 1000: Training 5 Clients ---
--- Round 712 of 1000: Training 5 Clients ---
--- Round 713 of 1000: Training 5 Clients ---
--- Round 714 of 1000: Training 5 Clients ---
--- Round 715 of 1000: Training 5 Clients ---
--- Round 716 of 1000: Training 5 Clients ---
--- Round 717 of 1000: Training 5 Clients ---
--- Round 718 of 1000: Training 5 Clients ---
--- Round 719 of 1000: Training 5 Clients ---
--- Round 720 of 1000: Training 5 Clients ---
train_accuracy: 0.0555611, 10th percentile: 0.0327801, 50th percentile: 0.0674847, 90th percentile 0.0895898
train_loss: 3.70936, 10th percentile: 3.50103, 50th percentile: 3.58811, 90th percentile 3.88269
test_accuracy: 0.0525056, 10th percentile: 0, 50th percentile: 0.0526316, 90th percentile 0.138916
test_loss: 3.70865, 10th percentile: 3.35109, 50th percentile: 3.6557, 90th percentile 3.94933
--- Round 721 of 1000: Training 5 Clients ---
--- Round 722 of 1000: Training 5 Clients ---
--- Round 723 of 1000: Training 5 Clients ---
--- Round 724 of 1000: Training 5 Clients ---
--- Round 725 of 1000: Training 5 Clients ---
--- Round 726 of 1000: Training 5 Clients ---
--- Round 727 of 1000: Training 5 Clients ---
--- Round 728 of 1000: Training 5 Clients ---
--- Round 729 of 1000: Training 5 Clients ---
--- Round 730 of 1000: Training 5 Clients ---
--- Round 731 of 1000: Training 5 Clients ---
--- Round 732 of 1000: Training 5 Clients ---
--- Round 733 of 1000: Training 5 Clients ---
--- Round 734 of 1000: Training 5 Clients ---
--- Round 735 of 1000: Training 5 Clients ---
--- Round 736 of 1000: Training 5 Clients ---
--- Round 737 of 1000: Training 5 Clients ---
--- Round 738 of 1000: Training 5 Clients ---
--- Round 739 of 1000: Training 5 Clients ---
--- Round 740 of 1000: Training 5 Clients ---
train_accuracy: 0.0555611, 10th percentile: 0.0327801, 50th percentile: 0.0674847, 90th percentile 0.0895898
train_loss: 3.69832, 10th percentile: 3.48982, 50th percentile: 3.58985, 90th percentile 3.86573
test_accuracy: 0.0525056, 10th percentile: 0, 50th percentile: 0.0526316, 90th percentile 0.138916
test_loss: 3.69937, 10th percentile: 3.34391, 50th percentile: 3.66191, 90th percentile 3.95405
--- Round 741 of 1000: Training 5 Clients ---
--- Round 742 of 1000: Training 5 Clients ---
--- Round 743 of 1000: Training 5 Clients ---
--- Round 744 of 1000: Training 5 Clients ---
--- Round 745 of 1000: Training 5 Clients ---
--- Round 746 of 1000: Training 5 Clients ---
--- Round 747 of 1000: Training 5 Clients ---
--- Round 748 of 1000: Training 5 Clients ---
--- Round 749 of 1000: Training 5 Clients ---
--- Round 750 of 1000: Training 5 Clients ---
--- Round 751 of 1000: Training 5 Clients ---
--- Round 752 of 1000: Training 5 Clients ---
--- Round 753 of 1000: Training 5 Clients ---
--- Round 754 of 1000: Training 5 Clients ---
--- Round 755 of 1000: Training 5 Clients ---
--- Round 756 of 1000: Training 5 Clients ---
--- Round 757 of 1000: Training 5 Clients ---
--- Round 758 of 1000: Training 5 Clients ---
--- Round 759 of 1000: Training 5 Clients ---
--- Round 760 of 1000: Training 5 Clients ---
train_accuracy: 0.0496386, 10th percentile: 0.0271904, 50th percentile: 0.0597015, 90th percentile 0.0793087
train_loss: 3.70195, 10th percentile: 3.42692, 50th percentile: 3.53765, 90th percentile 3.92635
test_accuracy: 0.0477662, 10th percentile: 0, 50th percentile: 0.0526316, 90th percentile 0.125
test_loss: 3.70194, 10th percentile: 3.27304, 50th percentile: 3.61003, 90th percentile 3.99662
--- Round 761 of 1000: Training 5 Clients ---
--- Round 762 of 1000: Training 5 Clients ---
--- Round 763 of 1000: Training 5 Clients ---
--- Round 764 of 1000: Training 5 Clients ---
--- Round 765 of 1000: Training 5 Clients ---
--- Round 766 of 1000: Training 5 Clients ---
--- Round 767 of 1000: Training 5 Clients ---
--- Round 768 of 1000: Training 5 Clients ---
--- Round 769 of 1000: Training 5 Clients ---
--- Round 770 of 1000: Training 5 Clients ---
--- Round 771 of 1000: Training 5 Clients ---
--- Round 772 of 1000: Training 5 Clients ---
--- Round 773 of 1000: Training 5 Clients ---
--- Round 774 of 1000: Training 5 Clients ---
--- Round 775 of 1000: Training 5 Clients ---
--- Round 776 of 1000: Training 5 Clients ---
--- Round 777 of 1000: Training 5 Clients ---
--- Round 778 of 1000: Training 5 Clients ---
--- Round 779 of 1000: Training 5 Clients ---
--- Round 780 of 1000: Training 5 Clients ---
train_accuracy: 0.0555611, 10th percentile: 0.0327801, 50th percentile: 0.0674847, 90th percentile 0.0895898
train_loss: 3.70627, 10th percentile: 3.48561, 50th percentile: 3.57908, 90th percentile 3.89469
test_accuracy: 0.0525056, 10th percentile: 0, 50th percentile: 0.0526316, 90th percentile 0.138916
test_loss: 3.7063, 10th percentile: 3.33191, 50th percentile: 3.64092, 90th percentile 3.96952
--- Round 781 of 1000: Training 5 Clients ---
--- Round 782 of 1000: Training 5 Clients ---
--- Round 783 of 1000: Training 5 Clients ---
--- Round 784 of 1000: Training 5 Clients ---
--- Round 785 of 1000: Training 5 Clients ---
--- Round 786 of 1000: Training 5 Clients ---
--- Round 787 of 1000: Training 5 Clients ---
--- Round 788 of 1000: Training 5 Clients ---
--- Round 789 of 1000: Training 5 Clients ---
--- Round 790 of 1000: Training 5 Clients ---
--- Round 791 of 1000: Training 5 Clients ---
--- Round 792 of 1000: Training 5 Clients ---
--- Round 793 of 1000: Training 5 Clients ---
--- Round 794 of 1000: Training 5 Clients ---
--- Round 795 of 1000: Training 5 Clients ---
--- Round 796 of 1000: Training 5 Clients ---
--- Round 797 of 1000: Training 5 Clients ---
--- Round 798 of 1000: Training 5 Clients ---
--- Round 799 of 1000: Training 5 Clients ---
--- Round 800 of 1000: Training 5 Clients ---
train_accuracy: 0.0515295, 10th percentile: 0.0301114, 50th percentile: 0.0632911, 90th percentile 0.0822091
train_loss: 3.71815, 10th percentile: 3.50733, 50th percentile: 3.59235, 90th percentile 3.89255
test_accuracy: 0.0517247, 10th percentile: 0, 50th percentile: 0.0526316, 90th percentile 0.122667
test_loss: 3.7166, 10th percentile: 3.36413, 50th percentile: 3.64745, 90th percentile 3.95678
--- Round 801 of 1000: Training 5 Clients ---
--- Round 802 of 1000: Training 5 Clients ---
--- Round 803 of 1000: Training 5 Clients ---
--- Round 804 of 1000: Training 5 Clients ---
--- Round 805 of 1000: Training 5 Clients ---
--- Round 806 of 1000: Training 5 Clients ---
--- Round 807 of 1000: Training 5 Clients ---
--- Round 808 of 1000: Training 5 Clients ---
--- Round 809 of 1000: Training 5 Clients ---
--- Round 810 of 1000: Training 5 Clients ---
--- Round 811 of 1000: Training 5 Clients ---
--- Round 812 of 1000: Training 5 Clients ---
--- Round 813 of 1000: Training 5 Clients ---
--- Round 814 of 1000: Training 5 Clients ---
--- Round 815 of 1000: Training 5 Clients ---
--- Round 816 of 1000: Training 5 Clients ---
--- Round 817 of 1000: Training 5 Clients ---
--- Round 818 of 1000: Training 5 Clients ---
--- Round 819 of 1000: Training 5 Clients ---
--- Round 820 of 1000: Training 5 Clients ---
train_accuracy: 0.0555611, 10th percentile: 0.0327801, 50th percentile: 0.0674847, 90th percentile 0.0895898
train_loss: 3.70989, 10th percentile: 3.53001, 50th percentile: 3.60917, 90th percentile 3.86747
test_accuracy: 0.0525056, 10th percentile: 0, 50th percentile: 0.0526316, 90th percentile 0.138916
test_loss: 3.7069, 10th percentile: 3.38589, 50th percentile: 3.66949, 90th percentile 3.93994
--- Round 821 of 1000: Training 5 Clients ---
--- Round 822 of 1000: Training 5 Clients ---
--- Round 823 of 1000: Training 5 Clients ---
--- Round 824 of 1000: Training 5 Clients ---
--- Round 825 of 1000: Training 5 Clients ---
--- Round 826 of 1000: Training 5 Clients ---
--- Round 827 of 1000: Training 5 Clients ---
--- Round 828 of 1000: Training 5 Clients ---
--- Round 829 of 1000: Training 5 Clients ---
--- Round 830 of 1000: Training 5 Clients ---
--- Round 831 of 1000: Training 5 Clients ---
--- Round 832 of 1000: Training 5 Clients ---
--- Round 833 of 1000: Training 5 Clients ---
--- Round 834 of 1000: Training 5 Clients ---
--- Round 835 of 1000: Training 5 Clients ---
--- Round 836 of 1000: Training 5 Clients ---
--- Round 837 of 1000: Training 5 Clients ---
--- Round 838 of 1000: Training 5 Clients ---
--- Round 839 of 1000: Training 5 Clients ---
--- Round 840 of 1000: Training 5 Clients ---
train_accuracy: 0.0555611, 10th percentile: 0.0327801, 50th percentile: 0.0674847, 90th percentile 0.0895898
train_loss: 3.70856, 10th percentile: 3.4852, 50th percentile: 3.58491, 90th percentile 3.89475
test_accuracy: 0.0525056, 10th percentile: 0, 50th percentile: 0.0526316, 90th percentile 0.138916
test_loss: 3.70791, 10th percentile: 3.32995, 50th percentile: 3.64685, 90th percentile 3.98348
--- Round 841 of 1000: Training 5 Clients ---
--- Round 842 of 1000: Training 5 Clients ---
--- Round 843 of 1000: Training 5 Clients ---
--- Round 844 of 1000: Training 5 Clients ---
--- Round 845 of 1000: Training 5 Clients ---
--- Round 846 of 1000: Training 5 Clients ---
--- Round 847 of 1000: Training 5 Clients ---
--- Round 848 of 1000: Training 5 Clients ---
--- Round 849 of 1000: Training 5 Clients ---
--- Round 850 of 1000: Training 5 Clients ---
--- Round 851 of 1000: Training 5 Clients ---
--- Round 852 of 1000: Training 5 Clients ---
--- Round 853 of 1000: Training 5 Clients ---
--- Round 854 of 1000: Training 5 Clients ---
--- Round 855 of 1000: Training 5 Clients ---
--- Round 856 of 1000: Training 5 Clients ---
--- Round 857 of 1000: Training 5 Clients ---
--- Round 858 of 1000: Training 5 Clients ---
--- Round 859 of 1000: Training 5 Clients ---
--- Round 860 of 1000: Training 5 Clients ---
train_accuracy: 0.0555611, 10th percentile: 0.0327801, 50th percentile: 0.0674847, 90th percentile 0.0895898
train_loss: 3.70789, 10th percentile: 3.48845, 50th percentile: 3.57881, 90th percentile 3.88894
test_accuracy: 0.0525056, 10th percentile: 0, 50th percentile: 0.0526316, 90th percentile 0.138916
test_loss: 3.70596, 10th percentile: 3.33918, 50th percentile: 3.63699, 90th percentile 3.9633
--- Round 861 of 1000: Training 5 Clients ---
--- Round 862 of 1000: Training 5 Clients ---
--- Round 863 of 1000: Training 5 Clients ---
--- Round 864 of 1000: Training 5 Clients ---
--- Round 865 of 1000: Training 5 Clients ---
--- Round 866 of 1000: Training 5 Clients ---
--- Round 867 of 1000: Training 5 Clients ---
--- Round 868 of 1000: Training 5 Clients ---
--- Round 869 of 1000: Training 5 Clients ---
--- Round 870 of 1000: Training 5 Clients ---
--- Round 871 of 1000: Training 5 Clients ---
--- Round 872 of 1000: Training 5 Clients ---
--- Round 873 of 1000: Training 5 Clients ---
--- Round 874 of 1000: Training 5 Clients ---
--- Round 875 of 1000: Training 5 Clients ---
--- Round 876 of 1000: Training 5 Clients ---
--- Round 877 of 1000: Training 5 Clients ---
--- Round 878 of 1000: Training 5 Clients ---
--- Round 879 of 1000: Training 5 Clients ---
--- Round 880 of 1000: Training 5 Clients ---
train_accuracy: 0.0555611, 10th percentile: 0.0327801, 50th percentile: 0.0674847, 90th percentile 0.0895898
train_loss: 3.71145, 10th percentile: 3.53722, 50th percentile: 3.62076, 90th percentile 3.85866
test_accuracy: 0.0525056, 10th percentile: 0, 50th percentile: 0.0526316, 90th percentile 0.138916
test_loss: 3.70891, 10th percentile: 3.40091, 50th percentile: 3.67499, 90th percentile 3.93767
--- Round 881 of 1000: Training 5 Clients ---
--- Round 882 of 1000: Training 5 Clients ---
--- Round 883 of 1000: Training 5 Clients ---
--- Round 884 of 1000: Training 5 Clients ---
--- Round 885 of 1000: Training 5 Clients ---
--- Round 886 of 1000: Training 5 Clients ---
--- Round 887 of 1000: Training 5 Clients ---
--- Round 888 of 1000: Training 5 Clients ---
--- Round 889 of 1000: Training 5 Clients ---
--- Round 890 of 1000: Training 5 Clients ---
--- Round 891 of 1000: Training 5 Clients ---
--- Round 892 of 1000: Training 5 Clients ---
--- Round 893 of 1000: Training 5 Clients ---
--- Round 894 of 1000: Training 5 Clients ---
--- Round 895 of 1000: Training 5 Clients ---
--- Round 896 of 1000: Training 5 Clients ---
--- Round 897 of 1000: Training 5 Clients ---
--- Round 898 of 1000: Training 5 Clients ---
--- Round 899 of 1000: Training 5 Clients ---
--- Round 900 of 1000: Training 5 Clients ---
train_accuracy: 0.0358119, 10th percentile: 0, 50th percentile: 0.00757576, 90th percentile 0.0661279
train_loss: 3.72588, 10th percentile: 3.63229, 50th percentile: 3.70585, 90th percentile 3.79789
test_accuracy: 0.0352155, 10th percentile: 0, 50th percentile: 0, 90th percentile 0.0909091
test_loss: 3.72319, 10th percentile: 3.47199, 50th percentile: 3.70526, 90th percentile 3.91286
--- Round 901 of 1000: Training 5 Clients ---
--- Round 902 of 1000: Training 5 Clients ---
--- Round 903 of 1000: Training 5 Clients ---
--- Round 904 of 1000: Training 5 Clients ---
--- Round 905 of 1000: Training 5 Clients ---
--- Round 906 of 1000: Training 5 Clients ---
--- Round 907 of 1000: Training 5 Clients ---
--- Round 908 of 1000: Training 5 Clients ---
--- Round 909 of 1000: Training 5 Clients ---
--- Round 910 of 1000: Training 5 Clients ---
--- Round 911 of 1000: Training 5 Clients ---
--- Round 912 of 1000: Training 5 Clients ---
--- Round 913 of 1000: Training 5 Clients ---
--- Round 914 of 1000: Training 5 Clients ---
--- Round 915 of 1000: Training 5 Clients ---
--- Round 916 of 1000: Training 5 Clients ---
--- Round 917 of 1000: Training 5 Clients ---
--- Round 918 of 1000: Training 5 Clients ---
--- Round 919 of 1000: Training 5 Clients ---
--- Round 920 of 1000: Training 5 Clients ---
train_accuracy: 0.0555611, 10th percentile: 0.0327801, 50th percentile: 0.0674847, 90th percentile 0.0895898
train_loss: 3.73998, 10th percentile: 3.45986, 50th percentile: 3.55144, 90th percentile 3.97442
test_accuracy: 0.0525056, 10th percentile: 0, 50th percentile: 0.0526316, 90th percentile 0.138916
test_loss: 3.73999, 10th percentile: 3.30688, 50th percentile: 3.64733, 90th percentile 4.02238
--- Round 921 of 1000: Training 5 Clients ---
--- Round 922 of 1000: Training 5 Clients ---
--- Round 923 of 1000: Training 5 Clients ---
--- Round 924 of 1000: Training 5 Clients ---
--- Round 925 of 1000: Training 5 Clients ---
--- Round 926 of 1000: Training 5 Clients ---
--- Round 927 of 1000: Training 5 Clients ---
--- Round 928 of 1000: Training 5 Clients ---
--- Round 929 of 1000: Training 5 Clients ---
--- Round 930 of 1000: Training 5 Clients ---
--- Round 931 of 1000: Training 5 Clients ---
--- Round 932 of 1000: Training 5 Clients ---
--- Round 933 of 1000: Training 5 Clients ---
--- Round 934 of 1000: Training 5 Clients ---
--- Round 935 of 1000: Training 5 Clients ---
--- Round 936 of 1000: Training 5 Clients ---
--- Round 937 of 1000: Training 5 Clients ---
--- Round 938 of 1000: Training 5 Clients ---
--- Round 939 of 1000: Training 5 Clients ---
--- Round 940 of 1000: Training 5 Clients ---
train_accuracy: 0.0555611, 10th percentile: 0.0327801, 50th percentile: 0.0674847, 90th percentile 0.0895898
train_loss: 3.6949, 10th percentile: 3.53221, 50th percentile: 3.62743, 90th percentile 3.83316
test_accuracy: 0.0525056, 10th percentile: 0, 50th percentile: 0.0526316, 90th percentile 0.138916
test_loss: 3.69124, 10th percentile: 3.38455, 50th percentile: 3.66542, 90th percentile 3.93924
--- Round 941 of 1000: Training 5 Clients ---
--- Round 942 of 1000: Training 5 Clients ---
--- Round 943 of 1000: Training 5 Clients ---
--- Round 944 of 1000: Training 5 Clients ---
--- Round 945 of 1000: Training 5 Clients ---
--- Round 946 of 1000: Training 5 Clients ---
--- Round 947 of 1000: Training 5 Clients ---
--- Round 948 of 1000: Training 5 Clients ---
--- Round 949 of 1000: Training 5 Clients ---
--- Round 950 of 1000: Training 5 Clients ---
--- Round 951 of 1000: Training 5 Clients ---
--- Round 952 of 1000: Training 5 Clients ---
--- Round 953 of 1000: Training 5 Clients ---
--- Round 954 of 1000: Training 5 Clients ---
--- Round 955 of 1000: Training 5 Clients ---
--- Round 956 of 1000: Training 5 Clients ---
--- Round 957 of 1000: Training 5 Clients ---
--- Round 958 of 1000: Training 5 Clients ---
--- Round 959 of 1000: Training 5 Clients ---
--- Round 960 of 1000: Training 5 Clients ---
train_accuracy: 0.0555611, 10th percentile: 0.0327801, 50th percentile: 0.0674847, 90th percentile 0.0895898
train_loss: 3.70968, 10th percentile: 3.5621, 50th percentile: 3.6462, 90th percentile 3.82833
test_accuracy: 0.0525056, 10th percentile: 0, 50th percentile: 0.0526316, 90th percentile 0.138916
test_loss: 3.70694, 10th percentile: 3.42691, 50th percentile: 3.6816, 90th percentile 3.9115
--- Round 961 of 1000: Training 5 Clients ---
--- Round 962 of 1000: Training 5 Clients ---
--- Round 963 of 1000: Training 5 Clients ---
--- Round 964 of 1000: Training 5 Clients ---
--- Round 965 of 1000: Training 5 Clients ---
--- Round 966 of 1000: Training 5 Clients ---
--- Round 967 of 1000: Training 5 Clients ---
--- Round 968 of 1000: Training 5 Clients ---
--- Round 969 of 1000: Training 5 Clients ---
--- Round 970 of 1000: Training 5 Clients ---
--- Round 971 of 1000: Training 5 Clients ---
--- Round 972 of 1000: Training 5 Clients ---
--- Round 973 of 1000: Training 5 Clients ---
--- Round 974 of 1000: Training 5 Clients ---
--- Round 975 of 1000: Training 5 Clients ---
--- Round 976 of 1000: Training 5 Clients ---
--- Round 977 of 1000: Training 5 Clients ---
--- Round 978 of 1000: Training 5 Clients ---
--- Round 979 of 1000: Training 5 Clients ---
--- Round 980 of 1000: Training 5 Clients ---
train_accuracy: 0.0358119, 10th percentile: 0, 50th percentile: 0.00757576, 90th percentile 0.0661279
train_loss: 3.7594, 10th percentile: 3.68326, 50th percentile: 3.77584, 90th percentile 3.8433
test_accuracy: 0.0352155, 10th percentile: 0, 50th percentile: 0, 90th percentile 0.0909091
test_loss: 3.7536, 10th percentile: 3.56668, 50th percentile: 3.74677, 90th percentile 3.9644
--- Round 981 of 1000: Training 5 Clients ---
--- Round 982 of 1000: Training 5 Clients ---
--- Round 983 of 1000: Training 5 Clients ---
--- Round 984 of 1000: Training 5 Clients ---
--- Round 985 of 1000: Training 5 Clients ---
--- Round 986 of 1000: Training 5 Clients ---
--- Round 987 of 1000: Training 5 Clients ---
--- Round 988 of 1000: Training 5 Clients ---
--- Round 989 of 1000: Training 5 Clients ---
--- Round 990 of 1000: Training 5 Clients ---
--- Round 991 of 1000: Training 5 Clients ---
--- Round 992 of 1000: Training 5 Clients ---
--- Round 993 of 1000: Training 5 Clients ---
--- Round 994 of 1000: Training 5 Clients ---
--- Round 995 of 1000: Training 5 Clients ---
--- Round 996 of 1000: Training 5 Clients ---
--- Round 997 of 1000: Training 5 Clients ---
--- Round 998 of 1000: Training 5 Clients ---
--- Round 999 of 1000: Training 5 Clients ---
--- Round 1000 of 1000: Training 5 Clients ---
train_accuracy: 0.0555611, 10th percentile: 0.0327801, 50th percentile: 0.0674847, 90th percentile 0.0895898
train_loss: 3.71519, 10th percentile: 3.49121, 50th percentile: 3.58416, 90th percentile 3.90423
test_accuracy: 0.0525056, 10th percentile: 0, 50th percentile: 0.0526316, 90th percentile 0.138916
test_loss: 3.71501, 10th percentile: 3.3432, 50th percentile: 3.64432, 90th percentile 3.96558
Model saved in path: checkpoints/femnist/cnn.ckpt
Model path: femnist.cnn
Model sys metrics: metrics/sys_metrics.csv
Model test metrics: metrics/stat_metrics.csv
26132.53user 699.15system 1:12:28elapsed 616%CPU (0avgtext+0avgdata 2449832maxresident)k
864072inputs+56720outputs (1472major+108435972minor)pagefaults 0swaps
