/home/vsarkhel/Projects/fedtest/lib/python3.6/site-packages/tensorflow/python/framework/dtypes.py:516: FutureWarning: Passing (type, 1) or '1type' as a synonym of type is deprecated; in a future version of numpy, it will be understood as (type, (1,)) / '(1,)type'.
  _np_qint8 = np.dtype([("qint8", np.int8, 1)])
/home/vsarkhel/Projects/fedtest/lib/python3.6/site-packages/tensorflow/python/framework/dtypes.py:517: FutureWarning: Passing (type, 1) or '1type' as a synonym of type is deprecated; in a future version of numpy, it will be understood as (type, (1,)) / '(1,)type'.
  _np_quint8 = np.dtype([("quint8", np.uint8, 1)])
/home/vsarkhel/Projects/fedtest/lib/python3.6/site-packages/tensorflow/python/framework/dtypes.py:518: FutureWarning: Passing (type, 1) or '1type' as a synonym of type is deprecated; in a future version of numpy, it will be understood as (type, (1,)) / '(1,)type'.
  _np_qint16 = np.dtype([("qint16", np.int16, 1)])
/home/vsarkhel/Projects/fedtest/lib/python3.6/site-packages/tensorflow/python/framework/dtypes.py:519: FutureWarning: Passing (type, 1) or '1type' as a synonym of type is deprecated; in a future version of numpy, it will be understood as (type, (1,)) / '(1,)type'.
  _np_quint16 = np.dtype([("quint16", np.uint16, 1)])
/home/vsarkhel/Projects/fedtest/lib/python3.6/site-packages/tensorflow/python/framework/dtypes.py:520: FutureWarning: Passing (type, 1) or '1type' as a synonym of type is deprecated; in a future version of numpy, it will be understood as (type, (1,)) / '(1,)type'.
  _np_qint32 = np.dtype([("qint32", np.int32, 1)])
/home/vsarkhel/Projects/fedtest/lib/python3.6/site-packages/tensorflow/python/framework/dtypes.py:525: FutureWarning: Passing (type, 1) or '1type' as a synonym of type is deprecated; in a future version of numpy, it will be understood as (type, (1,)) / '(1,)type'.
  np_resource = np.dtype([("resource", np.ubyte, 1)])
/home/vsarkhel/Projects/fedtest/lib/python3.6/site-packages/tensorboard/compat/tensorflow_stub/dtypes.py:541: FutureWarning: Passing (type, 1) or '1type' as a synonym of type is deprecated; in a future version of numpy, it will be understood as (type, (1,)) / '(1,)type'.
  _np_qint8 = np.dtype([("qint8", np.int8, 1)])
/home/vsarkhel/Projects/fedtest/lib/python3.6/site-packages/tensorboard/compat/tensorflow_stub/dtypes.py:542: FutureWarning: Passing (type, 1) or '1type' as a synonym of type is deprecated; in a future version of numpy, it will be understood as (type, (1,)) / '(1,)type'.
  _np_quint8 = np.dtype([("quint8", np.uint8, 1)])
/home/vsarkhel/Projects/fedtest/lib/python3.6/site-packages/tensorboard/compat/tensorflow_stub/dtypes.py:543: FutureWarning: Passing (type, 1) or '1type' as a synonym of type is deprecated; in a future version of numpy, it will be understood as (type, (1,)) / '(1,)type'.
  _np_qint16 = np.dtype([("qint16", np.int16, 1)])
/home/vsarkhel/Projects/fedtest/lib/python3.6/site-packages/tensorboard/compat/tensorflow_stub/dtypes.py:544: FutureWarning: Passing (type, 1) or '1type' as a synonym of type is deprecated; in a future version of numpy, it will be understood as (type, (1,)) / '(1,)type'.
  _np_quint16 = np.dtype([("quint16", np.uint16, 1)])
/home/vsarkhel/Projects/fedtest/lib/python3.6/site-packages/tensorboard/compat/tensorflow_stub/dtypes.py:545: FutureWarning: Passing (type, 1) or '1type' as a synonym of type is deprecated; in a future version of numpy, it will be understood as (type, (1,)) / '(1,)type'.
  _np_qint32 = np.dtype([("qint32", np.int32, 1)])
/home/vsarkhel/Projects/fedtest/lib/python3.6/site-packages/tensorboard/compat/tensorflow_stub/dtypes.py:550: FutureWarning: Passing (type, 1) or '1type' as a synonym of type is deprecated; in a future version of numpy, it will be understood as (type, (1,)) / '(1,)type'.
  np_resource = np.dtype([("resource", np.ubyte, 1)])
WARNING:tensorflow:From main.py:30: The name tf.set_random_seed is deprecated. Please use tf.compat.v1.set_random_seed instead.

############################## femnist.cnn ##############################
WARNING:tensorflow:From main.py:47: The name tf.logging.set_verbosity is deprecated. Please use tf.compat.v1.logging.set_verbosity instead.

WARNING:tensorflow:From main.py:47: The name tf.logging.WARN is deprecated. Please use tf.compat.v1.logging.WARN instead.

WARNING:tensorflow:From main.py:57: The name tf.reset_default_graph is deprecated. Please use tf.compat.v1.reset_default_graph instead.

WARNING:tensorflow:From /home/vsarkhel/Projects/fedtest/leaf-k/models/femnist/cnn.py:17: The name tf.placeholder is deprecated. Please use tf.compat.v1.placeholder instead.

WARNING:tensorflow:From /home/vsarkhel/Projects/fedtest/leaf-k/models/femnist/cnn.py:26: conv2d (from tensorflow.python.layers.convolutional) is deprecated and will be removed in a future version.
Instructions for updating:
Use `tf.keras.layers.Conv2D` instead.
WARNING:tensorflow:From /home/vsarkhel/Projects/fedtest/lib/python3.6/site-packages/tensorflow/python/ops/init_ops.py:1251: calling VarianceScaling.__init__ (from tensorflow.python.ops.init_ops) with dtype is deprecated and will be removed in a future version.
Instructions for updating:
Call initializer instance with the dtype argument instead of passing it to the constructor
WARNING:tensorflow:Entity <bound method Conv.call of <tensorflow.python.layers.convolutional.Conv2D object at 0x7fb0fdbee160>> could not be transformed and will be executed as-is. Please report this to the AutgoGraph team. When filing the bug, set the verbosity to 10 (on Linux, `export AUTOGRAPH_VERBOSITY=10`) and attach the full output. Cause: converting <bound method Conv.call of <tensorflow.python.layers.convolutional.Conv2D object at 0x7fb0fdbee160>>: AttributeError: module 'gast' has no attribute 'Str'
WARNING:tensorflow:From /home/vsarkhel/Projects/fedtest/leaf-k/models/femnist/cnn.py:27: max_pooling2d (from tensorflow.python.layers.pooling) is deprecated and will be removed in a future version.
Instructions for updating:
Use keras.layers.MaxPooling2D instead.
WARNING:tensorflow:Entity <bound method Pooling2D.call of <tensorflow.python.layers.pooling.MaxPooling2D object at 0x7fb0fdbee160>> could not be transformed and will be executed as-is. Please report this to the AutgoGraph team. When filing the bug, set the verbosity to 10 (on Linux, `export AUTOGRAPH_VERBOSITY=10`) and attach the full output. Cause: converting <bound method Pooling2D.call of <tensorflow.python.layers.pooling.MaxPooling2D object at 0x7fb0fdbee160>>: AttributeError: module 'gast' has no attribute 'Str'
WARNING:tensorflow:Entity <bound method Conv.call of <tensorflow.python.layers.convolutional.Conv2D object at 0x7fb0fdbee160>> could not be transformed and will be executed as-is. Please report this to the AutgoGraph team. When filing the bug, set the verbosity to 10 (on Linux, `export AUTOGRAPH_VERBOSITY=10`) and attach the full output. Cause: converting <bound method Conv.call of <tensorflow.python.layers.convolutional.Conv2D object at 0x7fb0fdbee160>>: AttributeError: module 'gast' has no attribute 'Str'
WARNING:tensorflow:Entity <bound method Pooling2D.call of <tensorflow.python.layers.pooling.MaxPooling2D object at 0x7fb0fdbee160>> could not be transformed and will be executed as-is. Please report this to the AutgoGraph team. When filing the bug, set the verbosity to 10 (on Linux, `export AUTOGRAPH_VERBOSITY=10`) and attach the full output. Cause: converting <bound method Pooling2D.call of <tensorflow.python.layers.pooling.MaxPooling2D object at 0x7fb0fdbee160>>: AttributeError: module 'gast' has no attribute 'Str'
WARNING:tensorflow:From /home/vsarkhel/Projects/fedtest/leaf-k/models/femnist/cnn.py:36: dense (from tensorflow.python.layers.core) is deprecated and will be removed in a future version.
Instructions for updating:
Use keras.layers.dense instead.
WARNING:tensorflow:Entity <bound method Dense.call of <tensorflow.python.layers.core.Dense object at 0x7fb0fdbee160>> could not be transformed and will be executed as-is. Please report this to the AutgoGraph team. When filing the bug, set the verbosity to 10 (on Linux, `export AUTOGRAPH_VERBOSITY=10`) and attach the full output. Cause: converting <bound method Dense.call of <tensorflow.python.layers.core.Dense object at 0x7fb0fdbee160>>: AttributeError: module 'gast' has no attribute 'Index'
WARNING:tensorflow:Entity <bound method Dense.call of <tensorflow.python.layers.core.Dense object at 0x7fb0fdbee160>> could not be transformed and will be executed as-is. Please report this to the AutgoGraph team. When filing the bug, set the verbosity to 10 (on Linux, `export AUTOGRAPH_VERBOSITY=10`) and attach the full output. Cause: converting <bound method Dense.call of <tensorflow.python.layers.core.Dense object at 0x7fb0fdbee160>>: AttributeError: module 'gast' has no attribute 'Index'
WARNING:tensorflow:From /home/vsarkhel/Projects/fedtest/leaf-k/models/femnist/cnn.py:42: The name tf.losses.sparse_softmax_cross_entropy is deprecated. Please use tf.compat.v1.losses.sparse_softmax_cross_entropy instead.

WARNING:tensorflow:From /home/vsarkhel/Projects/fedtest/lib/python3.6/site-packages/tensorflow/python/ops/losses/losses_impl.py:121: add_dispatch_support.<locals>.wrapper (from tensorflow.python.ops.array_ops) is deprecated and will be removed in a future version.
Instructions for updating:
Use tf.where in 2.0, which has the same broadcast rule as np.where
WARNING:tensorflow:From /home/vsarkhel/Projects/fedtest/leaf-k/models/model.py:55: The name tf.train.GradientDescentOptimizer is deprecated. Please use tf.compat.v1.train.GradientDescentOptimizer instead.

WARNING:tensorflow:From /home/vsarkhel/Projects/fedtest/leaf-k/models/femnist/cnn.py:46: The name tf.train.get_global_step is deprecated. Please use tf.compat.v1.train.get_global_step instead.

WARNING:tensorflow:From /home/vsarkhel/Projects/fedtest/leaf-k/models/model.py:26: The name tf.train.Saver is deprecated. Please use tf.compat.v1.train.Saver instead.

WARNING:tensorflow:From /home/vsarkhel/Projects/fedtest/leaf-k/models/model.py:27: The name tf.Session is deprecated. Please use tf.compat.v1.Session instead.

2022-02-09 21:53:04.094222: I tensorflow/stream_executor/platform/default/dso_loader.cc:42] Successfully opened dynamic library libcuda.so.1
2022-02-09 21:53:04.117817: I tensorflow/stream_executor/cuda/cuda_gpu_executor.cc:1005] successful NUMA node read from SysFS had negative value (-1), but there must be at least one NUMA node, so returning NUMA node zero
2022-02-09 21:53:04.118041: I tensorflow/core/common_runtime/gpu/gpu_device.cc:1640] Found device 0 with properties: 
name: NVIDIA TITAN RTX major: 7 minor: 5 memoryClockRate(GHz): 1.77
pciBusID: 0000:41:00.0
2022-02-09 21:53:04.118163: I tensorflow/stream_executor/platform/default/dso_loader.cc:53] Could not dlopen library 'libcudart.so.10.0'; dlerror: libcudart.so.10.0: cannot open shared object file: No such file or directory; LD_LIBRARY_PATH: :/usr/local/cuda/lib64:/usr/local/cuda/extras/CUPTI/lib64:/usr/local/cuda/lib64:/usr/local/cuda/extras/CUPTI/lib64
2022-02-09 21:53:04.118263: I tensorflow/stream_executor/platform/default/dso_loader.cc:53] Could not dlopen library 'libcublas.so.10.0'; dlerror: libcublas.so.10.0: cannot open shared object file: No such file or directory; LD_LIBRARY_PATH: :/usr/local/cuda/lib64:/usr/local/cuda/extras/CUPTI/lib64:/usr/local/cuda/lib64:/usr/local/cuda/extras/CUPTI/lib64
2022-02-09 21:53:04.118363: I tensorflow/stream_executor/platform/default/dso_loader.cc:53] Could not dlopen library 'libcufft.so.10.0'; dlerror: libcufft.so.10.0: cannot open shared object file: No such file or directory; LD_LIBRARY_PATH: :/usr/local/cuda/lib64:/usr/local/cuda/extras/CUPTI/lib64:/usr/local/cuda/lib64:/usr/local/cuda/extras/CUPTI/lib64
2022-02-09 21:53:04.118470: I tensorflow/stream_executor/platform/default/dso_loader.cc:53] Could not dlopen library 'libcurand.so.10.0'; dlerror: libcurand.so.10.0: cannot open shared object file: No such file or directory; LD_LIBRARY_PATH: :/usr/local/cuda/lib64:/usr/local/cuda/extras/CUPTI/lib64:/usr/local/cuda/lib64:/usr/local/cuda/extras/CUPTI/lib64
2022-02-09 21:53:04.118574: I tensorflow/stream_executor/platform/default/dso_loader.cc:53] Could not dlopen library 'libcusolver.so.10.0'; dlerror: libcusolver.so.10.0: cannot open shared object file: No such file or directory; LD_LIBRARY_PATH: :/usr/local/cuda/lib64:/usr/local/cuda/extras/CUPTI/lib64:/usr/local/cuda/lib64:/usr/local/cuda/extras/CUPTI/lib64
2022-02-09 21:53:04.118678: I tensorflow/stream_executor/platform/default/dso_loader.cc:53] Could not dlopen library 'libcusparse.so.10.0'; dlerror: libcusparse.so.10.0: cannot open shared object file: No such file or directory; LD_LIBRARY_PATH: :/usr/local/cuda/lib64:/usr/local/cuda/extras/CUPTI/lib64:/usr/local/cuda/lib64:/usr/local/cuda/extras/CUPTI/lib64
2022-02-09 21:53:04.122264: I tensorflow/stream_executor/platform/default/dso_loader.cc:42] Successfully opened dynamic library libcudnn.so.7
2022-02-09 21:53:04.122287: W tensorflow/core/common_runtime/gpu/gpu_device.cc:1663] Cannot dlopen some GPU libraries. Skipping registering GPU devices...
2022-02-09 21:53:04.122877: I tensorflow/core/platform/cpu_feature_guard.cc:142] Your CPU supports instructions that this TensorFlow binary was not compiled to use: AVX2 FMA
2022-02-09 21:53:04.213046: I tensorflow/stream_executor/cuda/cuda_gpu_executor.cc:1005] successful NUMA node read from SysFS had negative value (-1), but there must be at least one NUMA node, so returning NUMA node zero
2022-02-09 21:53:04.213364: I tensorflow/compiler/xla/service/service.cc:168] XLA service 0x1d1c710 executing computations on platform CUDA. Devices:
2022-02-09 21:53:04.213409: I tensorflow/compiler/xla/service/service.cc:175]   StreamExecutor device (0): NVIDIA TITAN RTX, Compute Capability 7.5
2022-02-09 21:53:04.216612: I tensorflow/core/platform/profile_utils/cpu_utils.cc:94] CPU Frequency: 3492940000 Hz
2022-02-09 21:53:04.217987: I tensorflow/compiler/xla/service/service.cc:168] XLA service 0x2a13160 executing computations on platform Host. Devices:
2022-02-09 21:53:04.218035: I tensorflow/compiler/xla/service/service.cc:175]   StreamExecutor device (0): <undefined>, <undefined>
2022-02-09 21:53:04.218124: I tensorflow/core/common_runtime/gpu/gpu_device.cc:1181] Device interconnect StreamExecutor with strength 1 edge matrix:
2022-02-09 21:53:04.218136: I tensorflow/core/common_runtime/gpu/gpu_device.cc:1187]      
WARNING:tensorflow:From /home/vsarkhel/Projects/fedtest/leaf-k/models/utils/tf_utils.py:33: The name tf.trainable_variables is deprecated. Please use tf.compat.v1.trainable_variables instead.

2022-02-09 21:53:04.240162: W tensorflow/compiler/jit/mark_for_compilation_pass.cc:1412] (One-time warning): Not using XLA:CPU for cluster because envvar TF_XLA_FLAGS=--tf_xla_cpu_global_jit was not set.  If you want XLA:CPU, either set that envvar, or use experimental_jit_scope to enable XLA:CPU.  To confirm that XLA is active, pass --vmodule=xla_compilation_cache=1 (as a proper command-line flag, not via TF_XLA_FLAGS) or set the envvar XLA_FLAGS=--xla_hlo_profile.
WARNING:tensorflow:From /home/vsarkhel/Projects/fedtest/leaf-k/models/model.py:35: The name tf.profiler.ProfileOptionBuilder is deprecated. Please use tf.compat.v1.profiler.ProfileOptionBuilder instead.

WARNING:tensorflow:From /home/vsarkhel/Projects/fedtest/leaf-k/models/model.py:36: The name tf.profiler.profile is deprecated. Please use tf.compat.v1.profiler.profile instead.

WARNING:tensorflow:From /home/vsarkhel/Projects/fedtest/lib/python3.6/site-packages/tensorflow/python/profiler/internal/flops_registry.py:142: tensor_shape_from_node_def_name (from tensorflow.python.framework.graph_util_impl) is deprecated and will be removed in a future version.
Instructions for updating:
Use `tf.compat.v1.graph_util.tensor_shape_from_node_def_name`
Parsing Inputs...
Incomplete shape.
Incomplete shape.

=========================Options=============================
-max_depth                  10000
-min_bytes                  0
-min_peak_bytes             0
-min_residual_bytes         0
-min_output_bytes           0
-min_micros                 0
-min_accelerator_micros     0
-min_cpu_micros             0
-min_params                 0
-min_float_ops              1
-min_occurrence             0
-step                       -1
-order_by                   float_ops
-account_type_regexes       .*
-start_name_regexes         .*
-trim_name_regexes          
-show_name_regexes          .*
-hide_name_regexes          
-account_displayed_op_only  true
-select                     float_ops
-output                     stdout:

==================Model Analysis Report======================
Incomplete shape.
Incomplete shape.

Doc:
scope: The nodes in the model graph are organized by their names, which is hierarchical like filesystem.
flops: Number of float operations. Note: Please read the implementation for the math behind it.

Profile:
node name | # float_ops
_TFProfRoot (--/13.20m flops)
  dense/kernel/Initializer/random_uniform (6.42m/12.85m flops)
    dense/kernel/Initializer/random_uniform/mul (6.42m/6.42m flops)
    dense/kernel/Initializer/random_uniform/sub (1/1 flops)
  dense_1/kernel/Initializer/random_uniform (126.98k/253.95k flops)
    dense_1/kernel/Initializer/random_uniform/mul (126.98k/126.98k flops)
    dense_1/kernel/Initializer/random_uniform/sub (1/1 flops)
  conv2d_1/kernel/Initializer/random_uniform (51.20k/102.40k flops)
    conv2d_1/kernel/Initializer/random_uniform/mul (51.20k/51.20k flops)
    conv2d_1/kernel/Initializer/random_uniform/sub (1/1 flops)
  conv2d/kernel/Initializer/random_uniform (800/1.60k flops)
    conv2d/kernel/Initializer/random_uniform/mul (800/800 flops)
    conv2d/kernel/Initializer/random_uniform/sub (1/1 flops)
  gradients/sparse_softmax_cross_entropy_loss/value_grad/Neg (1/1 flops)
  gradients/sparse_softmax_cross_entropy_loss/value_grad/mul (1/1 flops)
  sparse_softmax_cross_entropy_loss/num_present/Equal (1/1 flops)

======================End of Report==========================
Clients in Total: 179
--- Random Initialization ---
WARNING:tensorflow:From /home/vsarkhel/Projects/fedtest/leaf-k/models/model.py:44: Variable.load (from tensorflow.python.ops.variables) is deprecated and will be removed in a future version.
Instructions for updating:
Prefer Variable.assign which has equivalent behavior in 2.X.
train_accuracy: 0.0129492, 10th percentile: 0, 50th percentile: 0.00671141, 90th percentile 0.0320224
train_loss: 4.12548, 10th percentile: 4.11587, 50th percentile: 4.12654, 90th percentile 4.13265
test_accuracy: 0.014469, 10th percentile: 0, 50th percentile: 0, 90th percentile 0.0555556
test_loss: 4.1251, 10th percentile: 4.10166, 50th percentile: 4.12461, 90th percentile 4.1532
--- Round 1 of 1000: Training 5 Clients ---
/home/vsarkhel/Projects/fedtest/leaf-k/models/client.py:68: VisibleDeprecationWarning: Creating an ndarray from ragged nested sequences (which is a list-or-tuple of lists-or-tuples-or ndarrays with different lengths or shapes) is deprecated. If you meant to do this, you must specify 'dtype=object' when creating the ndarray
  update = np.array(update)
--- Round 2 of 1000: Training 5 Clients ---
--- Round 3 of 1000: Training 5 Clients ---
--- Round 4 of 1000: Training 5 Clients ---
--- Round 5 of 1000: Training 5 Clients ---
--- Round 6 of 1000: Training 5 Clients ---
--- Round 7 of 1000: Training 5 Clients ---
--- Round 8 of 1000: Training 5 Clients ---
--- Round 9 of 1000: Training 5 Clients ---
--- Round 10 of 1000: Training 5 Clients ---
--- Round 11 of 1000: Training 5 Clients ---
--- Round 12 of 1000: Training 5 Clients ---
--- Round 13 of 1000: Training 5 Clients ---
--- Round 14 of 1000: Training 5 Clients ---
--- Round 15 of 1000: Training 5 Clients ---
--- Round 16 of 1000: Training 5 Clients ---
--- Round 17 of 1000: Training 5 Clients ---
--- Round 18 of 1000: Training 5 Clients ---
--- Round 19 of 1000: Training 5 Clients ---
--- Round 20 of 1000: Training 5 Clients ---
train_accuracy: 0.0556167, 10th percentile: 0.0327801, 50th percentile: 0.0674847, 90th percentile 0.090236
train_loss: 3.68567, 10th percentile: 3.52444, 50th percentile: 3.61552, 90th percentile 3.80866
test_accuracy: 0.0525056, 10th percentile: 0, 50th percentile: 0.0526316, 90th percentile 0.138916
test_loss: 3.6849, 10th percentile: 3.3616, 50th percentile: 3.66268, 90th percentile 3.92456
--- Round 21 of 1000: Training 5 Clients ---
--- Round 22 of 1000: Training 5 Clients ---
--- Round 23 of 1000: Training 5 Clients ---
--- Round 24 of 1000: Training 5 Clients ---
--- Round 25 of 1000: Training 5 Clients ---
--- Round 26 of 1000: Training 5 Clients ---
--- Round 27 of 1000: Training 5 Clients ---
--- Round 28 of 1000: Training 5 Clients ---
--- Round 29 of 1000: Training 5 Clients ---
--- Round 30 of 1000: Training 5 Clients ---
--- Round 31 of 1000: Training 5 Clients ---
--- Round 32 of 1000: Training 5 Clients ---
--- Round 33 of 1000: Training 5 Clients ---
--- Round 34 of 1000: Training 5 Clients ---
--- Round 35 of 1000: Training 5 Clients ---
--- Round 36 of 1000: Training 5 Clients ---
--- Round 37 of 1000: Training 5 Clients ---
--- Round 38 of 1000: Training 5 Clients ---
--- Round 39 of 1000: Training 5 Clients ---
--- Round 40 of 1000: Training 5 Clients ---
train_accuracy: 0.0358119, 10th percentile: 0, 50th percentile: 0.00757576, 90th percentile 0.0661279
train_loss: 3.6999, 10th percentile: 3.61591, 50th percentile: 3.6849, 90th percentile 3.78533
test_accuracy: 0.0352155, 10th percentile: 0, 50th percentile: 0, 90th percentile 0.0909091
test_loss: 3.69441, 10th percentile: 3.44695, 50th percentile: 3.68835, 90th percentile 3.93621
--- Round 41 of 1000: Training 5 Clients ---
--- Round 42 of 1000: Training 5 Clients ---
--- Round 43 of 1000: Training 5 Clients ---
--- Round 44 of 1000: Training 5 Clients ---
--- Round 45 of 1000: Training 5 Clients ---
--- Round 46 of 1000: Training 5 Clients ---
--- Round 47 of 1000: Training 5 Clients ---
--- Round 48 of 1000: Training 5 Clients ---
--- Round 49 of 1000: Training 5 Clients ---
--- Round 50 of 1000: Training 5 Clients ---
--- Round 51 of 1000: Training 5 Clients ---
--- Round 52 of 1000: Training 5 Clients ---
--- Round 53 of 1000: Training 5 Clients ---
--- Round 54 of 1000: Training 5 Clients ---
--- Round 55 of 1000: Training 5 Clients ---
--- Round 56 of 1000: Training 5 Clients ---
--- Round 57 of 1000: Training 5 Clients ---
--- Round 58 of 1000: Training 5 Clients ---
--- Round 59 of 1000: Training 5 Clients ---
--- Round 60 of 1000: Training 5 Clients ---
train_accuracy: 0.109856, 10th percentile: 0.0531246, 50th percentile: 0.118774, 90th percentile 0.194969
train_loss: 3.68887, 10th percentile: 3.40774, 50th percentile: 3.53301, 90th percentile 3.91807
test_accuracy: 0.108017, 10th percentile: 0, 50th percentile: 0.105263, 90th percentile 0.26386
test_loss: 3.68752, 10th percentile: 3.21892, 50th percentile: 3.63579, 90th percentile 4.0147
--- Round 61 of 1000: Training 5 Clients ---
--- Round 62 of 1000: Training 5 Clients ---
--- Round 63 of 1000: Training 5 Clients ---
--- Round 64 of 1000: Training 5 Clients ---
--- Round 65 of 1000: Training 5 Clients ---
--- Round 66 of 1000: Training 5 Clients ---
--- Round 67 of 1000: Training 5 Clients ---
--- Round 68 of 1000: Training 5 Clients ---
--- Round 69 of 1000: Training 5 Clients ---
--- Round 70 of 1000: Training 5 Clients ---
--- Round 71 of 1000: Training 5 Clients ---
--- Round 72 of 1000: Training 5 Clients ---
--- Round 73 of 1000: Training 5 Clients ---
--- Round 74 of 1000: Training 5 Clients ---
--- Round 75 of 1000: Training 5 Clients ---
--- Round 76 of 1000: Training 5 Clients ---
--- Round 77 of 1000: Training 5 Clients ---
--- Round 78 of 1000: Training 5 Clients ---
--- Round 79 of 1000: Training 5 Clients ---
--- Round 80 of 1000: Training 5 Clients ---
train_accuracy: 0.0675815, 10th percentile: 0.0357489, 50th percentile: 0.0727273, 90th percentile 0.112667
train_loss: 3.66306, 10th percentile: 3.50922, 50th percentile: 3.61063, 90th percentile 3.78947
test_accuracy: 0.0668619, 10th percentile: 0, 50th percentile: 0.0555556, 90th percentile 0.168627
test_loss: 3.66014, 10th percentile: 3.32828, 50th percentile: 3.63842, 90th percentile 3.91283
--- Round 81 of 1000: Training 5 Clients ---
--- Round 82 of 1000: Training 5 Clients ---
--- Round 83 of 1000: Training 5 Clients ---
--- Round 84 of 1000: Training 5 Clients ---
--- Round 85 of 1000: Training 5 Clients ---
--- Round 86 of 1000: Training 5 Clients ---
--- Round 87 of 1000: Training 5 Clients ---
--- Round 88 of 1000: Training 5 Clients ---
--- Round 89 of 1000: Training 5 Clients ---
--- Round 90 of 1000: Training 5 Clients ---
--- Round 91 of 1000: Training 5 Clients ---
--- Round 92 of 1000: Training 5 Clients ---
--- Round 93 of 1000: Training 5 Clients ---
--- Round 94 of 1000: Training 5 Clients ---
--- Round 95 of 1000: Training 5 Clients ---
--- Round 96 of 1000: Training 5 Clients ---
--- Round 97 of 1000: Training 5 Clients ---
--- Round 98 of 1000: Training 5 Clients ---
--- Round 99 of 1000: Training 5 Clients ---
--- Round 100 of 1000: Training 5 Clients ---
train_accuracy: 0.0346709, 10th percentile: 0, 50th percentile: 0.00684932, 90th percentile 0.0821637
train_loss: 3.68896, 10th percentile: 3.59079, 50th percentile: 3.67533, 90th percentile 3.80178
test_accuracy: 0.031765, 10th percentile: 0, 50th percentile: 0, 90th percentile 0.0857143
test_loss: 3.68415, 10th percentile: 3.43726, 50th percentile: 3.6793, 90th percentile 3.93831
--- Round 101 of 1000: Training 5 Clients ---
--- Round 102 of 1000: Training 5 Clients ---
--- Round 103 of 1000: Training 5 Clients ---
--- Round 104 of 1000: Training 5 Clients ---
--- Round 105 of 1000: Training 5 Clients ---
--- Round 106 of 1000: Training 5 Clients ---
--- Round 107 of 1000: Training 5 Clients ---
--- Round 108 of 1000: Training 5 Clients ---
--- Round 109 of 1000: Training 5 Clients ---
--- Round 110 of 1000: Training 5 Clients ---
--- Round 111 of 1000: Training 5 Clients ---
--- Round 112 of 1000: Training 5 Clients ---
--- Round 113 of 1000: Training 5 Clients ---
--- Round 114 of 1000: Training 5 Clients ---
--- Round 115 of 1000: Training 5 Clients ---
--- Round 116 of 1000: Training 5 Clients ---
--- Round 117 of 1000: Training 5 Clients ---
--- Round 118 of 1000: Training 5 Clients ---
--- Round 119 of 1000: Training 5 Clients ---
--- Round 120 of 1000: Training 5 Clients ---
train_accuracy: 0.192709, 10th percentile: 0.126333, 50th percentile: 0.200599, 90th percentile 0.274161
train_loss: 3.65693, 10th percentile: 3.55357, 50th percentile: 3.62511, 90th percentile 3.75481
test_accuracy: 0.182985, 10th percentile: 0.0581699, 50th percentile: 0.176471, 90th percentile 0.333333
test_loss: 3.65315, 10th percentile: 3.38455, 50th percentile: 3.63433, 90th percentile 3.88868
--- Round 121 of 1000: Training 5 Clients ---
--- Round 122 of 1000: Training 5 Clients ---
--- Round 123 of 1000: Training 5 Clients ---
--- Round 124 of 1000: Training 5 Clients ---
--- Round 125 of 1000: Training 5 Clients ---
--- Round 126 of 1000: Training 5 Clients ---
--- Round 127 of 1000: Training 5 Clients ---
--- Round 128 of 1000: Training 5 Clients ---
--- Round 129 of 1000: Training 5 Clients ---
--- Round 130 of 1000: Training 5 Clients ---
--- Round 131 of 1000: Training 5 Clients ---
--- Round 132 of 1000: Training 5 Clients ---
--- Round 133 of 1000: Training 5 Clients ---
--- Round 134 of 1000: Training 5 Clients ---
--- Round 135 of 1000: Training 5 Clients ---
--- Round 136 of 1000: Training 5 Clients ---
--- Round 137 of 1000: Training 5 Clients ---
--- Round 138 of 1000: Training 5 Clients ---
--- Round 139 of 1000: Training 5 Clients ---
--- Round 140 of 1000: Training 5 Clients ---
train_accuracy: 0.189789, 10th percentile: 0.0890161, 50th percentile: 0.192982, 90th percentile 0.357666
train_loss: 3.63926, 10th percentile: 3.3626, 50th percentile: 3.48566, 90th percentile 3.86872
test_accuracy: 0.1913, 10th percentile: 0.0490909, 50th percentile: 0.176471, 90th percentile 0.422556
test_loss: 3.63895, 10th percentile: 3.17279, 50th percentile: 3.57722, 90th percentile 3.9635
--- Round 141 of 1000: Training 5 Clients ---
--- Round 142 of 1000: Training 5 Clients ---
--- Round 143 of 1000: Training 5 Clients ---
--- Round 144 of 1000: Training 5 Clients ---
--- Round 145 of 1000: Training 5 Clients ---
--- Round 146 of 1000: Training 5 Clients ---
--- Round 147 of 1000: Training 5 Clients ---
--- Round 148 of 1000: Training 5 Clients ---
--- Round 149 of 1000: Training 5 Clients ---
--- Round 150 of 1000: Training 5 Clients ---
--- Round 151 of 1000: Training 5 Clients ---
--- Round 152 of 1000: Training 5 Clients ---
--- Round 153 of 1000: Training 5 Clients ---
--- Round 154 of 1000: Training 5 Clients ---
--- Round 155 of 1000: Training 5 Clients ---
--- Round 156 of 1000: Training 5 Clients ---
--- Round 157 of 1000: Training 5 Clients ---
--- Round 158 of 1000: Training 5 Clients ---
--- Round 159 of 1000: Training 5 Clients ---
--- Round 160 of 1000: Training 5 Clients ---
train_accuracy: 0.189153, 10th percentile: 0.113794, 50th percentile: 0.205128, 90th percentile 0.306438
train_loss: 3.61042, 10th percentile: 3.36817, 50th percentile: 3.48642, 90th percentile 3.80631
test_accuracy: 0.195035, 10th percentile: 0.0555556, 50th percentile: 0.193548, 90th percentile 0.38547
test_loss: 3.60939, 10th percentile: 3.17333, 50th percentile: 3.57542, 90th percentile 3.91796
--- Round 161 of 1000: Training 5 Clients ---
--- Round 162 of 1000: Training 5 Clients ---
--- Round 163 of 1000: Training 5 Clients ---
--- Round 164 of 1000: Training 5 Clients ---
--- Round 165 of 1000: Training 5 Clients ---
--- Round 166 of 1000: Training 5 Clients ---
--- Round 167 of 1000: Training 5 Clients ---
--- Round 168 of 1000: Training 5 Clients ---
--- Round 169 of 1000: Training 5 Clients ---
--- Round 170 of 1000: Training 5 Clients ---
--- Round 171 of 1000: Training 5 Clients ---
--- Round 172 of 1000: Training 5 Clients ---
--- Round 173 of 1000: Training 5 Clients ---
--- Round 174 of 1000: Training 5 Clients ---
--- Round 175 of 1000: Training 5 Clients ---
--- Round 176 of 1000: Training 5 Clients ---
--- Round 177 of 1000: Training 5 Clients ---
--- Round 178 of 1000: Training 5 Clients ---
--- Round 179 of 1000: Training 5 Clients ---
--- Round 180 of 1000: Training 5 Clients ---
train_accuracy: 0.141026, 10th percentile: 0.0787677, 50th percentile: 0.159509, 90th percentile 0.240553
train_loss: 3.63086, 10th percentile: 3.26775, 50th percentile: 3.40915, 90th percentile 3.93479
test_accuracy: 0.143932, 10th percentile: 0.0526316, 50th percentile: 0.129032, 90th percentile 0.315789
test_loss: 3.62882, 10th percentile: 3.04505, 50th percentile: 3.5504, 90th percentile 4.02259
--- Round 181 of 1000: Training 5 Clients ---
--- Round 182 of 1000: Training 5 Clients ---
--- Round 183 of 1000: Training 5 Clients ---
--- Round 184 of 1000: Training 5 Clients ---
--- Round 185 of 1000: Training 5 Clients ---
--- Round 186 of 1000: Training 5 Clients ---
--- Round 187 of 1000: Training 5 Clients ---
--- Round 188 of 1000: Training 5 Clients ---
--- Round 189 of 1000: Training 5 Clients ---
--- Round 190 of 1000: Training 5 Clients ---
--- Round 191 of 1000: Training 5 Clients ---
--- Round 192 of 1000: Training 5 Clients ---
--- Round 193 of 1000: Training 5 Clients ---
--- Round 194 of 1000: Training 5 Clients ---
--- Round 195 of 1000: Training 5 Clients ---
--- Round 196 of 1000: Training 5 Clients ---
--- Round 197 of 1000: Training 5 Clients ---
--- Round 198 of 1000: Training 5 Clients ---
--- Round 199 of 1000: Training 5 Clients ---
--- Round 200 of 1000: Training 5 Clients ---
train_accuracy: 0.228766, 10th percentile: 0.151499, 50th percentile: 0.229226, 90th percentile 0.32766
train_loss: 3.56502, 10th percentile: 3.46142, 50th percentile: 3.54828, 90th percentile 3.67308
test_accuracy: 0.235567, 10th percentile: 0.0852381, 50th percentile: 0.235294, 90th percentile 0.421053
test_loss: 3.56084, 10th percentile: 3.27587, 50th percentile: 3.55482, 90th percentile 3.80902
--- Round 201 of 1000: Training 5 Clients ---
--- Round 202 of 1000: Training 5 Clients ---
--- Round 203 of 1000: Training 5 Clients ---
--- Round 204 of 1000: Training 5 Clients ---
--- Round 205 of 1000: Training 5 Clients ---
--- Round 206 of 1000: Training 5 Clients ---
--- Round 207 of 1000: Training 5 Clients ---
--- Round 208 of 1000: Training 5 Clients ---
--- Round 209 of 1000: Training 5 Clients ---
--- Round 210 of 1000: Training 5 Clients ---
--- Round 211 of 1000: Training 5 Clients ---
--- Round 212 of 1000: Training 5 Clients ---
--- Round 213 of 1000: Training 5 Clients ---
--- Round 214 of 1000: Training 5 Clients ---
--- Round 215 of 1000: Training 5 Clients ---
--- Round 216 of 1000: Training 5 Clients ---
--- Round 217 of 1000: Training 5 Clients ---
--- Round 218 of 1000: Training 5 Clients ---
--- Round 219 of 1000: Training 5 Clients ---
--- Round 220 of 1000: Training 5 Clients ---
train_accuracy: 0.200977, 10th percentile: 0.136507, 50th percentile: 0.208054, 90th percentile 0.288157
train_loss: 3.49577, 10th percentile: 3.33254, 50th percentile: 3.45473, 90th percentile 3.64908
test_accuracy: 0.198546, 10th percentile: 0.0809524, 50th percentile: 0.190476, 90th percentile 0.388889
test_loss: 3.49224, 10th percentile: 3.13579, 50th percentile: 3.47767, 90th percentile 3.76028
--- Round 221 of 1000: Training 5 Clients ---
--- Round 222 of 1000: Training 5 Clients ---
--- Round 223 of 1000: Training 5 Clients ---
--- Round 224 of 1000: Training 5 Clients ---
--- Round 225 of 1000: Training 5 Clients ---
--- Round 226 of 1000: Training 5 Clients ---
--- Round 227 of 1000: Training 5 Clients ---
--- Round 228 of 1000: Training 5 Clients ---
--- Round 229 of 1000: Training 5 Clients ---
--- Round 230 of 1000: Training 5 Clients ---
--- Round 231 of 1000: Training 5 Clients ---
--- Round 232 of 1000: Training 5 Clients ---
--- Round 233 of 1000: Training 5 Clients ---
--- Round 234 of 1000: Training 5 Clients ---
--- Round 235 of 1000: Training 5 Clients ---
--- Round 236 of 1000: Training 5 Clients ---
--- Round 237 of 1000: Training 5 Clients ---
--- Round 238 of 1000: Training 5 Clients ---
--- Round 239 of 1000: Training 5 Clients ---
--- Round 240 of 1000: Training 5 Clients ---
train_accuracy: 0.270736, 10th percentile: 0.169444, 50th percentile: 0.30303, 90th percentile 0.417739
train_loss: 3.39945, 10th percentile: 3.15076, 50th percentile: 3.33224, 90th percentile 3.58654
test_accuracy: 0.272711, 10th percentile: 0.114286, 50th percentile: 0.277778, 90th percentile 0.505263
test_loss: 3.39943, 10th percentile: 2.95, 50th percentile: 3.3998, 90th percentile 3.73134
--- Round 241 of 1000: Training 5 Clients ---
--- Round 242 of 1000: Training 5 Clients ---
--- Round 243 of 1000: Training 5 Clients ---
--- Round 244 of 1000: Training 5 Clients ---
--- Round 245 of 1000: Training 5 Clients ---
--- Round 246 of 1000: Training 5 Clients ---
--- Round 247 of 1000: Training 5 Clients ---
--- Round 248 of 1000: Training 5 Clients ---
--- Round 249 of 1000: Training 5 Clients ---
--- Round 250 of 1000: Training 5 Clients ---
--- Round 251 of 1000: Training 5 Clients ---
--- Round 252 of 1000: Training 5 Clients ---
--- Round 253 of 1000: Training 5 Clients ---
--- Round 254 of 1000: Training 5 Clients ---
--- Round 255 of 1000: Training 5 Clients ---
--- Round 256 of 1000: Training 5 Clients ---
--- Round 257 of 1000: Training 5 Clients ---
--- Round 258 of 1000: Training 5 Clients ---
--- Round 259 of 1000: Training 5 Clients ---
--- Round 260 of 1000: Training 5 Clients ---
train_accuracy: 0.286748, 10th percentile: 0.151492, 50th percentile: 0.340426, 90th percentile 0.456811
train_loss: 3.28987, 10th percentile: 2.96185, 50th percentile: 3.19094, 90th percentile 3.5364
test_accuracy: 0.290909, 10th percentile: 0.121212, 50th percentile: 0.3125, 90th percentile 0.529412
test_loss: 3.28779, 10th percentile: 2.75557, 50th percentile: 3.26375, 90th percentile 3.6692
--- Round 261 of 1000: Training 5 Clients ---
--- Round 262 of 1000: Training 5 Clients ---
--- Round 263 of 1000: Training 5 Clients ---
--- Round 264 of 1000: Training 5 Clients ---
--- Round 265 of 1000: Training 5 Clients ---
--- Round 266 of 1000: Training 5 Clients ---
--- Round 267 of 1000: Training 5 Clients ---
--- Round 268 of 1000: Training 5 Clients ---
--- Round 269 of 1000: Training 5 Clients ---
--- Round 270 of 1000: Training 5 Clients ---
--- Round 271 of 1000: Training 5 Clients ---
--- Round 272 of 1000: Training 5 Clients ---
--- Round 273 of 1000: Training 5 Clients ---
--- Round 274 of 1000: Training 5 Clients ---
--- Round 275 of 1000: Training 5 Clients ---
--- Round 276 of 1000: Training 5 Clients ---
--- Round 277 of 1000: Training 5 Clients ---
--- Round 278 of 1000: Training 5 Clients ---
--- Round 279 of 1000: Training 5 Clients ---
--- Round 280 of 1000: Training 5 Clients ---
train_accuracy: 0.246238, 10th percentile: 0.149346, 50th percentile: 0.272727, 90th percentile 0.388655
train_loss: 3.27375, 10th percentile: 2.74288, 50th percentile: 3.01867, 90th percentile 3.65885
test_accuracy: 0.24746, 10th percentile: 0.105263, 50th percentile: 0.25, 90th percentile 0.444444
test_loss: 3.28146, 10th percentile: 2.49583, 50th percentile: 3.1937, 90th percentile 3.76381
--- Round 281 of 1000: Training 5 Clients ---
--- Round 282 of 1000: Training 5 Clients ---
--- Round 283 of 1000: Training 5 Clients ---
--- Round 284 of 1000: Training 5 Clients ---
--- Round 285 of 1000: Training 5 Clients ---
--- Round 286 of 1000: Training 5 Clients ---
--- Round 287 of 1000: Training 5 Clients ---
--- Round 288 of 1000: Training 5 Clients ---
--- Round 289 of 1000: Training 5 Clients ---
--- Round 290 of 1000: Training 5 Clients ---
--- Round 291 of 1000: Training 5 Clients ---
--- Round 292 of 1000: Training 5 Clients ---
--- Round 293 of 1000: Training 5 Clients ---
--- Round 294 of 1000: Training 5 Clients ---
--- Round 295 of 1000: Training 5 Clients ---
--- Round 296 of 1000: Training 5 Clients ---
--- Round 297 of 1000: Training 5 Clients ---
--- Round 298 of 1000: Training 5 Clients ---
--- Round 299 of 1000: Training 5 Clients ---
--- Round 300 of 1000: Training 5 Clients ---
train_accuracy: 0.33921, 10th percentile: 0.206957, 50th percentile: 0.351648, 90th percentile 0.506345
train_loss: 2.98567, 10th percentile: 2.72393, 50th percentile: 2.96246, 90th percentile 3.2419
test_accuracy: 0.33918, 10th percentile: 0.170476, 50th percentile: 0.344828, 90th percentile 0.580805
test_loss: 2.98459, 10th percentile: 2.52333, 50th percentile: 2.97315, 90th percentile 3.42489
--- Round 301 of 1000: Training 5 Clients ---
--- Round 302 of 1000: Training 5 Clients ---
--- Round 303 of 1000: Training 5 Clients ---
--- Round 304 of 1000: Training 5 Clients ---
--- Round 305 of 1000: Training 5 Clients ---
--- Round 306 of 1000: Training 5 Clients ---
--- Round 307 of 1000: Training 5 Clients ---
--- Round 308 of 1000: Training 5 Clients ---
--- Round 309 of 1000: Training 5 Clients ---
--- Round 310 of 1000: Training 5 Clients ---
--- Round 311 of 1000: Training 5 Clients ---
--- Round 312 of 1000: Training 5 Clients ---
--- Round 313 of 1000: Training 5 Clients ---
--- Round 314 of 1000: Training 5 Clients ---
--- Round 315 of 1000: Training 5 Clients ---
--- Round 316 of 1000: Training 5 Clients ---
--- Round 317 of 1000: Training 5 Clients ---
--- Round 318 of 1000: Training 5 Clients ---
--- Round 319 of 1000: Training 5 Clients ---
--- Round 320 of 1000: Training 5 Clients ---
train_accuracy: 0.29041, 10th percentile: 0.162476, 50th percentile: 0.295322, 90th percentile 0.430511
train_loss: 2.89487, 10th percentile: 2.60778, 50th percentile: 2.8618, 90th percentile 3.24624
test_accuracy: 0.288936, 10th percentile: 0.111111, 50th percentile: 0.28, 90th percentile 0.505263
test_loss: 2.89503, 10th percentile: 2.36665, 50th percentile: 2.88529, 90th percentile 3.45511
--- Round 321 of 1000: Training 5 Clients ---
--- Round 322 of 1000: Training 5 Clients ---
--- Round 323 of 1000: Training 5 Clients ---
--- Round 324 of 1000: Training 5 Clients ---
--- Round 325 of 1000: Training 5 Clients ---
--- Round 326 of 1000: Training 5 Clients ---
--- Round 327 of 1000: Training 5 Clients ---
--- Round 328 of 1000: Training 5 Clients ---
--- Round 329 of 1000: Training 5 Clients ---
--- Round 330 of 1000: Training 5 Clients ---
--- Round 331 of 1000: Training 5 Clients ---
--- Round 332 of 1000: Training 5 Clients ---
--- Round 333 of 1000: Training 5 Clients ---
--- Round 334 of 1000: Training 5 Clients ---
--- Round 335 of 1000: Training 5 Clients ---
--- Round 336 of 1000: Training 5 Clients ---
--- Round 337 of 1000: Training 5 Clients ---
--- Round 338 of 1000: Training 5 Clients ---
--- Round 339 of 1000: Training 5 Clients ---
--- Round 340 of 1000: Training 5 Clients ---
train_accuracy: 0.371631, 10th percentile: 0.230831, 50th percentile: 0.40625, 90th percentile 0.578947
train_loss: 2.62323, 10th percentile: 2.15843, 50th percentile: 2.5596, 90th percentile 2.95033
test_accuracy: 0.373384, 10th percentile: 0.157895, 50th percentile: 0.4, 90th percentile 0.631579
test_loss: 2.62237, 10th percentile: 1.8888, 50th percentile: 2.59531, 90th percentile 3.13585
--- Round 341 of 1000: Training 5 Clients ---
--- Round 342 of 1000: Training 5 Clients ---
--- Round 343 of 1000: Training 5 Clients ---
--- Round 344 of 1000: Training 5 Clients ---
--- Round 345 of 1000: Training 5 Clients ---
--- Round 346 of 1000: Training 5 Clients ---
--- Round 347 of 1000: Training 5 Clients ---
--- Round 348 of 1000: Training 5 Clients ---
--- Round 349 of 1000: Training 5 Clients ---
--- Round 350 of 1000: Training 5 Clients ---
--- Round 351 of 1000: Training 5 Clients ---
--- Round 352 of 1000: Training 5 Clients ---
--- Round 353 of 1000: Training 5 Clients ---
--- Round 354 of 1000: Training 5 Clients ---
--- Round 355 of 1000: Training 5 Clients ---
--- Round 356 of 1000: Training 5 Clients ---
--- Round 357 of 1000: Training 5 Clients ---
--- Round 358 of 1000: Training 5 Clients ---
--- Round 359 of 1000: Training 5 Clients ---
--- Round 360 of 1000: Training 5 Clients ---
train_accuracy: 0.349812, 10th percentile: 0.221433, 50th percentile: 0.365314, 90th percentile 0.52445
train_loss: 2.53833, 10th percentile: 2.12749, 50th percentile: 2.4775, 90th percentile 2.93706
test_accuracy: 0.344745, 10th percentile: 0.171429, 50th percentile: 0.352941, 90th percentile 0.59281
test_loss: 2.54331, 10th percentile: 1.82667, 50th percentile: 2.52804, 90th percentile 3.10935
--- Round 361 of 1000: Training 5 Clients ---
--- Round 362 of 1000: Training 5 Clients ---
--- Round 363 of 1000: Training 5 Clients ---
--- Round 364 of 1000: Training 5 Clients ---
--- Round 365 of 1000: Training 5 Clients ---
--- Round 366 of 1000: Training 5 Clients ---
--- Round 367 of 1000: Training 5 Clients ---
--- Round 368 of 1000: Training 5 Clients ---
--- Round 369 of 1000: Training 5 Clients ---
--- Round 370 of 1000: Training 5 Clients ---
--- Round 371 of 1000: Training 5 Clients ---
--- Round 372 of 1000: Training 5 Clients ---
--- Round 373 of 1000: Training 5 Clients ---
--- Round 374 of 1000: Training 5 Clients ---
--- Round 375 of 1000: Training 5 Clients ---
--- Round 376 of 1000: Training 5 Clients ---
--- Round 377 of 1000: Training 5 Clients ---
--- Round 378 of 1000: Training 5 Clients ---
--- Round 379 of 1000: Training 5 Clients ---
--- Round 380 of 1000: Training 5 Clients ---
train_accuracy: 0.386053, 10th percentile: 0.235873, 50th percentile: 0.442177, 90th percentile 0.608069
train_loss: 2.43347, 10th percentile: 1.80914, 50th percentile: 2.33363, 90th percentile 2.84553
test_accuracy: 0.387768, 10th percentile: 0.184211, 50th percentile: 0.419355, 90th percentile 0.666667
test_loss: 2.43563, 10th percentile: 1.51528, 50th percentile: 2.45429, 90th percentile 3.05298
--- Round 381 of 1000: Training 5 Clients ---
--- Round 382 of 1000: Training 5 Clients ---
--- Round 383 of 1000: Training 5 Clients ---
--- Round 384 of 1000: Training 5 Clients ---
--- Round 385 of 1000: Training 5 Clients ---
--- Round 386 of 1000: Training 5 Clients ---
--- Round 387 of 1000: Training 5 Clients ---
--- Round 388 of 1000: Training 5 Clients ---
--- Round 389 of 1000: Training 5 Clients ---
--- Round 390 of 1000: Training 5 Clients ---
--- Round 391 of 1000: Training 5 Clients ---
--- Round 392 of 1000: Training 5 Clients ---
--- Round 393 of 1000: Training 5 Clients ---
--- Round 394 of 1000: Training 5 Clients ---
--- Round 395 of 1000: Training 5 Clients ---
--- Round 396 of 1000: Training 5 Clients ---
--- Round 397 of 1000: Training 5 Clients ---
--- Round 398 of 1000: Training 5 Clients ---
--- Round 399 of 1000: Training 5 Clients ---
--- Round 400 of 1000: Training 5 Clients ---
train_accuracy: 0.452067, 10th percentile: 0.310294, 50th percentile: 0.474074, 90th percentile 0.635635
train_loss: 2.23359, 10th percentile: 1.73217, 50th percentile: 2.1541, 90th percentile 2.60687
test_accuracy: 0.447906, 10th percentile: 0.256291, 50th percentile: 0.451613, 90th percentile 0.705882
test_loss: 2.23537, 10th percentile: 1.46986, 50th percentile: 2.24109, 90th percentile 2.72707
--- Round 401 of 1000: Training 5 Clients ---
--- Round 402 of 1000: Training 5 Clients ---
--- Round 403 of 1000: Training 5 Clients ---
--- Round 404 of 1000: Training 5 Clients ---
--- Round 405 of 1000: Training 5 Clients ---
--- Round 406 of 1000: Training 5 Clients ---
--- Round 407 of 1000: Training 5 Clients ---
--- Round 408 of 1000: Training 5 Clients ---
--- Round 409 of 1000: Training 5 Clients ---
--- Round 410 of 1000: Training 5 Clients ---
--- Round 411 of 1000: Training 5 Clients ---
--- Round 412 of 1000: Training 5 Clients ---
--- Round 413 of 1000: Training 5 Clients ---
--- Round 414 of 1000: Training 5 Clients ---
--- Round 415 of 1000: Training 5 Clients ---
--- Round 416 of 1000: Training 5 Clients ---
--- Round 417 of 1000: Training 5 Clients ---
--- Round 418 of 1000: Training 5 Clients ---
--- Round 419 of 1000: Training 5 Clients ---
--- Round 420 of 1000: Training 5 Clients ---
train_accuracy: 0.426709, 10th percentile: 0.273781, 50th percentile: 0.462025, 90th percentile 0.638343
train_loss: 2.23003, 10th percentile: 1.63549, 50th percentile: 2.12344, 90th percentile 2.67027
test_accuracy: 0.42961, 10th percentile: 0.247059, 50th percentile: 0.444444, 90th percentile 0.705882
test_loss: 2.22564, 10th percentile: 1.38085, 50th percentile: 2.21483, 90th percentile 2.86266
--- Round 421 of 1000: Training 5 Clients ---
--- Round 422 of 1000: Training 5 Clients ---
--- Round 423 of 1000: Training 5 Clients ---
--- Round 424 of 1000: Training 5 Clients ---
--- Round 425 of 1000: Training 5 Clients ---
--- Round 426 of 1000: Training 5 Clients ---
--- Round 427 of 1000: Training 5 Clients ---
--- Round 428 of 1000: Training 5 Clients ---
--- Round 429 of 1000: Training 5 Clients ---
--- Round 430 of 1000: Training 5 Clients ---
--- Round 431 of 1000: Training 5 Clients ---
--- Round 432 of 1000: Training 5 Clients ---
--- Round 433 of 1000: Training 5 Clients ---
--- Round 434 of 1000: Training 5 Clients ---
--- Round 435 of 1000: Training 5 Clients ---
--- Round 436 of 1000: Training 5 Clients ---
--- Round 437 of 1000: Training 5 Clients ---
--- Round 438 of 1000: Training 5 Clients ---
--- Round 439 of 1000: Training 5 Clients ---
--- Round 440 of 1000: Training 5 Clients ---
train_accuracy: 0.439032, 10th percentile: 0.27451, 50th percentile: 0.452756, 90th percentile 0.598422
train_loss: 2.16503, 10th percentile: 1.71598, 50th percentile: 2.08732, 90th percentile 2.77792
test_accuracy: 0.443901, 10th percentile: 0.222222, 50th percentile: 0.444444, 90th percentile 0.684211
test_loss: 2.16348, 10th percentile: 1.41409, 50th percentile: 2.12244, 90th percentile 3.01889
--- Round 441 of 1000: Training 5 Clients ---
--- Round 442 of 1000: Training 5 Clients ---
--- Round 443 of 1000: Training 5 Clients ---
--- Round 444 of 1000: Training 5 Clients ---
--- Round 445 of 1000: Training 5 Clients ---
--- Round 446 of 1000: Training 5 Clients ---
--- Round 447 of 1000: Training 5 Clients ---
--- Round 448 of 1000: Training 5 Clients ---
--- Round 449 of 1000: Training 5 Clients ---
--- Round 450 of 1000: Training 5 Clients ---
--- Round 451 of 1000: Training 5 Clients ---
--- Round 452 of 1000: Training 5 Clients ---
--- Round 453 of 1000: Training 5 Clients ---
--- Round 454 of 1000: Training 5 Clients ---
--- Round 455 of 1000: Training 5 Clients ---
--- Round 456 of 1000: Training 5 Clients ---
--- Round 457 of 1000: Training 5 Clients ---
--- Round 458 of 1000: Training 5 Clients ---
--- Round 459 of 1000: Training 5 Clients ---
--- Round 460 of 1000: Training 5 Clients ---
train_accuracy: 0.511879, 10th percentile: 0.351527, 50th percentile: 0.529801, 90th percentile 0.659345
train_loss: 1.93818, 10th percentile: 1.52279, 50th percentile: 1.86183, 90th percentile 2.45734
test_accuracy: 0.505561, 10th percentile: 0.302938, 50th percentile: 0.512195, 90th percentile 0.722222
test_loss: 1.93502, 10th percentile: 1.2826, 50th percentile: 1.8995, 90th percentile 2.56769
--- Round 461 of 1000: Training 5 Clients ---
--- Round 462 of 1000: Training 5 Clients ---
--- Round 463 of 1000: Training 5 Clients ---
--- Round 464 of 1000: Training 5 Clients ---
--- Round 465 of 1000: Training 5 Clients ---
--- Round 466 of 1000: Training 5 Clients ---
--- Round 467 of 1000: Training 5 Clients ---
--- Round 468 of 1000: Training 5 Clients ---
--- Round 469 of 1000: Training 5 Clients ---
--- Round 470 of 1000: Training 5 Clients ---
--- Round 471 of 1000: Training 5 Clients ---
--- Round 472 of 1000: Training 5 Clients ---
--- Round 473 of 1000: Training 5 Clients ---
--- Round 474 of 1000: Training 5 Clients ---
--- Round 475 of 1000: Training 5 Clients ---
--- Round 476 of 1000: Training 5 Clients ---
--- Round 477 of 1000: Training 5 Clients ---
--- Round 478 of 1000: Training 5 Clients ---
--- Round 479 of 1000: Training 5 Clients ---
--- Round 480 of 1000: Training 5 Clients ---
train_accuracy: 0.517976, 10th percentile: 0.388397, 50th percentile: 0.537217, 90th percentile 0.667076
train_loss: 1.8761, 10th percentile: 1.40858, 50th percentile: 1.79932, 90th percentile 2.45668
test_accuracy: 0.519647, 10th percentile: 0.319176, 50th percentile: 0.529412, 90th percentile 0.723932
test_loss: 1.87069, 10th percentile: 1.15864, 50th percentile: 1.80613, 90th percentile 2.51217
--- Round 481 of 1000: Training 5 Clients ---
--- Round 482 of 1000: Training 5 Clients ---
--- Round 483 of 1000: Training 5 Clients ---
--- Round 484 of 1000: Training 5 Clients ---
--- Round 485 of 1000: Training 5 Clients ---
--- Round 486 of 1000: Training 5 Clients ---
--- Round 487 of 1000: Training 5 Clients ---
--- Round 488 of 1000: Training 5 Clients ---
--- Round 489 of 1000: Training 5 Clients ---
--- Round 490 of 1000: Training 5 Clients ---
--- Round 491 of 1000: Training 5 Clients ---
--- Round 492 of 1000: Training 5 Clients ---
--- Round 493 of 1000: Training 5 Clients ---
--- Round 494 of 1000: Training 5 Clients ---
--- Round 495 of 1000: Training 5 Clients ---
--- Round 496 of 1000: Training 5 Clients ---
--- Round 497 of 1000: Training 5 Clients ---
--- Round 498 of 1000: Training 5 Clients ---
--- Round 499 of 1000: Training 5 Clients ---
--- Round 500 of 1000: Training 5 Clients ---
train_accuracy: 0.539967, 10th percentile: 0.382459, 50th percentile: 0.563333, 90th percentile 0.670796
train_loss: 1.79391, 10th percentile: 1.36949, 50th percentile: 1.7307, 90th percentile 2.27163
test_accuracy: 0.540899, 10th percentile: 0.352941, 50th percentile: 0.551724, 90th percentile 0.731984
test_loss: 1.7908, 10th percentile: 1.13198, 50th percentile: 1.7573, 90th percentile 2.51937
--- Round 501 of 1000: Training 5 Clients ---
--- Round 502 of 1000: Training 5 Clients ---
--- Round 503 of 1000: Training 5 Clients ---
--- Round 504 of 1000: Training 5 Clients ---
--- Round 505 of 1000: Training 5 Clients ---
--- Round 506 of 1000: Training 5 Clients ---
--- Round 507 of 1000: Training 5 Clients ---
--- Round 508 of 1000: Training 5 Clients ---
--- Round 509 of 1000: Training 5 Clients ---
--- Round 510 of 1000: Training 5 Clients ---
--- Round 511 of 1000: Training 5 Clients ---
--- Round 512 of 1000: Training 5 Clients ---
--- Round 513 of 1000: Training 5 Clients ---
--- Round 514 of 1000: Training 5 Clients ---
--- Round 515 of 1000: Training 5 Clients ---
--- Round 516 of 1000: Training 5 Clients ---
--- Round 517 of 1000: Training 5 Clients ---
--- Round 518 of 1000: Training 5 Clients ---
--- Round 519 of 1000: Training 5 Clients ---
--- Round 520 of 1000: Training 5 Clients ---
train_accuracy: 0.544719, 10th percentile: 0.346059, 50th percentile: 0.56, 90th percentile 0.672536
train_loss: 1.76383, 10th percentile: 1.33266, 50th percentile: 1.70573, 90th percentile 2.40053
test_accuracy: 0.554964, 10th percentile: 0.31417, 50th percentile: 0.555556, 90th percentile 0.738192
test_loss: 1.75587, 10th percentile: 1.13798, 50th percentile: 1.72257, 90th percentile 2.5554
--- Round 521 of 1000: Training 5 Clients ---
--- Round 522 of 1000: Training 5 Clients ---
--- Round 523 of 1000: Training 5 Clients ---
--- Round 524 of 1000: Training 5 Clients ---
--- Round 525 of 1000: Training 5 Clients ---
--- Round 526 of 1000: Training 5 Clients ---
--- Round 527 of 1000: Training 5 Clients ---
--- Round 528 of 1000: Training 5 Clients ---
--- Round 529 of 1000: Training 5 Clients ---
--- Round 530 of 1000: Training 5 Clients ---
--- Round 531 of 1000: Training 5 Clients ---
--- Round 532 of 1000: Training 5 Clients ---
--- Round 533 of 1000: Training 5 Clients ---
--- Round 534 of 1000: Training 5 Clients ---
--- Round 535 of 1000: Training 5 Clients ---
--- Round 536 of 1000: Training 5 Clients ---
--- Round 537 of 1000: Training 5 Clients ---
--- Round 538 of 1000: Training 5 Clients ---
--- Round 539 of 1000: Training 5 Clients ---
--- Round 540 of 1000: Training 5 Clients ---
train_accuracy: 0.506973, 10th percentile: 0.32319, 50th percentile: 0.518519, 90th percentile 0.640082
train_loss: 1.83833, 10th percentile: 1.28446, 50th percentile: 1.77696, 90th percentile 2.55849
test_accuracy: 0.510397, 10th percentile: 0.284127, 50th percentile: 0.518519, 90th percentile 0.724444
test_loss: 1.84085, 10th percentile: 1.09777, 50th percentile: 1.79961, 90th percentile 2.68547
--- Round 541 of 1000: Training 5 Clients ---
--- Round 542 of 1000: Training 5 Clients ---
--- Round 543 of 1000: Training 5 Clients ---
--- Round 544 of 1000: Training 5 Clients ---
--- Round 545 of 1000: Training 5 Clients ---
--- Round 546 of 1000: Training 5 Clients ---
--- Round 547 of 1000: Training 5 Clients ---
--- Round 548 of 1000: Training 5 Clients ---
--- Round 549 of 1000: Training 5 Clients ---
--- Round 550 of 1000: Training 5 Clients ---
--- Round 551 of 1000: Training 5 Clients ---
--- Round 552 of 1000: Training 5 Clients ---
--- Round 553 of 1000: Training 5 Clients ---
--- Round 554 of 1000: Training 5 Clients ---
--- Round 555 of 1000: Training 5 Clients ---
--- Round 556 of 1000: Training 5 Clients ---
--- Round 557 of 1000: Training 5 Clients ---
--- Round 558 of 1000: Training 5 Clients ---
--- Round 559 of 1000: Training 5 Clients ---
--- Round 560 of 1000: Training 5 Clients ---
train_accuracy: 0.562508, 10th percentile: 0.391774, 50th percentile: 0.575916, 90th percentile 0.710703
train_loss: 1.66417, 10th percentile: 1.17834, 50th percentile: 1.5929, 90th percentile 2.14743
test_accuracy: 0.562481, 10th percentile: 0.357768, 50th percentile: 0.571429, 90th percentile 0.764706
test_loss: 1.67194, 10th percentile: 0.96306, 50th percentile: 1.60702, 90th percentile 2.3722
--- Round 561 of 1000: Training 5 Clients ---
--- Round 562 of 1000: Training 5 Clients ---
--- Round 563 of 1000: Training 5 Clients ---
--- Round 564 of 1000: Training 5 Clients ---
--- Round 565 of 1000: Training 5 Clients ---
--- Round 566 of 1000: Training 5 Clients ---
--- Round 567 of 1000: Training 5 Clients ---
--- Round 568 of 1000: Training 5 Clients ---
--- Round 569 of 1000: Training 5 Clients ---
--- Round 570 of 1000: Training 5 Clients ---
--- Round 571 of 1000: Training 5 Clients ---
--- Round 572 of 1000: Training 5 Clients ---
--- Round 573 of 1000: Training 5 Clients ---
--- Round 574 of 1000: Training 5 Clients ---
--- Round 575 of 1000: Training 5 Clients ---
--- Round 576 of 1000: Training 5 Clients ---
--- Round 577 of 1000: Training 5 Clients ---
--- Round 578 of 1000: Training 5 Clients ---
--- Round 579 of 1000: Training 5 Clients ---
--- Round 580 of 1000: Training 5 Clients ---
train_accuracy: 0.538923, 10th percentile: 0.386309, 50th percentile: 0.55625, 90th percentile 0.681627
train_loss: 1.68325, 10th percentile: 1.17778, 50th percentile: 1.60259, 90th percentile 2.19984
test_accuracy: 0.539688, 10th percentile: 0.333333, 50th percentile: 0.555556, 90th percentile 0.733333
test_loss: 1.68792, 10th percentile: 0.97603, 50th percentile: 1.63197, 90th percentile 2.44877
--- Round 581 of 1000: Training 5 Clients ---
--- Round 582 of 1000: Training 5 Clients ---
--- Round 583 of 1000: Training 5 Clients ---
--- Round 584 of 1000: Training 5 Clients ---
--- Round 585 of 1000: Training 5 Clients ---
--- Round 586 of 1000: Training 5 Clients ---
--- Round 587 of 1000: Training 5 Clients ---
--- Round 588 of 1000: Training 5 Clients ---
--- Round 589 of 1000: Training 5 Clients ---
--- Round 590 of 1000: Training 5 Clients ---
--- Round 591 of 1000: Training 5 Clients ---
--- Round 592 of 1000: Training 5 Clients ---
--- Round 593 of 1000: Training 5 Clients ---
--- Round 594 of 1000: Training 5 Clients ---
--- Round 595 of 1000: Training 5 Clients ---
--- Round 596 of 1000: Training 5 Clients ---
--- Round 597 of 1000: Training 5 Clients ---
--- Round 598 of 1000: Training 5 Clients ---
--- Round 599 of 1000: Training 5 Clients ---
--- Round 600 of 1000: Training 5 Clients ---
train_accuracy: 0.585681, 10th percentile: 0.410864, 50th percentile: 0.602362, 90th percentile 0.709913
train_loss: 1.55598, 10th percentile: 1.10181, 50th percentile: 1.47878, 90th percentile 2.12363
test_accuracy: 0.586398, 10th percentile: 0.383362, 50th percentile: 0.6, 90th percentile 0.780117
test_loss: 1.56072, 10th percentile: 0.913697, 50th percentile: 1.52441, 90th percentile 2.32084
--- Round 601 of 1000: Training 5 Clients ---
--- Round 602 of 1000: Training 5 Clients ---
--- Round 603 of 1000: Training 5 Clients ---
--- Round 604 of 1000: Training 5 Clients ---
--- Round 605 of 1000: Training 5 Clients ---
--- Round 606 of 1000: Training 5 Clients ---
--- Round 607 of 1000: Training 5 Clients ---
--- Round 608 of 1000: Training 5 Clients ---
--- Round 609 of 1000: Training 5 Clients ---
--- Round 610 of 1000: Training 5 Clients ---
--- Round 611 of 1000: Training 5 Clients ---
--- Round 612 of 1000: Training 5 Clients ---
--- Round 613 of 1000: Training 5 Clients ---
--- Round 614 of 1000: Training 5 Clients ---
--- Round 615 of 1000: Training 5 Clients ---
--- Round 616 of 1000: Training 5 Clients ---
--- Round 617 of 1000: Training 5 Clients ---
--- Round 618 of 1000: Training 5 Clients ---
--- Round 619 of 1000: Training 5 Clients ---
--- Round 620 of 1000: Training 5 Clients ---
train_accuracy: 0.574729, 10th percentile: 0.384405, 50th percentile: 0.592593, 90th percentile 0.697647
train_loss: 1.57528, 10th percentile: 1.1039, 50th percentile: 1.4961, 90th percentile 2.21462
test_accuracy: 0.576395, 10th percentile: 0.352941, 50th percentile: 0.588235, 90th percentile 0.788198
test_loss: 1.58344, 10th percentile: 0.903209, 50th percentile: 1.52889, 90th percentile 2.38611
--- Round 621 of 1000: Training 5 Clients ---
--- Round 622 of 1000: Training 5 Clients ---
--- Round 623 of 1000: Training 5 Clients ---
--- Round 624 of 1000: Training 5 Clients ---
--- Round 625 of 1000: Training 5 Clients ---
--- Round 626 of 1000: Training 5 Clients ---
--- Round 627 of 1000: Training 5 Clients ---
--- Round 628 of 1000: Training 5 Clients ---
--- Round 629 of 1000: Training 5 Clients ---
--- Round 630 of 1000: Training 5 Clients ---
--- Round 631 of 1000: Training 5 Clients ---
--- Round 632 of 1000: Training 5 Clients ---
--- Round 633 of 1000: Training 5 Clients ---
--- Round 634 of 1000: Training 5 Clients ---
--- Round 635 of 1000: Training 5 Clients ---
--- Round 636 of 1000: Training 5 Clients ---
--- Round 637 of 1000: Training 5 Clients ---
--- Round 638 of 1000: Training 5 Clients ---
--- Round 639 of 1000: Training 5 Clients ---
--- Round 640 of 1000: Training 5 Clients ---
train_accuracy: 0.586832, 10th percentile: 0.384497, 50th percentile: 0.605042, 90th percentile 0.713714
train_loss: 1.52408, 10th percentile: 1.0613, 50th percentile: 1.45833, 90th percentile 2.27366
test_accuracy: 0.592622, 10th percentile: 0.352941, 50th percentile: 0.6, 90th percentile 0.777778
test_loss: 1.52846, 10th percentile: 0.87627, 50th percentile: 1.48589, 90th percentile 2.44548
--- Round 641 of 1000: Training 5 Clients ---
--- Round 642 of 1000: Training 5 Clients ---
--- Round 643 of 1000: Training 5 Clients ---
--- Round 644 of 1000: Training 5 Clients ---
--- Round 645 of 1000: Training 5 Clients ---
--- Round 646 of 1000: Training 5 Clients ---
--- Round 647 of 1000: Training 5 Clients ---
--- Round 648 of 1000: Training 5 Clients ---
--- Round 649 of 1000: Training 5 Clients ---
--- Round 650 of 1000: Training 5 Clients ---
--- Round 651 of 1000: Training 5 Clients ---
--- Round 652 of 1000: Training 5 Clients ---
--- Round 653 of 1000: Training 5 Clients ---
--- Round 654 of 1000: Training 5 Clients ---
--- Round 655 of 1000: Training 5 Clients ---
--- Round 656 of 1000: Training 5 Clients ---
--- Round 657 of 1000: Training 5 Clients ---
--- Round 658 of 1000: Training 5 Clients ---
--- Round 659 of 1000: Training 5 Clients ---
--- Round 660 of 1000: Training 5 Clients ---
train_accuracy: 0.609012, 10th percentile: 0.480935, 50th percentile: 0.639241, 90th percentile 0.767818
train_loss: 1.44413, 10th percentile: 0.951238, 50th percentile: 1.33669, 90th percentile 1.90023
test_accuracy: 0.616633, 10th percentile: 0.411765, 50th percentile: 0.642857, 90th percentile 0.833333
test_loss: 1.44738, 10th percentile: 0.73997, 50th percentile: 1.35446, 90th percentile 2.13784
--- Round 661 of 1000: Training 5 Clients ---
--- Round 662 of 1000: Training 5 Clients ---
--- Round 663 of 1000: Training 5 Clients ---
--- Round 664 of 1000: Training 5 Clients ---
--- Round 665 of 1000: Training 5 Clients ---
--- Round 666 of 1000: Training 5 Clients ---
--- Round 667 of 1000: Training 5 Clients ---
--- Round 668 of 1000: Training 5 Clients ---
--- Round 669 of 1000: Training 5 Clients ---
--- Round 670 of 1000: Training 5 Clients ---
--- Round 671 of 1000: Training 5 Clients ---
--- Round 672 of 1000: Training 5 Clients ---
--- Round 673 of 1000: Training 5 Clients ---
--- Round 674 of 1000: Training 5 Clients ---
--- Round 675 of 1000: Training 5 Clients ---
--- Round 676 of 1000: Training 5 Clients ---
--- Round 677 of 1000: Training 5 Clients ---
--- Round 678 of 1000: Training 5 Clients ---
--- Round 679 of 1000: Training 5 Clients ---
--- Round 680 of 1000: Training 5 Clients ---
train_accuracy: 0.620306, 10th percentile: 0.426667, 50th percentile: 0.638889, 90th percentile 0.73737
train_loss: 1.40323, 10th percentile: 0.954798, 50th percentile: 1.33897, 90th percentile 2.0778
test_accuracy: 0.62944, 10th percentile: 0.388889, 50th percentile: 0.641026, 90th percentile 0.818182
test_loss: 1.40795, 10th percentile: 0.765054, 50th percentile: 1.38347, 90th percentile 2.25478
--- Round 681 of 1000: Training 5 Clients ---
--- Round 682 of 1000: Training 5 Clients ---
--- Round 683 of 1000: Training 5 Clients ---
--- Round 684 of 1000: Training 5 Clients ---
--- Round 685 of 1000: Training 5 Clients ---
--- Round 686 of 1000: Training 5 Clients ---
--- Round 687 of 1000: Training 5 Clients ---
--- Round 688 of 1000: Training 5 Clients ---
--- Round 689 of 1000: Training 5 Clients ---
--- Round 690 of 1000: Training 5 Clients ---
--- Round 691 of 1000: Training 5 Clients ---
--- Round 692 of 1000: Training 5 Clients ---
--- Round 693 of 1000: Training 5 Clients ---
--- Round 694 of 1000: Training 5 Clients ---
--- Round 695 of 1000: Training 5 Clients ---
--- Round 696 of 1000: Training 5 Clients ---
--- Round 697 of 1000: Training 5 Clients ---
--- Round 698 of 1000: Training 5 Clients ---
--- Round 699 of 1000: Training 5 Clients ---
--- Round 700 of 1000: Training 5 Clients ---
train_accuracy: 0.624744, 10th percentile: 0.476195, 50th percentile: 0.649254, 90th percentile 0.768774
train_loss: 1.38696, 10th percentile: 0.871268, 50th percentile: 1.30362, 90th percentile 1.89472
test_accuracy: 0.63309, 10th percentile: 0.423604, 50th percentile: 0.666667, 90th percentile 0.833333
test_loss: 1.39787, 10th percentile: 0.663506, 50th percentile: 1.32578, 90th percentile 2.09422
--- Round 701 of 1000: Training 5 Clients ---
--- Round 702 of 1000: Training 5 Clients ---
--- Round 703 of 1000: Training 5 Clients ---
--- Round 704 of 1000: Training 5 Clients ---
--- Round 705 of 1000: Training 5 Clients ---
--- Round 706 of 1000: Training 5 Clients ---
--- Round 707 of 1000: Training 5 Clients ---
--- Round 708 of 1000: Training 5 Clients ---
--- Round 709 of 1000: Training 5 Clients ---
--- Round 710 of 1000: Training 5 Clients ---
--- Round 711 of 1000: Training 5 Clients ---
--- Round 712 of 1000: Training 5 Clients ---
--- Round 713 of 1000: Training 5 Clients ---
--- Round 714 of 1000: Training 5 Clients ---
--- Round 715 of 1000: Training 5 Clients ---
--- Round 716 of 1000: Training 5 Clients ---
--- Round 717 of 1000: Training 5 Clients ---
--- Round 718 of 1000: Training 5 Clients ---
--- Round 719 of 1000: Training 5 Clients ---
--- Round 720 of 1000: Training 5 Clients ---
train_accuracy: 0.639793, 10th percentile: 0.487544, 50th percentile: 0.661871, 90th percentile 0.771812
train_loss: 1.33016, 10th percentile: 0.845232, 50th percentile: 1.24033, 90th percentile 1.82055
test_accuracy: 0.646866, 10th percentile: 0.42521, 50th percentile: 0.666667, 90th percentile 0.842105
test_loss: 1.33507, 10th percentile: 0.658907, 50th percentile: 1.26512, 90th percentile 2.08512
--- Round 721 of 1000: Training 5 Clients ---
--- Round 722 of 1000: Training 5 Clients ---
--- Round 723 of 1000: Training 5 Clients ---
--- Round 724 of 1000: Training 5 Clients ---
--- Round 725 of 1000: Training 5 Clients ---
--- Round 726 of 1000: Training 5 Clients ---
--- Round 727 of 1000: Training 5 Clients ---
--- Round 728 of 1000: Training 5 Clients ---
--- Round 729 of 1000: Training 5 Clients ---
--- Round 730 of 1000: Training 5 Clients ---
--- Round 731 of 1000: Training 5 Clients ---
--- Round 732 of 1000: Training 5 Clients ---
--- Round 733 of 1000: Training 5 Clients ---
--- Round 734 of 1000: Training 5 Clients ---
--- Round 735 of 1000: Training 5 Clients ---
--- Round 736 of 1000: Training 5 Clients ---
--- Round 737 of 1000: Training 5 Clients ---
--- Round 738 of 1000: Training 5 Clients ---
--- Round 739 of 1000: Training 5 Clients ---
--- Round 740 of 1000: Training 5 Clients ---
train_accuracy: 0.640116, 10th percentile: 0.478034, 50th percentile: 0.655319, 90th percentile 0.767021
train_loss: 1.30574, 10th percentile: 0.819314, 50th percentile: 1.22232, 90th percentile 1.85515
test_accuracy: 0.647738, 10th percentile: 0.419195, 50th percentile: 0.666667, 90th percentile 0.835088
test_loss: 1.31443, 10th percentile: 0.648063, 50th percentile: 1.23835, 90th percentile 2.11307
--- Round 741 of 1000: Training 5 Clients ---
--- Round 742 of 1000: Training 5 Clients ---
--- Round 743 of 1000: Training 5 Clients ---
--- Round 744 of 1000: Training 5 Clients ---
--- Round 745 of 1000: Training 5 Clients ---
--- Round 746 of 1000: Training 5 Clients ---
--- Round 747 of 1000: Training 5 Clients ---
--- Round 748 of 1000: Training 5 Clients ---
--- Round 749 of 1000: Training 5 Clients ---
--- Round 750 of 1000: Training 5 Clients ---
--- Round 751 of 1000: Training 5 Clients ---
--- Round 752 of 1000: Training 5 Clients ---
--- Round 753 of 1000: Training 5 Clients ---
--- Round 754 of 1000: Training 5 Clients ---
--- Round 755 of 1000: Training 5 Clients ---
--- Round 756 of 1000: Training 5 Clients ---
--- Round 757 of 1000: Training 5 Clients ---
--- Round 758 of 1000: Training 5 Clients ---
--- Round 759 of 1000: Training 5 Clients ---
--- Round 760 of 1000: Training 5 Clients ---
train_accuracy: 0.649854, 10th percentile: 0.495513, 50th percentile: 0.67284, 90th percentile 0.778523
train_loss: 1.27334, 10th percentile: 0.817044, 50th percentile: 1.19613, 90th percentile 1.79763
test_accuracy: 0.655288, 10th percentile: 0.443056, 50th percentile: 0.666667, 90th percentile 0.833333
test_loss: 1.28177, 10th percentile: 0.630087, 50th percentile: 1.23063, 90th percentile 2.02939
--- Round 761 of 1000: Training 5 Clients ---
--- Round 762 of 1000: Training 5 Clients ---
--- Round 763 of 1000: Training 5 Clients ---
--- Round 764 of 1000: Training 5 Clients ---
--- Round 765 of 1000: Training 5 Clients ---
--- Round 766 of 1000: Training 5 Clients ---
--- Round 767 of 1000: Training 5 Clients ---
--- Round 768 of 1000: Training 5 Clients ---
--- Round 769 of 1000: Training 5 Clients ---
--- Round 770 of 1000: Training 5 Clients ---
--- Round 771 of 1000: Training 5 Clients ---
--- Round 772 of 1000: Training 5 Clients ---
--- Round 773 of 1000: Training 5 Clients ---
--- Round 774 of 1000: Training 5 Clients ---
--- Round 775 of 1000: Training 5 Clients ---
--- Round 776 of 1000: Training 5 Clients ---
--- Round 777 of 1000: Training 5 Clients ---
--- Round 778 of 1000: Training 5 Clients ---
--- Round 779 of 1000: Training 5 Clients ---
--- Round 780 of 1000: Training 5 Clients ---
train_accuracy: 0.652634, 10th percentile: 0.464905, 50th percentile: 0.666667, 90th percentile 0.775278
train_loss: 1.24498, 10th percentile: 0.772889, 50th percentile: 1.16666, 90th percentile 1.825
test_accuracy: 0.66376, 10th percentile: 0.427706, 50th percentile: 0.666667, 90th percentile 0.846154
test_loss: 1.25127, 10th percentile: 0.602943, 50th percentile: 1.1856, 90th percentile 1.99688
--- Round 781 of 1000: Training 5 Clients ---
--- Round 782 of 1000: Training 5 Clients ---
--- Round 783 of 1000: Training 5 Clients ---
--- Round 784 of 1000: Training 5 Clients ---
--- Round 785 of 1000: Training 5 Clients ---
--- Round 786 of 1000: Training 5 Clients ---
--- Round 787 of 1000: Training 5 Clients ---
--- Round 788 of 1000: Training 5 Clients ---
--- Round 789 of 1000: Training 5 Clients ---
--- Round 790 of 1000: Training 5 Clients ---
--- Round 791 of 1000: Training 5 Clients ---
--- Round 792 of 1000: Training 5 Clients ---
--- Round 793 of 1000: Training 5 Clients ---
--- Round 794 of 1000: Training 5 Clients ---
--- Round 795 of 1000: Training 5 Clients ---
--- Round 796 of 1000: Training 5 Clients ---
--- Round 797 of 1000: Training 5 Clients ---
--- Round 798 of 1000: Training 5 Clients ---
--- Round 799 of 1000: Training 5 Clients ---
--- Round 800 of 1000: Training 5 Clients ---
train_accuracy: 0.656542, 10th percentile: 0.531242, 50th percentile: 0.679487, 90th percentile 0.798926
train_loss: 1.25334, 10th percentile: 0.777582, 50th percentile: 1.15488, 90th percentile 1.70784
test_accuracy: 0.660316, 10th percentile: 0.462222, 50th percentile: 0.666667, 90th percentile 0.842105
test_loss: 1.26427, 10th percentile: 0.590434, 50th percentile: 1.18238, 90th percentile 1.93217
--- Round 801 of 1000: Training 5 Clients ---
--- Round 802 of 1000: Training 5 Clients ---
--- Round 803 of 1000: Training 5 Clients ---
--- Round 804 of 1000: Training 5 Clients ---
--- Round 805 of 1000: Training 5 Clients ---
--- Round 806 of 1000: Training 5 Clients ---
--- Round 807 of 1000: Training 5 Clients ---
--- Round 808 of 1000: Training 5 Clients ---
--- Round 809 of 1000: Training 5 Clients ---
--- Round 810 of 1000: Training 5 Clients ---
--- Round 811 of 1000: Training 5 Clients ---
--- Round 812 of 1000: Training 5 Clients ---
--- Round 813 of 1000: Training 5 Clients ---
--- Round 814 of 1000: Training 5 Clients ---
--- Round 815 of 1000: Training 5 Clients ---
--- Round 816 of 1000: Training 5 Clients ---
--- Round 817 of 1000: Training 5 Clients ---
--- Round 818 of 1000: Training 5 Clients ---
--- Round 819 of 1000: Training 5 Clients ---
--- Round 820 of 1000: Training 5 Clients ---
train_accuracy: 0.653856, 10th percentile: 0.519704, 50th percentile: 0.674667, 90th percentile 0.780969
train_loss: 1.23586, 10th percentile: 0.767276, 50th percentile: 1.14408, 90th percentile 1.70957
test_accuracy: 0.649826, 10th percentile: 0.457576, 50th percentile: 0.666667, 90th percentile 0.814103
test_loss: 1.25263, 10th percentile: 0.603971, 50th percentile: 1.16896, 90th percentile 1.94362
--- Round 821 of 1000: Training 5 Clients ---
--- Round 822 of 1000: Training 5 Clients ---
--- Round 823 of 1000: Training 5 Clients ---
--- Round 824 of 1000: Training 5 Clients ---
--- Round 825 of 1000: Training 5 Clients ---
--- Round 826 of 1000: Training 5 Clients ---
--- Round 827 of 1000: Training 5 Clients ---
--- Round 828 of 1000: Training 5 Clients ---
--- Round 829 of 1000: Training 5 Clients ---
--- Round 830 of 1000: Training 5 Clients ---
--- Round 831 of 1000: Training 5 Clients ---
--- Round 832 of 1000: Training 5 Clients ---
--- Round 833 of 1000: Training 5 Clients ---
--- Round 834 of 1000: Training 5 Clients ---
--- Round 835 of 1000: Training 5 Clients ---
--- Round 836 of 1000: Training 5 Clients ---
--- Round 837 of 1000: Training 5 Clients ---
--- Round 838 of 1000: Training 5 Clients ---
--- Round 839 of 1000: Training 5 Clients ---
--- Round 840 of 1000: Training 5 Clients ---
train_accuracy: 0.662392, 10th percentile: 0.459057, 50th percentile: 0.686667, 90th percentile 0.781883
train_loss: 1.18877, 10th percentile: 0.739066, 50th percentile: 1.12652, 90th percentile 1.80068
test_accuracy: 0.668175, 10th percentile: 0.420175, 50th percentile: 0.681818, 90th percentile 0.833333
test_loss: 1.19764, 10th percentile: 0.575129, 50th percentile: 1.14518, 90th percentile 1.97524
--- Round 841 of 1000: Training 5 Clients ---
--- Round 842 of 1000: Training 5 Clients ---
--- Round 843 of 1000: Training 5 Clients ---
--- Round 844 of 1000: Training 5 Clients ---
--- Round 845 of 1000: Training 5 Clients ---
--- Round 846 of 1000: Training 5 Clients ---
--- Round 847 of 1000: Training 5 Clients ---
--- Round 848 of 1000: Training 5 Clients ---
--- Round 849 of 1000: Training 5 Clients ---
--- Round 850 of 1000: Training 5 Clients ---
--- Round 851 of 1000: Training 5 Clients ---
--- Round 852 of 1000: Training 5 Clients ---
--- Round 853 of 1000: Training 5 Clients ---
--- Round 854 of 1000: Training 5 Clients ---
--- Round 855 of 1000: Training 5 Clients ---
--- Round 856 of 1000: Training 5 Clients ---
--- Round 857 of 1000: Training 5 Clients ---
--- Round 858 of 1000: Training 5 Clients ---
--- Round 859 of 1000: Training 5 Clients ---
--- Round 860 of 1000: Training 5 Clients ---
train_accuracy: 0.647406, 10th percentile: 0.511271, 50th percentile: 0.670732, 90th percentile 0.797851
train_loss: 1.24665, 10th percentile: 0.721409, 50th percentile: 1.14986, 90th percentile 1.73976
test_accuracy: 0.656859, 10th percentile: 0.444444, 50th percentile: 0.685714, 90th percentile 0.842915
test_loss: 1.25804, 10th percentile: 0.542616, 50th percentile: 1.16178, 90th percentile 2.01133
--- Round 861 of 1000: Training 5 Clients ---
--- Round 862 of 1000: Training 5 Clients ---
--- Round 863 of 1000: Training 5 Clients ---
--- Round 864 of 1000: Training 5 Clients ---
--- Round 865 of 1000: Training 5 Clients ---
--- Round 866 of 1000: Training 5 Clients ---
--- Round 867 of 1000: Training 5 Clients ---
--- Round 868 of 1000: Training 5 Clients ---
--- Round 869 of 1000: Training 5 Clients ---
--- Round 870 of 1000: Training 5 Clients ---
--- Round 871 of 1000: Training 5 Clients ---
--- Round 872 of 1000: Training 5 Clients ---
--- Round 873 of 1000: Training 5 Clients ---
--- Round 874 of 1000: Training 5 Clients ---
--- Round 875 of 1000: Training 5 Clients ---
--- Round 876 of 1000: Training 5 Clients ---
--- Round 877 of 1000: Training 5 Clients ---
--- Round 878 of 1000: Training 5 Clients ---
--- Round 879 of 1000: Training 5 Clients ---
--- Round 880 of 1000: Training 5 Clients ---
train_accuracy: 0.679936, 10th percentile: 0.502261, 50th percentile: 0.697095, 90th percentile 0.797785
train_loss: 1.13956, 10th percentile: 0.709136, 50th percentile: 1.06603, 90th percentile 1.70156
test_accuracy: 0.69216, 10th percentile: 0.443556, 50th percentile: 0.722222, 90th percentile 0.842915
test_loss: 1.15022, 10th percentile: 0.560446, 50th percentile: 1.10327, 90th percentile 1.93229
--- Round 881 of 1000: Training 5 Clients ---
--- Round 882 of 1000: Training 5 Clients ---
--- Round 883 of 1000: Training 5 Clients ---
--- Round 884 of 1000: Training 5 Clients ---
--- Round 885 of 1000: Training 5 Clients ---
--- Round 886 of 1000: Training 5 Clients ---
--- Round 887 of 1000: Training 5 Clients ---
--- Round 888 of 1000: Training 5 Clients ---
--- Round 889 of 1000: Training 5 Clients ---
--- Round 890 of 1000: Training 5 Clients ---
--- Round 891 of 1000: Training 5 Clients ---
--- Round 892 of 1000: Training 5 Clients ---
--- Round 893 of 1000: Training 5 Clients ---
--- Round 894 of 1000: Training 5 Clients ---
--- Round 895 of 1000: Training 5 Clients ---
--- Round 896 of 1000: Training 5 Clients ---
--- Round 897 of 1000: Training 5 Clients ---
--- Round 898 of 1000: Training 5 Clients ---
--- Round 899 of 1000: Training 5 Clients ---
--- Round 900 of 1000: Training 5 Clients ---
train_accuracy: 0.673503, 10th percentile: 0.468459, 50th percentile: 0.682692, 90th percentile 0.791847
train_loss: 1.14879, 10th percentile: 0.717363, 50th percentile: 1.07583, 90th percentile 1.8229
test_accuracy: 0.678997, 10th percentile: 0.440404, 50th percentile: 0.684211, 90th percentile 0.848485
test_loss: 1.16078, 10th percentile: 0.595722, 50th percentile: 1.12459, 90th percentile 1.97636
--- Round 901 of 1000: Training 5 Clients ---
--- Round 902 of 1000: Training 5 Clients ---
--- Round 903 of 1000: Training 5 Clients ---
--- Round 904 of 1000: Training 5 Clients ---
--- Round 905 of 1000: Training 5 Clients ---
--- Round 906 of 1000: Training 5 Clients ---
--- Round 907 of 1000: Training 5 Clients ---
--- Round 908 of 1000: Training 5 Clients ---
--- Round 909 of 1000: Training 5 Clients ---
--- Round 910 of 1000: Training 5 Clients ---
--- Round 911 of 1000: Training 5 Clients ---
--- Round 912 of 1000: Training 5 Clients ---
--- Round 913 of 1000: Training 5 Clients ---
--- Round 914 of 1000: Training 5 Clients ---
--- Round 915 of 1000: Training 5 Clients ---
--- Round 916 of 1000: Training 5 Clients ---
--- Round 917 of 1000: Training 5 Clients ---
--- Round 918 of 1000: Training 5 Clients ---
--- Round 919 of 1000: Training 5 Clients ---
--- Round 920 of 1000: Training 5 Clients ---
train_accuracy: 0.678404, 10th percentile: 0.507601, 50th percentile: 0.702532, 90th percentile 0.80519
train_loss: 1.14112, 10th percentile: 0.665407, 50th percentile: 1.02804, 90th percentile 1.72414
test_accuracy: 0.682713, 10th percentile: 0.473065, 50th percentile: 0.692308, 90th percentile 0.866667
test_loss: 1.15823, 10th percentile: 0.481943, 50th percentile: 1.09894, 90th percentile 1.90499
--- Round 921 of 1000: Training 5 Clients ---
--- Round 922 of 1000: Training 5 Clients ---
--- Round 923 of 1000: Training 5 Clients ---
--- Round 924 of 1000: Training 5 Clients ---
--- Round 925 of 1000: Training 5 Clients ---
--- Round 926 of 1000: Training 5 Clients ---
--- Round 927 of 1000: Training 5 Clients ---
--- Round 928 of 1000: Training 5 Clients ---
--- Round 929 of 1000: Training 5 Clients ---
--- Round 930 of 1000: Training 5 Clients ---
--- Round 931 of 1000: Training 5 Clients ---
--- Round 932 of 1000: Training 5 Clients ---
--- Round 933 of 1000: Training 5 Clients ---
--- Round 934 of 1000: Training 5 Clients ---
--- Round 935 of 1000: Training 5 Clients ---
--- Round 936 of 1000: Training 5 Clients ---
--- Round 937 of 1000: Training 5 Clients ---
--- Round 938 of 1000: Training 5 Clients ---
--- Round 939 of 1000: Training 5 Clients ---
--- Round 940 of 1000: Training 5 Clients ---
train_accuracy: 0.693949, 10th percentile: 0.528691, 50th percentile: 0.703704, 90th percentile 0.807654
train_loss: 1.07591, 10th percentile: 0.644949, 50th percentile: 1.00629, 90th percentile 1.56456
test_accuracy: 0.697953, 10th percentile: 0.496774, 50th percentile: 0.705882, 90th percentile 0.842105
test_loss: 1.09322, 10th percentile: 0.509691, 50th percentile: 1.05322, 90th percentile 1.84759
--- Round 941 of 1000: Training 5 Clients ---
--- Round 942 of 1000: Training 5 Clients ---
--- Round 943 of 1000: Training 5 Clients ---
--- Round 944 of 1000: Training 5 Clients ---
--- Round 945 of 1000: Training 5 Clients ---
--- Round 946 of 1000: Training 5 Clients ---
--- Round 947 of 1000: Training 5 Clients ---
--- Round 948 of 1000: Training 5 Clients ---
--- Round 949 of 1000: Training 5 Clients ---
--- Round 950 of 1000: Training 5 Clients ---
--- Round 951 of 1000: Training 5 Clients ---
--- Round 952 of 1000: Training 5 Clients ---
--- Round 953 of 1000: Training 5 Clients ---
--- Round 954 of 1000: Training 5 Clients ---
--- Round 955 of 1000: Training 5 Clients ---
--- Round 956 of 1000: Training 5 Clients ---
--- Round 957 of 1000: Training 5 Clients ---
--- Round 958 of 1000: Training 5 Clients ---
--- Round 959 of 1000: Training 5 Clients ---
--- Round 960 of 1000: Training 5 Clients ---
train_accuracy: 0.702023, 10th percentile: 0.532917, 50th percentile: 0.717842, 90th percentile 0.821526
train_loss: 1.04717, 10th percentile: 0.607445, 50th percentile: 0.966435, 90th percentile 1.5754
test_accuracy: 0.707022, 10th percentile: 0.5, 50th percentile: 0.71875, 90th percentile 0.879501
test_loss: 1.06576, 10th percentile: 0.515868, 50th percentile: 1.01385, 90th percentile 1.78631
--- Round 961 of 1000: Training 5 Clients ---
--- Round 962 of 1000: Training 5 Clients ---
--- Round 963 of 1000: Training 5 Clients ---
--- Round 964 of 1000: Training 5 Clients ---
--- Round 965 of 1000: Training 5 Clients ---
--- Round 966 of 1000: Training 5 Clients ---
--- Round 967 of 1000: Training 5 Clients ---
--- Round 968 of 1000: Training 5 Clients ---
--- Round 969 of 1000: Training 5 Clients ---
--- Round 970 of 1000: Training 5 Clients ---
--- Round 971 of 1000: Training 5 Clients ---
--- Round 972 of 1000: Training 5 Clients ---
--- Round 973 of 1000: Training 5 Clients ---
--- Round 974 of 1000: Training 5 Clients ---
--- Round 975 of 1000: Training 5 Clients ---
--- Round 976 of 1000: Training 5 Clients ---
--- Round 977 of 1000: Training 5 Clients ---
--- Round 978 of 1000: Training 5 Clients ---
--- Round 979 of 1000: Training 5 Clients ---
--- Round 980 of 1000: Training 5 Clients ---
train_accuracy: 0.693379, 10th percentile: 0.496323, 50th percentile: 0.703704, 90th percentile 0.822205
train_loss: 1.05613, 10th percentile: 0.601551, 50th percentile: 1.01016, 90th percentile 1.69337
test_accuracy: 0.701067, 10th percentile: 0.453959, 50th percentile: 0.714286, 90th percentile 0.870494
test_loss: 1.06586, 10th percentile: 0.502115, 50th percentile: 1.00007, 90th percentile 1.80516
--- Round 981 of 1000: Training 5 Clients ---
--- Round 982 of 1000: Training 5 Clients ---
--- Round 983 of 1000: Training 5 Clients ---
--- Round 984 of 1000: Training 5 Clients ---
--- Round 985 of 1000: Training 5 Clients ---
--- Round 986 of 1000: Training 5 Clients ---
--- Round 987 of 1000: Training 5 Clients ---
--- Round 988 of 1000: Training 5 Clients ---
--- Round 989 of 1000: Training 5 Clients ---
--- Round 990 of 1000: Training 5 Clients ---
--- Round 991 of 1000: Training 5 Clients ---
--- Round 992 of 1000: Training 5 Clients ---
--- Round 993 of 1000: Training 5 Clients ---
--- Round 994 of 1000: Training 5 Clients ---
--- Round 995 of 1000: Training 5 Clients ---
--- Round 996 of 1000: Training 5 Clients ---
--- Round 997 of 1000: Training 5 Clients ---
--- Round 998 of 1000: Training 5 Clients ---
--- Round 999 of 1000: Training 5 Clients ---
--- Round 1000 of 1000: Training 5 Clients ---
train_accuracy: 0.702078, 10th percentile: 0.581642, 50th percentile: 0.72524, 90th percentile 0.82474
train_loss: 1.03249, 10th percentile: 0.599274, 50th percentile: 0.951204, 90th percentile 1.43251
test_accuracy: 0.701278, 10th percentile: 0.521391, 50th percentile: 0.72, 90th percentile 0.879501
test_loss: 1.05225, 10th percentile: 0.423766, 50th percentile: 0.993974, 90th percentile 1.78418
Model saved in path: checkpoints/femnist/cnn.ckpt
Model path: femnist.cnn
Model sys metrics: metrics/sys_metrics.csv
Model test metrics: metrics/stat_metrics.csv
25454.92user 610.05system 38:14.02elapsed 1136%CPU (0avgtext+0avgdata 2409252maxresident)k
0inputs+55520outputs (0major+96810145minor)pagefaults 0swaps
