/home/vsarkhel/Projects/fedtest/lib/python3.6/site-packages/tensorflow/python/framework/dtypes.py:516: FutureWarning: Passing (type, 1) or '1type' as a synonym of type is deprecated; in a future version of numpy, it will be understood as (type, (1,)) / '(1,)type'.
  _np_qint8 = np.dtype([("qint8", np.int8, 1)])
/home/vsarkhel/Projects/fedtest/lib/python3.6/site-packages/tensorflow/python/framework/dtypes.py:517: FutureWarning: Passing (type, 1) or '1type' as a synonym of type is deprecated; in a future version of numpy, it will be understood as (type, (1,)) / '(1,)type'.
  _np_quint8 = np.dtype([("quint8", np.uint8, 1)])
/home/vsarkhel/Projects/fedtest/lib/python3.6/site-packages/tensorflow/python/framework/dtypes.py:518: FutureWarning: Passing (type, 1) or '1type' as a synonym of type is deprecated; in a future version of numpy, it will be understood as (type, (1,)) / '(1,)type'.
  _np_qint16 = np.dtype([("qint16", np.int16, 1)])
/home/vsarkhel/Projects/fedtest/lib/python3.6/site-packages/tensorflow/python/framework/dtypes.py:519: FutureWarning: Passing (type, 1) or '1type' as a synonym of type is deprecated; in a future version of numpy, it will be understood as (type, (1,)) / '(1,)type'.
  _np_quint16 = np.dtype([("quint16", np.uint16, 1)])
/home/vsarkhel/Projects/fedtest/lib/python3.6/site-packages/tensorflow/python/framework/dtypes.py:520: FutureWarning: Passing (type, 1) or '1type' as a synonym of type is deprecated; in a future version of numpy, it will be understood as (type, (1,)) / '(1,)type'.
  _np_qint32 = np.dtype([("qint32", np.int32, 1)])
/home/vsarkhel/Projects/fedtest/lib/python3.6/site-packages/tensorflow/python/framework/dtypes.py:525: FutureWarning: Passing (type, 1) or '1type' as a synonym of type is deprecated; in a future version of numpy, it will be understood as (type, (1,)) / '(1,)type'.
  np_resource = np.dtype([("resource", np.ubyte, 1)])
/home/vsarkhel/Projects/fedtest/lib/python3.6/site-packages/tensorboard/compat/tensorflow_stub/dtypes.py:541: FutureWarning: Passing (type, 1) or '1type' as a synonym of type is deprecated; in a future version of numpy, it will be understood as (type, (1,)) / '(1,)type'.
  _np_qint8 = np.dtype([("qint8", np.int8, 1)])
/home/vsarkhel/Projects/fedtest/lib/python3.6/site-packages/tensorboard/compat/tensorflow_stub/dtypes.py:542: FutureWarning: Passing (type, 1) or '1type' as a synonym of type is deprecated; in a future version of numpy, it will be understood as (type, (1,)) / '(1,)type'.
  _np_quint8 = np.dtype([("quint8", np.uint8, 1)])
/home/vsarkhel/Projects/fedtest/lib/python3.6/site-packages/tensorboard/compat/tensorflow_stub/dtypes.py:543: FutureWarning: Passing (type, 1) or '1type' as a synonym of type is deprecated; in a future version of numpy, it will be understood as (type, (1,)) / '(1,)type'.
  _np_qint16 = np.dtype([("qint16", np.int16, 1)])
/home/vsarkhel/Projects/fedtest/lib/python3.6/site-packages/tensorboard/compat/tensorflow_stub/dtypes.py:544: FutureWarning: Passing (type, 1) or '1type' as a synonym of type is deprecated; in a future version of numpy, it will be understood as (type, (1,)) / '(1,)type'.
  _np_quint16 = np.dtype([("quint16", np.uint16, 1)])
/home/vsarkhel/Projects/fedtest/lib/python3.6/site-packages/tensorboard/compat/tensorflow_stub/dtypes.py:545: FutureWarning: Passing (type, 1) or '1type' as a synonym of type is deprecated; in a future version of numpy, it will be understood as (type, (1,)) / '(1,)type'.
  _np_qint32 = np.dtype([("qint32", np.int32, 1)])
/home/vsarkhel/Projects/fedtest/lib/python3.6/site-packages/tensorboard/compat/tensorflow_stub/dtypes.py:550: FutureWarning: Passing (type, 1) or '1type' as a synonym of type is deprecated; in a future version of numpy, it will be understood as (type, (1,)) / '(1,)type'.
  np_resource = np.dtype([("resource", np.ubyte, 1)])
WARNING:tensorflow:From main.py:30: The name tf.set_random_seed is deprecated. Please use tf.compat.v1.set_random_seed instead.

############################## femnist.cnn ##############################
WARNING:tensorflow:From main.py:47: The name tf.logging.set_verbosity is deprecated. Please use tf.compat.v1.logging.set_verbosity instead.

WARNING:tensorflow:From main.py:47: The name tf.logging.WARN is deprecated. Please use tf.compat.v1.logging.WARN instead.

WARNING:tensorflow:From main.py:57: The name tf.reset_default_graph is deprecated. Please use tf.compat.v1.reset_default_graph instead.

WARNING:tensorflow:From /home/vsarkhel/Projects/fedtest/leaf-k/models/femnist/cnn.py:17: The name tf.placeholder is deprecated. Please use tf.compat.v1.placeholder instead.

WARNING:tensorflow:From /home/vsarkhel/Projects/fedtest/leaf-k/models/femnist/cnn.py:26: conv2d (from tensorflow.python.layers.convolutional) is deprecated and will be removed in a future version.
Instructions for updating:
Use `tf.keras.layers.Conv2D` instead.
WARNING:tensorflow:From /home/vsarkhel/Projects/fedtest/lib/python3.6/site-packages/tensorflow/python/ops/init_ops.py:1251: calling VarianceScaling.__init__ (from tensorflow.python.ops.init_ops) with dtype is deprecated and will be removed in a future version.
Instructions for updating:
Call initializer instance with the dtype argument instead of passing it to the constructor
WARNING:tensorflow:Entity <bound method Conv.call of <tensorflow.python.layers.convolutional.Conv2D object at 0x7f6e84ae8160>> could not be transformed and will be executed as-is. Please report this to the AutgoGraph team. When filing the bug, set the verbosity to 10 (on Linux, `export AUTOGRAPH_VERBOSITY=10`) and attach the full output. Cause: converting <bound method Conv.call of <tensorflow.python.layers.convolutional.Conv2D object at 0x7f6e84ae8160>>: AttributeError: module 'gast' has no attribute 'Str'
WARNING:tensorflow:From /home/vsarkhel/Projects/fedtest/leaf-k/models/femnist/cnn.py:27: max_pooling2d (from tensorflow.python.layers.pooling) is deprecated and will be removed in a future version.
Instructions for updating:
Use keras.layers.MaxPooling2D instead.
WARNING:tensorflow:Entity <bound method Pooling2D.call of <tensorflow.python.layers.pooling.MaxPooling2D object at 0x7f6e84ae8160>> could not be transformed and will be executed as-is. Please report this to the AutgoGraph team. When filing the bug, set the verbosity to 10 (on Linux, `export AUTOGRAPH_VERBOSITY=10`) and attach the full output. Cause: converting <bound method Pooling2D.call of <tensorflow.python.layers.pooling.MaxPooling2D object at 0x7f6e84ae8160>>: AttributeError: module 'gast' has no attribute 'Str'
WARNING:tensorflow:Entity <bound method Conv.call of <tensorflow.python.layers.convolutional.Conv2D object at 0x7f6e84ae8160>> could not be transformed and will be executed as-is. Please report this to the AutgoGraph team. When filing the bug, set the verbosity to 10 (on Linux, `export AUTOGRAPH_VERBOSITY=10`) and attach the full output. Cause: converting <bound method Conv.call of <tensorflow.python.layers.convolutional.Conv2D object at 0x7f6e84ae8160>>: AttributeError: module 'gast' has no attribute 'Str'
WARNING:tensorflow:Entity <bound method Pooling2D.call of <tensorflow.python.layers.pooling.MaxPooling2D object at 0x7f6e84ae8160>> could not be transformed and will be executed as-is. Please report this to the AutgoGraph team. When filing the bug, set the verbosity to 10 (on Linux, `export AUTOGRAPH_VERBOSITY=10`) and attach the full output. Cause: converting <bound method Pooling2D.call of <tensorflow.python.layers.pooling.MaxPooling2D object at 0x7f6e84ae8160>>: AttributeError: module 'gast' has no attribute 'Str'
WARNING:tensorflow:From /home/vsarkhel/Projects/fedtest/leaf-k/models/femnist/cnn.py:36: dense (from tensorflow.python.layers.core) is deprecated and will be removed in a future version.
Instructions for updating:
Use keras.layers.dense instead.
WARNING:tensorflow:Entity <bound method Dense.call of <tensorflow.python.layers.core.Dense object at 0x7f6e84ae8160>> could not be transformed and will be executed as-is. Please report this to the AutgoGraph team. When filing the bug, set the verbosity to 10 (on Linux, `export AUTOGRAPH_VERBOSITY=10`) and attach the full output. Cause: converting <bound method Dense.call of <tensorflow.python.layers.core.Dense object at 0x7f6e84ae8160>>: AttributeError: module 'gast' has no attribute 'Index'
WARNING:tensorflow:Entity <bound method Dense.call of <tensorflow.python.layers.core.Dense object at 0x7f6e84ae8160>> could not be transformed and will be executed as-is. Please report this to the AutgoGraph team. When filing the bug, set the verbosity to 10 (on Linux, `export AUTOGRAPH_VERBOSITY=10`) and attach the full output. Cause: converting <bound method Dense.call of <tensorflow.python.layers.core.Dense object at 0x7f6e84ae8160>>: AttributeError: module 'gast' has no attribute 'Index'
WARNING:tensorflow:From /home/vsarkhel/Projects/fedtest/leaf-k/models/femnist/cnn.py:42: The name tf.losses.sparse_softmax_cross_entropy is deprecated. Please use tf.compat.v1.losses.sparse_softmax_cross_entropy instead.

WARNING:tensorflow:From /home/vsarkhel/Projects/fedtest/lib/python3.6/site-packages/tensorflow/python/ops/losses/losses_impl.py:121: add_dispatch_support.<locals>.wrapper (from tensorflow.python.ops.array_ops) is deprecated and will be removed in a future version.
Instructions for updating:
Use tf.where in 2.0, which has the same broadcast rule as np.where
WARNING:tensorflow:From /home/vsarkhel/Projects/fedtest/leaf-k/models/model.py:55: The name tf.train.GradientDescentOptimizer is deprecated. Please use tf.compat.v1.train.GradientDescentOptimizer instead.

WARNING:tensorflow:From /home/vsarkhel/Projects/fedtest/leaf-k/models/femnist/cnn.py:46: The name tf.train.get_global_step is deprecated. Please use tf.compat.v1.train.get_global_step instead.

WARNING:tensorflow:From /home/vsarkhel/Projects/fedtest/leaf-k/models/model.py:26: The name tf.train.Saver is deprecated. Please use tf.compat.v1.train.Saver instead.

WARNING:tensorflow:From /home/vsarkhel/Projects/fedtest/leaf-k/models/model.py:27: The name tf.Session is deprecated. Please use tf.compat.v1.Session instead.

2022-02-09 21:15:08.249451: I tensorflow/stream_executor/platform/default/dso_loader.cc:42] Successfully opened dynamic library libcuda.so.1
2022-02-09 21:15:08.274483: I tensorflow/stream_executor/cuda/cuda_gpu_executor.cc:1005] successful NUMA node read from SysFS had negative value (-1), but there must be at least one NUMA node, so returning NUMA node zero
2022-02-09 21:15:08.274710: I tensorflow/core/common_runtime/gpu/gpu_device.cc:1640] Found device 0 with properties: 
name: NVIDIA TITAN RTX major: 7 minor: 5 memoryClockRate(GHz): 1.77
pciBusID: 0000:41:00.0
2022-02-09 21:15:08.274823: I tensorflow/stream_executor/platform/default/dso_loader.cc:53] Could not dlopen library 'libcudart.so.10.0'; dlerror: libcudart.so.10.0: cannot open shared object file: No such file or directory; LD_LIBRARY_PATH: :/usr/local/cuda/lib64:/usr/local/cuda/extras/CUPTI/lib64:/usr/local/cuda/lib64:/usr/local/cuda/extras/CUPTI/lib64
2022-02-09 21:15:08.274904: I tensorflow/stream_executor/platform/default/dso_loader.cc:53] Could not dlopen library 'libcublas.so.10.0'; dlerror: libcublas.so.10.0: cannot open shared object file: No such file or directory; LD_LIBRARY_PATH: :/usr/local/cuda/lib64:/usr/local/cuda/extras/CUPTI/lib64:/usr/local/cuda/lib64:/usr/local/cuda/extras/CUPTI/lib64
2022-02-09 21:15:08.274981: I tensorflow/stream_executor/platform/default/dso_loader.cc:53] Could not dlopen library 'libcufft.so.10.0'; dlerror: libcufft.so.10.0: cannot open shared object file: No such file or directory; LD_LIBRARY_PATH: :/usr/local/cuda/lib64:/usr/local/cuda/extras/CUPTI/lib64:/usr/local/cuda/lib64:/usr/local/cuda/extras/CUPTI/lib64
2022-02-09 21:15:08.275056: I tensorflow/stream_executor/platform/default/dso_loader.cc:53] Could not dlopen library 'libcurand.so.10.0'; dlerror: libcurand.so.10.0: cannot open shared object file: No such file or directory; LD_LIBRARY_PATH: :/usr/local/cuda/lib64:/usr/local/cuda/extras/CUPTI/lib64:/usr/local/cuda/lib64:/usr/local/cuda/extras/CUPTI/lib64
2022-02-09 21:15:08.275131: I tensorflow/stream_executor/platform/default/dso_loader.cc:53] Could not dlopen library 'libcusolver.so.10.0'; dlerror: libcusolver.so.10.0: cannot open shared object file: No such file or directory; LD_LIBRARY_PATH: :/usr/local/cuda/lib64:/usr/local/cuda/extras/CUPTI/lib64:/usr/local/cuda/lib64:/usr/local/cuda/extras/CUPTI/lib64
2022-02-09 21:15:08.275205: I tensorflow/stream_executor/platform/default/dso_loader.cc:53] Could not dlopen library 'libcusparse.so.10.0'; dlerror: libcusparse.so.10.0: cannot open shared object file: No such file or directory; LD_LIBRARY_PATH: :/usr/local/cuda/lib64:/usr/local/cuda/extras/CUPTI/lib64:/usr/local/cuda/lib64:/usr/local/cuda/extras/CUPTI/lib64
2022-02-09 21:15:08.279179: I tensorflow/stream_executor/platform/default/dso_loader.cc:42] Successfully opened dynamic library libcudnn.so.7
2022-02-09 21:15:08.279208: W tensorflow/core/common_runtime/gpu/gpu_device.cc:1663] Cannot dlopen some GPU libraries. Skipping registering GPU devices...
2022-02-09 21:15:08.279931: I tensorflow/core/platform/cpu_feature_guard.cc:142] Your CPU supports instructions that this TensorFlow binary was not compiled to use: AVX2 FMA
2022-02-09 21:15:08.366301: I tensorflow/stream_executor/cuda/cuda_gpu_executor.cc:1005] successful NUMA node read from SysFS had negative value (-1), but there must be at least one NUMA node, so returning NUMA node zero
2022-02-09 21:15:08.366592: I tensorflow/compiler/xla/service/service.cc:168] XLA service 0x221f9e0 executing computations on platform CUDA. Devices:
2022-02-09 21:15:08.366642: I tensorflow/compiler/xla/service/service.cc:175]   StreamExecutor device (0): NVIDIA TITAN RTX, Compute Capability 7.5
2022-02-09 21:15:08.369935: I tensorflow/core/platform/profile_utils/cpu_utils.cc:94] CPU Frequency: 3492940000 Hz
2022-02-09 21:15:08.371422: I tensorflow/compiler/xla/service/service.cc:168] XLA service 0x3c23160 executing computations on platform Host. Devices:
2022-02-09 21:15:08.371446: I tensorflow/compiler/xla/service/service.cc:175]   StreamExecutor device (0): <undefined>, <undefined>
2022-02-09 21:15:08.371614: I tensorflow/core/common_runtime/gpu/gpu_device.cc:1181] Device interconnect StreamExecutor with strength 1 edge matrix:
2022-02-09 21:15:08.371625: I tensorflow/core/common_runtime/gpu/gpu_device.cc:1187]      
WARNING:tensorflow:From /home/vsarkhel/Projects/fedtest/leaf-k/models/utils/tf_utils.py:33: The name tf.trainable_variables is deprecated. Please use tf.compat.v1.trainable_variables instead.

2022-02-09 21:15:08.393596: W tensorflow/compiler/jit/mark_for_compilation_pass.cc:1412] (One-time warning): Not using XLA:CPU for cluster because envvar TF_XLA_FLAGS=--tf_xla_cpu_global_jit was not set.  If you want XLA:CPU, either set that envvar, or use experimental_jit_scope to enable XLA:CPU.  To confirm that XLA is active, pass --vmodule=xla_compilation_cache=1 (as a proper command-line flag, not via TF_XLA_FLAGS) or set the envvar XLA_FLAGS=--xla_hlo_profile.
WARNING:tensorflow:From /home/vsarkhel/Projects/fedtest/leaf-k/models/model.py:35: The name tf.profiler.ProfileOptionBuilder is deprecated. Please use tf.compat.v1.profiler.ProfileOptionBuilder instead.

WARNING:tensorflow:From /home/vsarkhel/Projects/fedtest/leaf-k/models/model.py:36: The name tf.profiler.profile is deprecated. Please use tf.compat.v1.profiler.profile instead.

WARNING:tensorflow:From /home/vsarkhel/Projects/fedtest/lib/python3.6/site-packages/tensorflow/python/profiler/internal/flops_registry.py:142: tensor_shape_from_node_def_name (from tensorflow.python.framework.graph_util_impl) is deprecated and will be removed in a future version.
Instructions for updating:
Use `tf.compat.v1.graph_util.tensor_shape_from_node_def_name`
Parsing Inputs...
Incomplete shape.
Incomplete shape.

=========================Options=============================
-max_depth                  10000
-min_bytes                  0
-min_peak_bytes             0
-min_residual_bytes         0
-min_output_bytes           0
-min_micros                 0
-min_accelerator_micros     0
-min_cpu_micros             0
-min_params                 0
-min_float_ops              1
-min_occurrence             0
-step                       -1
-order_by                   float_ops
-account_type_regexes       .*
-start_name_regexes         .*
-trim_name_regexes          
-show_name_regexes          .*
-hide_name_regexes          
-account_displayed_op_only  true
-select                     float_ops
-output                     stdout:

==================Model Analysis Report======================
Incomplete shape.
Incomplete shape.

Doc:
scope: The nodes in the model graph are organized by their names, which is hierarchical like filesystem.
flops: Number of float operations. Note: Please read the implementation for the math behind it.

Profile:
node name | # float_ops
_TFProfRoot (--/13.20m flops)
  dense/kernel/Initializer/random_uniform (6.42m/12.85m flops)
    dense/kernel/Initializer/random_uniform/mul (6.42m/6.42m flops)
    dense/kernel/Initializer/random_uniform/sub (1/1 flops)
  dense_1/kernel/Initializer/random_uniform (126.98k/253.95k flops)
    dense_1/kernel/Initializer/random_uniform/mul (126.98k/126.98k flops)
    dense_1/kernel/Initializer/random_uniform/sub (1/1 flops)
  conv2d_1/kernel/Initializer/random_uniform (51.20k/102.40k flops)
    conv2d_1/kernel/Initializer/random_uniform/mul (51.20k/51.20k flops)
    conv2d_1/kernel/Initializer/random_uniform/sub (1/1 flops)
  conv2d/kernel/Initializer/random_uniform (800/1.60k flops)
    conv2d/kernel/Initializer/random_uniform/mul (800/800 flops)
    conv2d/kernel/Initializer/random_uniform/sub (1/1 flops)
  gradients/sparse_softmax_cross_entropy_loss/value_grad/Neg (1/1 flops)
  gradients/sparse_softmax_cross_entropy_loss/value_grad/mul (1/1 flops)
  sparse_softmax_cross_entropy_loss/num_present/Equal (1/1 flops)

======================End of Report==========================
Clients in Total: 179
--- Random Initialization ---
WARNING:tensorflow:From /home/vsarkhel/Projects/fedtest/leaf-k/models/model.py:44: Variable.load (from tensorflow.python.ops.variables) is deprecated and will be removed in a future version.
Instructions for updating:
Prefer Variable.assign which has equivalent behavior in 2.X.
train_accuracy: 0.0129492, 10th percentile: 0, 50th percentile: 0.00671141, 90th percentile 0.0320224
train_loss: 4.12548, 10th percentile: 4.11587, 50th percentile: 4.12654, 90th percentile 4.13265
test_accuracy: 0.014469, 10th percentile: 0, 50th percentile: 0, 90th percentile 0.0555556
test_loss: 4.1251, 10th percentile: 4.10166, 50th percentile: 4.12461, 90th percentile 4.1532
--- Round 1 of 1000: Training 5 Clients ---
/home/vsarkhel/Projects/fedtest/leaf-k/models/client.py:68: VisibleDeprecationWarning: Creating an ndarray from ragged nested sequences (which is a list-or-tuple of lists-or-tuples-or ndarrays with different lengths or shapes) is deprecated. If you meant to do this, you must specify 'dtype=object' when creating the ndarray
  update = np.array(update)
--- Round 2 of 1000: Training 5 Clients ---
--- Round 3 of 1000: Training 5 Clients ---
--- Round 4 of 1000: Training 5 Clients ---
--- Round 5 of 1000: Training 5 Clients ---
--- Round 6 of 1000: Training 5 Clients ---
--- Round 7 of 1000: Training 5 Clients ---
--- Round 8 of 1000: Training 5 Clients ---
--- Round 9 of 1000: Training 5 Clients ---
--- Round 10 of 1000: Training 5 Clients ---
--- Round 11 of 1000: Training 5 Clients ---
--- Round 12 of 1000: Training 5 Clients ---
--- Round 13 of 1000: Training 5 Clients ---
--- Round 14 of 1000: Training 5 Clients ---
--- Round 15 of 1000: Training 5 Clients ---
--- Round 16 of 1000: Training 5 Clients ---
--- Round 17 of 1000: Training 5 Clients ---
--- Round 18 of 1000: Training 5 Clients ---
--- Round 19 of 1000: Training 5 Clients ---
--- Round 20 of 1000: Training 5 Clients ---
train_accuracy: 0.055951, 10th percentile: 0.0327801, 50th percentile: 0.0674847, 90th percentile 0.090404
train_loss: 3.68527, 10th percentile: 3.52464, 50th percentile: 3.61903, 90th percentile 3.80701
test_accuracy: 0.0527442, 10th percentile: 0, 50th percentile: 0.0526316, 90th percentile 0.138916
test_loss: 3.6844, 10th percentile: 3.36153, 50th percentile: 3.65566, 90th percentile 3.92527
--- Round 21 of 1000: Training 5 Clients ---
--- Round 22 of 1000: Training 5 Clients ---
--- Round 23 of 1000: Training 5 Clients ---
--- Round 24 of 1000: Training 5 Clients ---
--- Round 25 of 1000: Training 5 Clients ---
--- Round 26 of 1000: Training 5 Clients ---
--- Round 27 of 1000: Training 5 Clients ---
--- Round 28 of 1000: Training 5 Clients ---
--- Round 29 of 1000: Training 5 Clients ---
--- Round 30 of 1000: Training 5 Clients ---
--- Round 31 of 1000: Training 5 Clients ---
--- Round 32 of 1000: Training 5 Clients ---
--- Round 33 of 1000: Training 5 Clients ---
--- Round 34 of 1000: Training 5 Clients ---
--- Round 35 of 1000: Training 5 Clients ---
--- Round 36 of 1000: Training 5 Clients ---
--- Round 37 of 1000: Training 5 Clients ---
--- Round 38 of 1000: Training 5 Clients ---
--- Round 39 of 1000: Training 5 Clients ---
--- Round 40 of 1000: Training 5 Clients ---
train_accuracy: 0.0358119, 10th percentile: 0, 50th percentile: 0.00757576, 90th percentile 0.0661279
train_loss: 3.70059, 10th percentile: 3.61674, 50th percentile: 3.68562, 90th percentile 3.78149
test_accuracy: 0.0352155, 10th percentile: 0, 50th percentile: 0, 90th percentile 0.0909091
test_loss: 3.6953, 10th percentile: 3.44602, 50th percentile: 3.68913, 90th percentile 3.93908
--- Round 41 of 1000: Training 5 Clients ---
--- Round 42 of 1000: Training 5 Clients ---
--- Round 43 of 1000: Training 5 Clients ---
--- Round 44 of 1000: Training 5 Clients ---
--- Round 45 of 1000: Training 5 Clients ---
--- Round 46 of 1000: Training 5 Clients ---
--- Round 47 of 1000: Training 5 Clients ---
--- Round 48 of 1000: Training 5 Clients ---
--- Round 49 of 1000: Training 5 Clients ---
--- Round 50 of 1000: Training 5 Clients ---
--- Round 51 of 1000: Training 5 Clients ---
--- Round 52 of 1000: Training 5 Clients ---
--- Round 53 of 1000: Training 5 Clients ---
--- Round 54 of 1000: Training 5 Clients ---
--- Round 55 of 1000: Training 5 Clients ---
--- Round 56 of 1000: Training 5 Clients ---
--- Round 57 of 1000: Training 5 Clients ---
--- Round 58 of 1000: Training 5 Clients ---
--- Round 59 of 1000: Training 5 Clients ---
--- Round 60 of 1000: Training 5 Clients ---
train_accuracy: 0.131178, 10th percentile: 0.0699176, 50th percentile: 0.149425, 90th percentile 0.217284
train_loss: 3.68662, 10th percentile: 3.40453, 50th percentile: 3.53346, 90th percentile 3.91553
test_accuracy: 0.128904, 10th percentile: 0.03125, 50th percentile: 0.125, 90th percentile 0.285714
test_loss: 3.6858, 10th percentile: 3.21129, 50th percentile: 3.63348, 90th percentile 4.0098
--- Round 61 of 1000: Training 5 Clients ---
--- Round 62 of 1000: Training 5 Clients ---
--- Round 63 of 1000: Training 5 Clients ---
--- Round 64 of 1000: Training 5 Clients ---
--- Round 65 of 1000: Training 5 Clients ---
--- Round 66 of 1000: Training 5 Clients ---
--- Round 67 of 1000: Training 5 Clients ---
--- Round 68 of 1000: Training 5 Clients ---
--- Round 69 of 1000: Training 5 Clients ---
--- Round 70 of 1000: Training 5 Clients ---
--- Round 71 of 1000: Training 5 Clients ---
--- Round 72 of 1000: Training 5 Clients ---
--- Round 73 of 1000: Training 5 Clients ---
--- Round 74 of 1000: Training 5 Clients ---
--- Round 75 of 1000: Training 5 Clients ---
--- Round 76 of 1000: Training 5 Clients ---
--- Round 77 of 1000: Training 5 Clients ---
--- Round 78 of 1000: Training 5 Clients ---
--- Round 79 of 1000: Training 5 Clients ---
--- Round 80 of 1000: Training 5 Clients ---
train_accuracy: 0.0715063, 10th percentile: 0.0349014, 50th percentile: 0.0740741, 90th percentile 0.129791
train_loss: 3.66051, 10th percentile: 3.50636, 50th percentile: 3.60766, 90th percentile 3.78837
test_accuracy: 0.0692343, 10th percentile: 0, 50th percentile: 0.0555556, 90th percentile 0.176471
test_loss: 3.65768, 10th percentile: 3.32816, 50th percentile: 3.63477, 90th percentile 3.91024
--- Round 81 of 1000: Training 5 Clients ---
--- Round 82 of 1000: Training 5 Clients ---
--- Round 83 of 1000: Training 5 Clients ---
--- Round 84 of 1000: Training 5 Clients ---
--- Round 85 of 1000: Training 5 Clients ---
--- Round 86 of 1000: Training 5 Clients ---
--- Round 87 of 1000: Training 5 Clients ---
--- Round 88 of 1000: Training 5 Clients ---
--- Round 89 of 1000: Training 5 Clients ---
--- Round 90 of 1000: Training 5 Clients ---
--- Round 91 of 1000: Training 5 Clients ---
--- Round 92 of 1000: Training 5 Clients ---
--- Round 93 of 1000: Training 5 Clients ---
--- Round 94 of 1000: Training 5 Clients ---
--- Round 95 of 1000: Training 5 Clients ---
--- Round 96 of 1000: Training 5 Clients ---
--- Round 97 of 1000: Training 5 Clients ---
--- Round 98 of 1000: Training 5 Clients ---
--- Round 99 of 1000: Training 5 Clients ---
--- Round 100 of 1000: Training 5 Clients ---
train_accuracy: 0.0346709, 10th percentile: 0, 50th percentile: 0.00684932, 90th percentile 0.0821637
train_loss: 3.68574, 10th percentile: 3.58628, 50th percentile: 3.67324, 90th percentile 3.8008
test_accuracy: 0.031765, 10th percentile: 0, 50th percentile: 0, 90th percentile 0.0857143
test_loss: 3.6806, 10th percentile: 3.43287, 50th percentile: 3.67882, 90th percentile 3.93252
--- Round 101 of 1000: Training 5 Clients ---
--- Round 102 of 1000: Training 5 Clients ---
--- Round 103 of 1000: Training 5 Clients ---
--- Round 104 of 1000: Training 5 Clients ---
--- Round 105 of 1000: Training 5 Clients ---
--- Round 106 of 1000: Training 5 Clients ---
--- Round 107 of 1000: Training 5 Clients ---
--- Round 108 of 1000: Training 5 Clients ---
--- Round 109 of 1000: Training 5 Clients ---
--- Round 110 of 1000: Training 5 Clients ---
--- Round 111 of 1000: Training 5 Clients ---
--- Round 112 of 1000: Training 5 Clients ---
--- Round 113 of 1000: Training 5 Clients ---
--- Round 114 of 1000: Training 5 Clients ---
--- Round 115 of 1000: Training 5 Clients ---
--- Round 116 of 1000: Training 5 Clients ---
--- Round 117 of 1000: Training 5 Clients ---
--- Round 118 of 1000: Training 5 Clients ---
--- Round 119 of 1000: Training 5 Clients ---
--- Round 120 of 1000: Training 5 Clients ---
train_accuracy: 0.172361, 10th percentile: 0.103189, 50th percentile: 0.176871, 90th percentile 0.25
train_loss: 3.65264, 10th percentile: 3.55795, 50th percentile: 3.62739, 90th percentile 3.74638
test_accuracy: 0.169721, 10th percentile: 0.0555556, 50th percentile: 0.166667, 90th percentile 0.294118
test_loss: 3.64826, 10th percentile: 3.38578, 50th percentile: 3.62897, 90th percentile 3.88916
--- Round 121 of 1000: Training 5 Clients ---
--- Round 122 of 1000: Training 5 Clients ---
--- Round 123 of 1000: Training 5 Clients ---
--- Round 124 of 1000: Training 5 Clients ---
--- Round 125 of 1000: Training 5 Clients ---
--- Round 126 of 1000: Training 5 Clients ---
--- Round 127 of 1000: Training 5 Clients ---
--- Round 128 of 1000: Training 5 Clients ---
--- Round 129 of 1000: Training 5 Clients ---
--- Round 130 of 1000: Training 5 Clients ---
--- Round 131 of 1000: Training 5 Clients ---
--- Round 132 of 1000: Training 5 Clients ---
--- Round 133 of 1000: Training 5 Clients ---
--- Round 134 of 1000: Training 5 Clients ---
--- Round 135 of 1000: Training 5 Clients ---
--- Round 136 of 1000: Training 5 Clients ---
--- Round 137 of 1000: Training 5 Clients ---
--- Round 138 of 1000: Training 5 Clients ---
--- Round 139 of 1000: Training 5 Clients ---
--- Round 140 of 1000: Training 5 Clients ---
train_accuracy: 0.220036, 10th percentile: 0.119265, 50th percentile: 0.229885, 90th percentile 0.395318
train_loss: 3.62875, 10th percentile: 3.34786, 50th percentile: 3.47595, 90th percentile 3.85846
test_accuracy: 0.222093, 10th percentile: 0.0658333, 50th percentile: 0.222222, 90th percentile 0.5
test_loss: 3.62878, 10th percentile: 3.15795, 50th percentile: 3.56985, 90th percentile 3.95369
--- Round 141 of 1000: Training 5 Clients ---
--- Round 142 of 1000: Training 5 Clients ---
--- Round 143 of 1000: Training 5 Clients ---
--- Round 144 of 1000: Training 5 Clients ---
--- Round 145 of 1000: Training 5 Clients ---
--- Round 146 of 1000: Training 5 Clients ---
--- Round 147 of 1000: Training 5 Clients ---
--- Round 148 of 1000: Training 5 Clients ---
--- Round 149 of 1000: Training 5 Clients ---
--- Round 150 of 1000: Training 5 Clients ---
--- Round 151 of 1000: Training 5 Clients ---
--- Round 152 of 1000: Training 5 Clients ---
--- Round 153 of 1000: Training 5 Clients ---
--- Round 154 of 1000: Training 5 Clients ---
--- Round 155 of 1000: Training 5 Clients ---
--- Round 156 of 1000: Training 5 Clients ---
--- Round 157 of 1000: Training 5 Clients ---
--- Round 158 of 1000: Training 5 Clients ---
--- Round 159 of 1000: Training 5 Clients ---
--- Round 160 of 1000: Training 5 Clients ---
train_accuracy: 0.204673, 10th percentile: 0.119129, 50th percentile: 0.228758, 90th percentile 0.330081
train_loss: 3.59465, 10th percentile: 3.34631, 50th percentile: 3.47244, 90th percentile 3.79474
test_accuracy: 0.204805, 10th percentile: 0.0714286, 50th percentile: 0.208333, 90th percentile 0.388889
test_loss: 3.59401, 10th percentile: 3.14804, 50th percentile: 3.55986, 90th percentile 3.90857
--- Round 161 of 1000: Training 5 Clients ---
--- Round 162 of 1000: Training 5 Clients ---
--- Round 163 of 1000: Training 5 Clients ---
--- Round 164 of 1000: Training 5 Clients ---
--- Round 165 of 1000: Training 5 Clients ---
--- Round 166 of 1000: Training 5 Clients ---
--- Round 167 of 1000: Training 5 Clients ---
--- Round 168 of 1000: Training 5 Clients ---
--- Round 169 of 1000: Training 5 Clients ---
--- Round 170 of 1000: Training 5 Clients ---
--- Round 171 of 1000: Training 5 Clients ---
--- Round 172 of 1000: Training 5 Clients ---
--- Round 173 of 1000: Training 5 Clients ---
--- Round 174 of 1000: Training 5 Clients ---
--- Round 175 of 1000: Training 5 Clients ---
--- Round 176 of 1000: Training 5 Clients ---
--- Round 177 of 1000: Training 5 Clients ---
--- Round 178 of 1000: Training 5 Clients ---
--- Round 179 of 1000: Training 5 Clients ---
--- Round 180 of 1000: Training 5 Clients ---
train_accuracy: 0.158071, 10th percentile: 0.0878159, 50th percentile: 0.173077, 90th percentile 0.271706
train_loss: 3.62018, 10th percentile: 3.23656, 50th percentile: 3.37955, 90th percentile 3.95138
test_accuracy: 0.157167, 10th percentile: 0.0555556, 50th percentile: 0.153846, 90th percentile 0.333333
test_loss: 3.61942, 10th percentile: 3.00753, 50th percentile: 3.52903, 90th percentile 4.0254
--- Round 181 of 1000: Training 5 Clients ---
--- Round 182 of 1000: Training 5 Clients ---
--- Round 183 of 1000: Training 5 Clients ---
--- Round 184 of 1000: Training 5 Clients ---
--- Round 185 of 1000: Training 5 Clients ---
--- Round 186 of 1000: Training 5 Clients ---
--- Round 187 of 1000: Training 5 Clients ---
--- Round 188 of 1000: Training 5 Clients ---
--- Round 189 of 1000: Training 5 Clients ---
--- Round 190 of 1000: Training 5 Clients ---
--- Round 191 of 1000: Training 5 Clients ---
--- Round 192 of 1000: Training 5 Clients ---
--- Round 193 of 1000: Training 5 Clients ---
--- Round 194 of 1000: Training 5 Clients ---
--- Round 195 of 1000: Training 5 Clients ---
--- Round 196 of 1000: Training 5 Clients ---
--- Round 197 of 1000: Training 5 Clients ---
--- Round 198 of 1000: Training 5 Clients ---
--- Round 199 of 1000: Training 5 Clients ---
--- Round 200 of 1000: Training 5 Clients ---
train_accuracy: 0.249932, 10th percentile: 0.167343, 50th percentile: 0.25, 90th percentile 0.35842
train_loss: 3.53124, 10th percentile: 3.42051, 50th percentile: 3.52093, 90th percentile 3.63353
test_accuracy: 0.255073, 10th percentile: 0.0981818, 50th percentile: 0.25, 90th percentile 0.467451
test_loss: 3.5269, 10th percentile: 3.23208, 50th percentile: 3.52121, 90th percentile 3.79043
--- Round 201 of 1000: Training 5 Clients ---
--- Round 202 of 1000: Training 5 Clients ---
--- Round 203 of 1000: Training 5 Clients ---
--- Round 204 of 1000: Training 5 Clients ---
--- Round 205 of 1000: Training 5 Clients ---
--- Round 206 of 1000: Training 5 Clients ---
--- Round 207 of 1000: Training 5 Clients ---
--- Round 208 of 1000: Training 5 Clients ---
--- Round 209 of 1000: Training 5 Clients ---
--- Round 210 of 1000: Training 5 Clients ---
--- Round 211 of 1000: Training 5 Clients ---
--- Round 212 of 1000: Training 5 Clients ---
--- Round 213 of 1000: Training 5 Clients ---
--- Round 214 of 1000: Training 5 Clients ---
--- Round 215 of 1000: Training 5 Clients ---
--- Round 216 of 1000: Training 5 Clients ---
--- Round 217 of 1000: Training 5 Clients ---
--- Round 218 of 1000: Training 5 Clients ---
--- Round 219 of 1000: Training 5 Clients ---
--- Round 220 of 1000: Training 5 Clients ---
train_accuracy: 0.204756, 10th percentile: 0.142673, 50th percentile: 0.209581, 90th percentile 0.30014
train_loss: 3.43815, 10th percentile: 3.25756, 50th percentile: 3.39912, 90th percentile 3.60276
test_accuracy: 0.199099, 10th percentile: 0.0833333, 50th percentile: 0.190476, 90th percentile 0.357509
test_loss: 3.43435, 10th percentile: 3.06786, 50th percentile: 3.42599, 90th percentile 3.70829
--- Round 221 of 1000: Training 5 Clients ---
--- Round 222 of 1000: Training 5 Clients ---
--- Round 223 of 1000: Training 5 Clients ---
--- Round 224 of 1000: Training 5 Clients ---
--- Round 225 of 1000: Training 5 Clients ---
--- Round 226 of 1000: Training 5 Clients ---
--- Round 227 of 1000: Training 5 Clients ---
--- Round 228 of 1000: Training 5 Clients ---
--- Round 229 of 1000: Training 5 Clients ---
--- Round 230 of 1000: Training 5 Clients ---
--- Round 231 of 1000: Training 5 Clients ---
--- Round 232 of 1000: Training 5 Clients ---
--- Round 233 of 1000: Training 5 Clients ---
--- Round 234 of 1000: Training 5 Clients ---
--- Round 235 of 1000: Training 5 Clients ---
--- Round 236 of 1000: Training 5 Clients ---
--- Round 237 of 1000: Training 5 Clients ---
--- Round 238 of 1000: Training 5 Clients ---
--- Round 239 of 1000: Training 5 Clients ---
--- Round 240 of 1000: Training 5 Clients ---
train_accuracy: 0.287894, 10th percentile: 0.182051, 50th percentile: 0.314516, 90th percentile 0.448494
train_loss: 3.30748, 10th percentile: 3.04669, 50th percentile: 3.24585, 90th percentile 3.50913
test_accuracy: 0.291568, 10th percentile: 0.125, 50th percentile: 0.294118, 90th percentile 0.555556
test_loss: 3.30757, 10th percentile: 2.83649, 50th percentile: 3.30566, 90th percentile 3.66259
--- Round 241 of 1000: Training 5 Clients ---
--- Round 242 of 1000: Training 5 Clients ---
--- Round 243 of 1000: Training 5 Clients ---
--- Round 244 of 1000: Training 5 Clients ---
--- Round 245 of 1000: Training 5 Clients ---
--- Round 246 of 1000: Training 5 Clients ---
--- Round 247 of 1000: Training 5 Clients ---
--- Round 248 of 1000: Training 5 Clients ---
--- Round 249 of 1000: Training 5 Clients ---
--- Round 250 of 1000: Training 5 Clients ---
--- Round 251 of 1000: Training 5 Clients ---
--- Round 252 of 1000: Training 5 Clients ---
--- Round 253 of 1000: Training 5 Clients ---
--- Round 254 of 1000: Training 5 Clients ---
--- Round 255 of 1000: Training 5 Clients ---
--- Round 256 of 1000: Training 5 Clients ---
--- Round 257 of 1000: Training 5 Clients ---
--- Round 258 of 1000: Training 5 Clients ---
--- Round 259 of 1000: Training 5 Clients ---
--- Round 260 of 1000: Training 5 Clients ---
train_accuracy: 0.313641, 10th percentile: 0.17467, 50th percentile: 0.370861, 90th percentile 0.518908
train_loss: 3.1594, 10th percentile: 2.81572, 50th percentile: 3.07503, 90th percentile 3.42663
test_accuracy: 0.319285, 10th percentile: 0.142857, 50th percentile: 0.333333, 90th percentile 0.602222
test_loss: 3.15824, 10th percentile: 2.57455, 50th percentile: 3.15532, 90th percentile 3.57014
--- Round 261 of 1000: Training 5 Clients ---
--- Round 262 of 1000: Training 5 Clients ---
--- Round 263 of 1000: Training 5 Clients ---
--- Round 264 of 1000: Training 5 Clients ---
--- Round 265 of 1000: Training 5 Clients ---
--- Round 266 of 1000: Training 5 Clients ---
--- Round 267 of 1000: Training 5 Clients ---
--- Round 268 of 1000: Training 5 Clients ---
--- Round 269 of 1000: Training 5 Clients ---
--- Round 270 of 1000: Training 5 Clients ---
--- Round 271 of 1000: Training 5 Clients ---
--- Round 272 of 1000: Training 5 Clients ---
--- Round 273 of 1000: Training 5 Clients ---
--- Round 274 of 1000: Training 5 Clients ---
--- Round 275 of 1000: Training 5 Clients ---
--- Round 276 of 1000: Training 5 Clients ---
--- Round 277 of 1000: Training 5 Clients ---
--- Round 278 of 1000: Training 5 Clients ---
--- Round 279 of 1000: Training 5 Clients ---
--- Round 280 of 1000: Training 5 Clients ---
train_accuracy: 0.2565, 10th percentile: 0.156555, 50th percentile: 0.28022, 90th percentile 0.411113
train_loss: 3.13895, 10th percentile: 2.59627, 50th percentile: 2.91403, 90th percentile 3.54819
test_accuracy: 0.256298, 10th percentile: 0.111111, 50th percentile: 0.257143, 90th percentile 0.471207
test_loss: 3.14847, 10th percentile: 2.33422, 50th percentile: 3.12383, 90th percentile 3.64116
--- Round 281 of 1000: Training 5 Clients ---
--- Round 282 of 1000: Training 5 Clients ---
--- Round 283 of 1000: Training 5 Clients ---
--- Round 284 of 1000: Training 5 Clients ---
--- Round 285 of 1000: Training 5 Clients ---
--- Round 286 of 1000: Training 5 Clients ---
--- Round 287 of 1000: Training 5 Clients ---
--- Round 288 of 1000: Training 5 Clients ---
--- Round 289 of 1000: Training 5 Clients ---
--- Round 290 of 1000: Training 5 Clients ---
--- Round 291 of 1000: Training 5 Clients ---
--- Round 292 of 1000: Training 5 Clients ---
--- Round 293 of 1000: Training 5 Clients ---
--- Round 294 of 1000: Training 5 Clients ---
--- Round 295 of 1000: Training 5 Clients ---
--- Round 296 of 1000: Training 5 Clients ---
--- Round 297 of 1000: Training 5 Clients ---
--- Round 298 of 1000: Training 5 Clients ---
--- Round 299 of 1000: Training 5 Clients ---
--- Round 300 of 1000: Training 5 Clients ---
train_accuracy: 0.371371, 10th percentile: 0.237752, 50th percentile: 0.384615, 90th percentile 0.533064
train_loss: 2.80666, 10th percentile: 2.50983, 50th percentile: 2.7777, 90th percentile 3.11237
test_accuracy: 0.369247, 10th percentile: 0.184512, 50th percentile: 0.368421, 90th percentile 0.611111
test_loss: 2.80569, 10th percentile: 2.293, 50th percentile: 2.7875, 90th percentile 3.28537
--- Round 301 of 1000: Training 5 Clients ---
--- Round 302 of 1000: Training 5 Clients ---
--- Round 303 of 1000: Training 5 Clients ---
--- Round 304 of 1000: Training 5 Clients ---
--- Round 305 of 1000: Training 5 Clients ---
--- Round 306 of 1000: Training 5 Clients ---
--- Round 307 of 1000: Training 5 Clients ---
--- Round 308 of 1000: Training 5 Clients ---
--- Round 309 of 1000: Training 5 Clients ---
--- Round 310 of 1000: Training 5 Clients ---
--- Round 311 of 1000: Training 5 Clients ---
--- Round 312 of 1000: Training 5 Clients ---
--- Round 313 of 1000: Training 5 Clients ---
--- Round 314 of 1000: Training 5 Clients ---
--- Round 315 of 1000: Training 5 Clients ---
--- Round 316 of 1000: Training 5 Clients ---
--- Round 317 of 1000: Training 5 Clients ---
--- Round 318 of 1000: Training 5 Clients ---
--- Round 319 of 1000: Training 5 Clients ---
--- Round 320 of 1000: Training 5 Clients ---
train_accuracy: 0.331082, 10th percentile: 0.187314, 50th percentile: 0.339394, 90th percentile 0.481481
train_loss: 2.7227, 10th percentile: 2.40642, 50th percentile: 2.66958, 90th percentile 3.11917
test_accuracy: 0.326907, 10th percentile: 0.149784, 50th percentile: 0.315789, 90th percentile 0.533333
test_loss: 2.72148, 10th percentile: 2.16916, 50th percentile: 2.70338, 90th percentile 3.32342
--- Round 321 of 1000: Training 5 Clients ---
--- Round 322 of 1000: Training 5 Clients ---
--- Round 323 of 1000: Training 5 Clients ---
--- Round 324 of 1000: Training 5 Clients ---
--- Round 325 of 1000: Training 5 Clients ---
--- Round 326 of 1000: Training 5 Clients ---
--- Round 327 of 1000: Training 5 Clients ---
--- Round 328 of 1000: Training 5 Clients ---
--- Round 329 of 1000: Training 5 Clients ---
--- Round 330 of 1000: Training 5 Clients ---
--- Round 331 of 1000: Training 5 Clients ---
--- Round 332 of 1000: Training 5 Clients ---
--- Round 333 of 1000: Training 5 Clients ---
--- Round 334 of 1000: Training 5 Clients ---
--- Round 335 of 1000: Training 5 Clients ---
--- Round 336 of 1000: Training 5 Clients ---
--- Round 337 of 1000: Training 5 Clients ---
--- Round 338 of 1000: Training 5 Clients ---
--- Round 339 of 1000: Training 5 Clients ---
--- Round 340 of 1000: Training 5 Clients ---
train_accuracy: 0.410319, 10th percentile: 0.254802, 50th percentile: 0.431507, 90th percentile 0.606086
train_loss: 2.44656, 10th percentile: 1.98933, 50th percentile: 2.38114, 90th percentile 2.78979
test_accuracy: 0.409533, 10th percentile: 0.186842, 50th percentile: 0.428571, 90th percentile 0.666667
test_loss: 2.44442, 10th percentile: 1.70292, 50th percentile: 2.41712, 90th percentile 2.97905
--- Round 341 of 1000: Training 5 Clients ---
--- Round 342 of 1000: Training 5 Clients ---
--- Round 343 of 1000: Training 5 Clients ---
--- Round 344 of 1000: Training 5 Clients ---
--- Round 345 of 1000: Training 5 Clients ---
--- Round 346 of 1000: Training 5 Clients ---
--- Round 347 of 1000: Training 5 Clients ---
--- Round 348 of 1000: Training 5 Clients ---
--- Round 349 of 1000: Training 5 Clients ---
--- Round 350 of 1000: Training 5 Clients ---
--- Round 351 of 1000: Training 5 Clients ---
--- Round 352 of 1000: Training 5 Clients ---
--- Round 353 of 1000: Training 5 Clients ---
--- Round 354 of 1000: Training 5 Clients ---
--- Round 355 of 1000: Training 5 Clients ---
--- Round 356 of 1000: Training 5 Clients ---
--- Round 357 of 1000: Training 5 Clients ---
--- Round 358 of 1000: Training 5 Clients ---
--- Round 359 of 1000: Training 5 Clients ---
--- Round 360 of 1000: Training 5 Clients ---
train_accuracy: 0.380944, 10th percentile: 0.251775, 50th percentile: 0.398601, 90th percentile 0.550795
train_loss: 2.41246, 10th percentile: 1.97411, 50th percentile: 2.35223, 90th percentile 2.83627
test_accuracy: 0.375706, 10th percentile: 0.210282, 50th percentile: 0.368421, 90th percentile 0.631579
test_loss: 2.41728, 10th percentile: 1.67096, 50th percentile: 2.40652, 90th percentile 3.03699
--- Round 361 of 1000: Training 5 Clients ---
--- Round 362 of 1000: Training 5 Clients ---
--- Round 363 of 1000: Training 5 Clients ---
--- Round 364 of 1000: Training 5 Clients ---
--- Round 365 of 1000: Training 5 Clients ---
--- Round 366 of 1000: Training 5 Clients ---
--- Round 367 of 1000: Training 5 Clients ---
--- Round 368 of 1000: Training 5 Clients ---
--- Round 369 of 1000: Training 5 Clients ---
--- Round 370 of 1000: Training 5 Clients ---
--- Round 371 of 1000: Training 5 Clients ---
--- Round 372 of 1000: Training 5 Clients ---
--- Round 373 of 1000: Training 5 Clients ---
--- Round 374 of 1000: Training 5 Clients ---
--- Round 375 of 1000: Training 5 Clients ---
--- Round 376 of 1000: Training 5 Clients ---
--- Round 377 of 1000: Training 5 Clients ---
--- Round 378 of 1000: Training 5 Clients ---
--- Round 379 of 1000: Training 5 Clients ---
--- Round 380 of 1000: Training 5 Clients ---
train_accuracy: 0.414904, 10th percentile: 0.26832, 50th percentile: 0.461538, 90th percentile 0.629954
train_loss: 2.29588, 10th percentile: 1.68961, 50th percentile: 2.21334, 90th percentile 2.71519
test_accuracy: 0.41289, 10th percentile: 0.215873, 50th percentile: 0.444444, 90th percentile 0.684868
test_loss: 2.29844, 10th percentile: 1.40657, 50th percentile: 2.28238, 90th percentile 2.89464
--- Round 381 of 1000: Training 5 Clients ---
--- Round 382 of 1000: Training 5 Clients ---
--- Round 383 of 1000: Training 5 Clients ---
--- Round 384 of 1000: Training 5 Clients ---
--- Round 385 of 1000: Training 5 Clients ---
--- Round 386 of 1000: Training 5 Clients ---
--- Round 387 of 1000: Training 5 Clients ---
--- Round 388 of 1000: Training 5 Clients ---
--- Round 389 of 1000: Training 5 Clients ---
--- Round 390 of 1000: Training 5 Clients ---
--- Round 391 of 1000: Training 5 Clients ---
--- Round 392 of 1000: Training 5 Clients ---
--- Round 393 of 1000: Training 5 Clients ---
--- Round 394 of 1000: Training 5 Clients ---
--- Round 395 of 1000: Training 5 Clients ---
--- Round 396 of 1000: Training 5 Clients ---
--- Round 397 of 1000: Training 5 Clients ---
--- Round 398 of 1000: Training 5 Clients ---
--- Round 399 of 1000: Training 5 Clients ---
--- Round 400 of 1000: Training 5 Clients ---
train_accuracy: 0.472634, 10th percentile: 0.332481, 50th percentile: 0.492147, 90th percentile 0.652941
train_loss: 2.12417, 10th percentile: 1.60966, 50th percentile: 2.07367, 90th percentile 2.51514
test_accuracy: 0.468017, 10th percentile: 0.276768, 50th percentile: 0.484848, 90th percentile 0.722222
test_loss: 2.12758, 10th percentile: 1.37381, 50th percentile: 2.12983, 90th percentile 2.66226
--- Round 401 of 1000: Training 5 Clients ---
--- Round 402 of 1000: Training 5 Clients ---
--- Round 403 of 1000: Training 5 Clients ---
--- Round 404 of 1000: Training 5 Clients ---
--- Round 405 of 1000: Training 5 Clients ---
--- Round 406 of 1000: Training 5 Clients ---
--- Round 407 of 1000: Training 5 Clients ---
--- Round 408 of 1000: Training 5 Clients ---
--- Round 409 of 1000: Training 5 Clients ---
--- Round 410 of 1000: Training 5 Clients ---
--- Round 411 of 1000: Training 5 Clients ---
--- Round 412 of 1000: Training 5 Clients ---
--- Round 413 of 1000: Training 5 Clients ---
--- Round 414 of 1000: Training 5 Clients ---
--- Round 415 of 1000: Training 5 Clients ---
--- Round 416 of 1000: Training 5 Clients ---
--- Round 417 of 1000: Training 5 Clients ---
--- Round 418 of 1000: Training 5 Clients ---
--- Round 419 of 1000: Training 5 Clients ---
--- Round 420 of 1000: Training 5 Clients ---
train_accuracy: 0.452281, 10th percentile: 0.298153, 50th percentile: 0.484375, 90th percentile 0.656314
train_loss: 2.12964, 10th percentile: 1.53059, 50th percentile: 2.02789, 90th percentile 2.57415
test_accuracy: 0.45417, 10th percentile: 0.271123, 50th percentile: 0.466667, 90th percentile 0.722222
test_loss: 2.12665, 10th percentile: 1.32201, 50th percentile: 2.1028, 90th percentile 2.75958
--- Round 421 of 1000: Training 5 Clients ---
--- Round 422 of 1000: Training 5 Clients ---
--- Round 423 of 1000: Training 5 Clients ---
--- Round 424 of 1000: Training 5 Clients ---
--- Round 425 of 1000: Training 5 Clients ---
--- Round 426 of 1000: Training 5 Clients ---
--- Round 427 of 1000: Training 5 Clients ---
--- Round 428 of 1000: Training 5 Clients ---
--- Round 429 of 1000: Training 5 Clients ---
--- Round 430 of 1000: Training 5 Clients ---
--- Round 431 of 1000: Training 5 Clients ---
--- Round 432 of 1000: Training 5 Clients ---
--- Round 433 of 1000: Training 5 Clients ---
--- Round 434 of 1000: Training 5 Clients ---
--- Round 435 of 1000: Training 5 Clients ---
--- Round 436 of 1000: Training 5 Clients ---
--- Round 437 of 1000: Training 5 Clients ---
--- Round 438 of 1000: Training 5 Clients ---
--- Round 439 of 1000: Training 5 Clients ---
--- Round 440 of 1000: Training 5 Clients ---
train_accuracy: 0.460935, 10th percentile: 0.302106, 50th percentile: 0.475862, 90th percentile 0.616369
train_loss: 2.06127, 10th percentile: 1.62121, 50th percentile: 1.99938, 90th percentile 2.65322
test_accuracy: 0.462534, 10th percentile: 0.25382, 50th percentile: 0.470588, 90th percentile 0.698291
test_loss: 2.0614, 10th percentile: 1.29575, 50th percentile: 1.98977, 90th percentile 2.84451
--- Round 441 of 1000: Training 5 Clients ---
--- Round 442 of 1000: Training 5 Clients ---
--- Round 443 of 1000: Training 5 Clients ---
--- Round 444 of 1000: Training 5 Clients ---
--- Round 445 of 1000: Training 5 Clients ---
--- Round 446 of 1000: Training 5 Clients ---
--- Round 447 of 1000: Training 5 Clients ---
--- Round 448 of 1000: Training 5 Clients ---
--- Round 449 of 1000: Training 5 Clients ---
--- Round 450 of 1000: Training 5 Clients ---
--- Round 451 of 1000: Training 5 Clients ---
--- Round 452 of 1000: Training 5 Clients ---
--- Round 453 of 1000: Training 5 Clients ---
--- Round 454 of 1000: Training 5 Clients ---
--- Round 455 of 1000: Training 5 Clients ---
--- Round 456 of 1000: Training 5 Clients ---
--- Round 457 of 1000: Training 5 Clients ---
--- Round 458 of 1000: Training 5 Clients ---
--- Round 459 of 1000: Training 5 Clients ---
--- Round 460 of 1000: Training 5 Clients ---
train_accuracy: 0.527133, 10th percentile: 0.365229, 50th percentile: 0.544872, 90th percentile 0.671272
train_loss: 1.85583, 10th percentile: 1.42746, 50th percentile: 1.79204, 90th percentile 2.40717
test_accuracy: 0.526224, 10th percentile: 0.321222, 50th percentile: 0.529412, 90th percentile 0.736842
test_loss: 1.85449, 10th percentile: 1.19224, 50th percentile: 1.79931, 90th percentile 2.54394
--- Round 461 of 1000: Training 5 Clients ---
--- Round 462 of 1000: Training 5 Clients ---
--- Round 463 of 1000: Training 5 Clients ---
--- Round 464 of 1000: Training 5 Clients ---
--- Round 465 of 1000: Training 5 Clients ---
--- Round 466 of 1000: Training 5 Clients ---
--- Round 467 of 1000: Training 5 Clients ---
--- Round 468 of 1000: Training 5 Clients ---
--- Round 469 of 1000: Training 5 Clients ---
--- Round 470 of 1000: Training 5 Clients ---
--- Round 471 of 1000: Training 5 Clients ---
--- Round 472 of 1000: Training 5 Clients ---
--- Round 473 of 1000: Training 5 Clients ---
--- Round 474 of 1000: Training 5 Clients ---
--- Round 475 of 1000: Training 5 Clients ---
--- Round 476 of 1000: Training 5 Clients ---
--- Round 477 of 1000: Training 5 Clients ---
--- Round 478 of 1000: Training 5 Clients ---
--- Round 479 of 1000: Training 5 Clients ---
--- Round 480 of 1000: Training 5 Clients ---
train_accuracy: 0.533931, 10th percentile: 0.399508, 50th percentile: 0.543333, 90th percentile 0.68455
train_loss: 1.7968, 10th percentile: 1.28543, 50th percentile: 1.71472, 90th percentile 2.39826
test_accuracy: 0.534232, 10th percentile: 0.321222, 50th percentile: 0.535714, 90th percentile 0.736842
test_loss: 1.79594, 10th percentile: 1.08642, 50th percentile: 1.72647, 90th percentile 2.54408
--- Round 481 of 1000: Training 5 Clients ---
--- Round 482 of 1000: Training 5 Clients ---
--- Round 483 of 1000: Training 5 Clients ---
--- Round 484 of 1000: Training 5 Clients ---
--- Round 485 of 1000: Training 5 Clients ---
--- Round 486 of 1000: Training 5 Clients ---
--- Round 487 of 1000: Training 5 Clients ---
--- Round 488 of 1000: Training 5 Clients ---
--- Round 489 of 1000: Training 5 Clients ---
--- Round 490 of 1000: Training 5 Clients ---
--- Round 491 of 1000: Training 5 Clients ---
--- Round 492 of 1000: Training 5 Clients ---
--- Round 493 of 1000: Training 5 Clients ---
--- Round 494 of 1000: Training 5 Clients ---
--- Round 495 of 1000: Training 5 Clients ---
--- Round 496 of 1000: Training 5 Clients ---
--- Round 497 of 1000: Training 5 Clients ---
--- Round 498 of 1000: Training 5 Clients ---
--- Round 499 of 1000: Training 5 Clients ---
--- Round 500 of 1000: Training 5 Clients ---
train_accuracy: 0.549772, 10th percentile: 0.377335, 50th percentile: 0.56391, 90th percentile 0.67782
train_loss: 1.72661, 10th percentile: 1.30037, 50th percentile: 1.65782, 90th percentile 2.25443
test_accuracy: 0.553736, 10th percentile: 0.333333, 50th percentile: 0.5625, 90th percentile 0.752941
test_loss: 1.72634, 10th percentile: 1.05763, 50th percentile: 1.70791, 90th percentile 2.44805
--- Round 501 of 1000: Training 5 Clients ---
--- Round 502 of 1000: Training 5 Clients ---
--- Round 503 of 1000: Training 5 Clients ---
--- Round 504 of 1000: Training 5 Clients ---
--- Round 505 of 1000: Training 5 Clients ---
--- Round 506 of 1000: Training 5 Clients ---
--- Round 507 of 1000: Training 5 Clients ---
--- Round 508 of 1000: Training 5 Clients ---
--- Round 509 of 1000: Training 5 Clients ---
--- Round 510 of 1000: Training 5 Clients ---
--- Round 511 of 1000: Training 5 Clients ---
--- Round 512 of 1000: Training 5 Clients ---
--- Round 513 of 1000: Training 5 Clients ---
--- Round 514 of 1000: Training 5 Clients ---
--- Round 515 of 1000: Training 5 Clients ---
--- Round 516 of 1000: Training 5 Clients ---
--- Round 517 of 1000: Training 5 Clients ---
--- Round 518 of 1000: Training 5 Clients ---
--- Round 519 of 1000: Training 5 Clients ---
--- Round 520 of 1000: Training 5 Clients ---
train_accuracy: 0.559256, 10th percentile: 0.361968, 50th percentile: 0.571429, 90th percentile 0.69767
train_loss: 1.69802, 10th percentile: 1.24829, 50th percentile: 1.65482, 90th percentile 2.36334
test_accuracy: 0.567093, 10th percentile: 0.350774, 50th percentile: 0.571429, 90th percentile 0.75
test_loss: 1.69503, 10th percentile: 1.08958, 50th percentile: 1.68605, 90th percentile 2.53325
--- Round 521 of 1000: Training 5 Clients ---
--- Round 522 of 1000: Training 5 Clients ---
--- Round 523 of 1000: Training 5 Clients ---
--- Round 524 of 1000: Training 5 Clients ---
--- Round 525 of 1000: Training 5 Clients ---
--- Round 526 of 1000: Training 5 Clients ---
--- Round 527 of 1000: Training 5 Clients ---
--- Round 528 of 1000: Training 5 Clients ---
--- Round 529 of 1000: Training 5 Clients ---
--- Round 530 of 1000: Training 5 Clients ---
--- Round 531 of 1000: Training 5 Clients ---
--- Round 532 of 1000: Training 5 Clients ---
--- Round 533 of 1000: Training 5 Clients ---
--- Round 534 of 1000: Training 5 Clients ---
--- Round 535 of 1000: Training 5 Clients ---
--- Round 536 of 1000: Training 5 Clients ---
--- Round 537 of 1000: Training 5 Clients ---
--- Round 538 of 1000: Training 5 Clients ---
--- Round 539 of 1000: Training 5 Clients ---
--- Round 540 of 1000: Training 5 Clients ---
train_accuracy: 0.523676, 10th percentile: 0.337878, 50th percentile: 0.530769, 90th percentile 0.658264
train_loss: 1.77049, 10th percentile: 1.20981, 50th percentile: 1.71739, 90th percentile 2.52286
test_accuracy: 0.531041, 10th percentile: 0.283117, 50th percentile: 0.529412, 90th percentile 0.748132
test_loss: 1.77352, 10th percentile: 1.06207, 50th percentile: 1.75992, 90th percentile 2.59403
--- Round 541 of 1000: Training 5 Clients ---
--- Round 542 of 1000: Training 5 Clients ---
--- Round 543 of 1000: Training 5 Clients ---
--- Round 544 of 1000: Training 5 Clients ---
--- Round 545 of 1000: Training 5 Clients ---
--- Round 546 of 1000: Training 5 Clients ---
--- Round 547 of 1000: Training 5 Clients ---
--- Round 548 of 1000: Training 5 Clients ---
--- Round 549 of 1000: Training 5 Clients ---
--- Round 550 of 1000: Training 5 Clients ---
--- Round 551 of 1000: Training 5 Clients ---
--- Round 552 of 1000: Training 5 Clients ---
--- Round 553 of 1000: Training 5 Clients ---
--- Round 554 of 1000: Training 5 Clients ---
--- Round 555 of 1000: Training 5 Clients ---
--- Round 556 of 1000: Training 5 Clients ---
--- Round 557 of 1000: Training 5 Clients ---
--- Round 558 of 1000: Training 5 Clients ---
--- Round 559 of 1000: Training 5 Clients ---
--- Round 560 of 1000: Training 5 Clients ---
train_accuracy: 0.578516, 10th percentile: 0.399625, 50th percentile: 0.591304, 90th percentile 0.719787
train_loss: 1.60281, 10th percentile: 1.11993, 50th percentile: 1.52788, 90th percentile 2.17617
test_accuracy: 0.578957, 10th percentile: 0.352941, 50th percentile: 0.578947, 90th percentile 0.778979
test_loss: 1.61308, 10th percentile: 0.879413, 50th percentile: 1.5687, 90th percentile 2.28855
--- Round 561 of 1000: Training 5 Clients ---
--- Round 562 of 1000: Training 5 Clients ---
--- Round 563 of 1000: Training 5 Clients ---
--- Round 564 of 1000: Training 5 Clients ---
--- Round 565 of 1000: Training 5 Clients ---
--- Round 566 of 1000: Training 5 Clients ---
--- Round 567 of 1000: Training 5 Clients ---
--- Round 568 of 1000: Training 5 Clients ---
--- Round 569 of 1000: Training 5 Clients ---
--- Round 570 of 1000: Training 5 Clients ---
--- Round 571 of 1000: Training 5 Clients ---
--- Round 572 of 1000: Training 5 Clients ---
--- Round 573 of 1000: Training 5 Clients ---
--- Round 574 of 1000: Training 5 Clients ---
--- Round 575 of 1000: Training 5 Clients ---
--- Round 576 of 1000: Training 5 Clients ---
--- Round 577 of 1000: Training 5 Clients ---
--- Round 578 of 1000: Training 5 Clients ---
--- Round 579 of 1000: Training 5 Clients ---
--- Round 580 of 1000: Training 5 Clients ---
train_accuracy: 0.55869, 10th percentile: 0.416438, 50th percentile: 0.576159, 90th percentile 0.703888
train_loss: 1.61445, 10th percentile: 1.11523, 50th percentile: 1.53598, 90th percentile 2.13932
test_accuracy: 0.560462, 10th percentile: 0.361497, 50th percentile: 0.578947, 90th percentile 0.77094
test_loss: 1.62004, 10th percentile: 0.889153, 50th percentile: 1.52975, 90th percentile 2.35575
--- Round 581 of 1000: Training 5 Clients ---
--- Round 582 of 1000: Training 5 Clients ---
--- Round 583 of 1000: Training 5 Clients ---
--- Round 584 of 1000: Training 5 Clients ---
--- Round 585 of 1000: Training 5 Clients ---
--- Round 586 of 1000: Training 5 Clients ---
--- Round 587 of 1000: Training 5 Clients ---
--- Round 588 of 1000: Training 5 Clients ---
--- Round 589 of 1000: Training 5 Clients ---
--- Round 590 of 1000: Training 5 Clients ---
--- Round 591 of 1000: Training 5 Clients ---
--- Round 592 of 1000: Training 5 Clients ---
--- Round 593 of 1000: Training 5 Clients ---
--- Round 594 of 1000: Training 5 Clients ---
--- Round 595 of 1000: Training 5 Clients ---
--- Round 596 of 1000: Training 5 Clients ---
--- Round 597 of 1000: Training 5 Clients ---
--- Round 598 of 1000: Training 5 Clients ---
--- Round 599 of 1000: Training 5 Clients ---
--- Round 600 of 1000: Training 5 Clients ---
train_accuracy: 0.598297, 10th percentile: 0.412253, 50th percentile: 0.61875, 90th percentile 0.72512
train_loss: 1.49893, 10th percentile: 1.05455, 50th percentile: 1.42909, 90th percentile 2.07302
test_accuracy: 0.602557, 10th percentile: 0.405926, 50th percentile: 0.611111, 90th percentile 0.794872
test_loss: 1.50558, 10th percentile: 0.828761, 50th percentile: 1.48097, 90th percentile 2.2566
--- Round 601 of 1000: Training 5 Clients ---
--- Round 602 of 1000: Training 5 Clients ---
--- Round 603 of 1000: Training 5 Clients ---
--- Round 604 of 1000: Training 5 Clients ---
--- Round 605 of 1000: Training 5 Clients ---
--- Round 606 of 1000: Training 5 Clients ---
--- Round 607 of 1000: Training 5 Clients ---
--- Round 608 of 1000: Training 5 Clients ---
--- Round 609 of 1000: Training 5 Clients ---
--- Round 610 of 1000: Training 5 Clients ---
--- Round 611 of 1000: Training 5 Clients ---
--- Round 612 of 1000: Training 5 Clients ---
--- Round 613 of 1000: Training 5 Clients ---
--- Round 614 of 1000: Training 5 Clients ---
--- Round 615 of 1000: Training 5 Clients ---
--- Round 616 of 1000: Training 5 Clients ---
--- Round 617 of 1000: Training 5 Clients ---
--- Round 618 of 1000: Training 5 Clients ---
--- Round 619 of 1000: Training 5 Clients ---
--- Round 620 of 1000: Training 5 Clients ---
train_accuracy: 0.586265, 10th percentile: 0.410718, 50th percentile: 0.604294, 90th percentile 0.716049
train_loss: 1.52624, 10th percentile: 1.06008, 50th percentile: 1.44942, 90th percentile 2.16793
test_accuracy: 0.588612, 10th percentile: 0.383362, 50th percentile: 0.6, 90th percentile 0.791579
test_loss: 1.53701, 10th percentile: 0.838794, 50th percentile: 1.46995, 90th percentile 2.3433
--- Round 621 of 1000: Training 5 Clients ---
--- Round 622 of 1000: Training 5 Clients ---
--- Round 623 of 1000: Training 5 Clients ---
--- Round 624 of 1000: Training 5 Clients ---
--- Round 625 of 1000: Training 5 Clients ---
--- Round 626 of 1000: Training 5 Clients ---
--- Round 627 of 1000: Training 5 Clients ---
--- Round 628 of 1000: Training 5 Clients ---
--- Round 629 of 1000: Training 5 Clients ---
--- Round 630 of 1000: Training 5 Clients ---
--- Round 631 of 1000: Training 5 Clients ---
--- Round 632 of 1000: Training 5 Clients ---
--- Round 633 of 1000: Training 5 Clients ---
--- Round 634 of 1000: Training 5 Clients ---
--- Round 635 of 1000: Training 5 Clients ---
--- Round 636 of 1000: Training 5 Clients ---
--- Round 637 of 1000: Training 5 Clients ---
--- Round 638 of 1000: Training 5 Clients ---
--- Round 639 of 1000: Training 5 Clients ---
--- Round 640 of 1000: Training 5 Clients ---
train_accuracy: 0.601005, 10th percentile: 0.386046, 50th percentile: 0.615873, 90th percentile 0.725942
train_loss: 1.47136, 10th percentile: 1.02015, 50th percentile: 1.39879, 90th percentile 2.24916
test_accuracy: 0.604568, 10th percentile: 0.352941, 50th percentile: 0.611111, 90th percentile 0.789474
test_loss: 1.47971, 10th percentile: 0.81182, 50th percentile: 1.41806, 90th percentile 2.38535
--- Round 641 of 1000: Training 5 Clients ---
--- Round 642 of 1000: Training 5 Clients ---
--- Round 643 of 1000: Training 5 Clients ---
--- Round 644 of 1000: Training 5 Clients ---
--- Round 645 of 1000: Training 5 Clients ---
--- Round 646 of 1000: Training 5 Clients ---
--- Round 647 of 1000: Training 5 Clients ---
--- Round 648 of 1000: Training 5 Clients ---
--- Round 649 of 1000: Training 5 Clients ---
--- Round 650 of 1000: Training 5 Clients ---
--- Round 651 of 1000: Training 5 Clients ---
--- Round 652 of 1000: Training 5 Clients ---
--- Round 653 of 1000: Training 5 Clients ---
--- Round 654 of 1000: Training 5 Clients ---
--- Round 655 of 1000: Training 5 Clients ---
--- Round 656 of 1000: Training 5 Clients ---
--- Round 657 of 1000: Training 5 Clients ---
--- Round 658 of 1000: Training 5 Clients ---
--- Round 659 of 1000: Training 5 Clients ---
--- Round 660 of 1000: Training 5 Clients ---
train_accuracy: 0.620711, 10th percentile: 0.488737, 50th percentile: 0.64557, 90th percentile 0.767495
train_loss: 1.39592, 10th percentile: 0.912934, 50th percentile: 1.29424, 90th percentile 1.86662
test_accuracy: 0.62283, 10th percentile: 0.416667, 50th percentile: 0.628571, 90th percentile 0.833333
test_loss: 1.40373, 10th percentile: 0.70579, 50th percentile: 1.3139, 90th percentile 2.0636
--- Round 661 of 1000: Training 5 Clients ---
--- Round 662 of 1000: Training 5 Clients ---
--- Round 663 of 1000: Training 5 Clients ---
--- Round 664 of 1000: Training 5 Clients ---
--- Round 665 of 1000: Training 5 Clients ---
--- Round 666 of 1000: Training 5 Clients ---
--- Round 667 of 1000: Training 5 Clients ---
--- Round 668 of 1000: Training 5 Clients ---
--- Round 669 of 1000: Training 5 Clients ---
--- Round 670 of 1000: Training 5 Clients ---
--- Round 671 of 1000: Training 5 Clients ---
--- Round 672 of 1000: Training 5 Clients ---
--- Round 673 of 1000: Training 5 Clients ---
--- Round 674 of 1000: Training 5 Clients ---
--- Round 675 of 1000: Training 5 Clients ---
--- Round 676 of 1000: Training 5 Clients ---
--- Round 677 of 1000: Training 5 Clients ---
--- Round 678 of 1000: Training 5 Clients ---
--- Round 679 of 1000: Training 5 Clients ---
--- Round 680 of 1000: Training 5 Clients ---
train_accuracy: 0.629198, 10th percentile: 0.431004, 50th percentile: 0.646341, 90th percentile 0.744174
train_loss: 1.36289, 10th percentile: 0.910259, 50th percentile: 1.30626, 90th percentile 2.05455
test_accuracy: 0.640343, 10th percentile: 0.388889, 50th percentile: 0.666667, 90th percentile 0.818648
test_loss: 1.37449, 10th percentile: 0.721351, 50th percentile: 1.34368, 90th percentile 2.28129
--- Round 681 of 1000: Training 5 Clients ---
--- Round 682 of 1000: Training 5 Clients ---
--- Round 683 of 1000: Training 5 Clients ---
--- Round 684 of 1000: Training 5 Clients ---
--- Round 685 of 1000: Training 5 Clients ---
--- Round 686 of 1000: Training 5 Clients ---
--- Round 687 of 1000: Training 5 Clients ---
--- Round 688 of 1000: Training 5 Clients ---
--- Round 689 of 1000: Training 5 Clients ---
--- Round 690 of 1000: Training 5 Clients ---
--- Round 691 of 1000: Training 5 Clients ---
--- Round 692 of 1000: Training 5 Clients ---
--- Round 693 of 1000: Training 5 Clients ---
--- Round 694 of 1000: Training 5 Clients ---
--- Round 695 of 1000: Training 5 Clients ---
--- Round 696 of 1000: Training 5 Clients ---
--- Round 697 of 1000: Training 5 Clients ---
--- Round 698 of 1000: Training 5 Clients ---
--- Round 699 of 1000: Training 5 Clients ---
--- Round 700 of 1000: Training 5 Clients ---
train_accuracy: 0.635697, 10th percentile: 0.495415, 50th percentile: 0.659459, 90th percentile 0.776386
train_loss: 1.34728, 10th percentile: 0.851833, 50th percentile: 1.25302, 90th percentile 1.85367
test_accuracy: 0.638954, 10th percentile: 0.415686, 50th percentile: 0.666667, 90th percentile 0.833333
test_loss: 1.36036, 10th percentile: 0.628085, 50th percentile: 1.30146, 90th percentile 2.03495
--- Round 701 of 1000: Training 5 Clients ---
--- Round 702 of 1000: Training 5 Clients ---
--- Round 703 of 1000: Training 5 Clients ---
--- Round 704 of 1000: Training 5 Clients ---
--- Round 705 of 1000: Training 5 Clients ---
--- Round 706 of 1000: Training 5 Clients ---
--- Round 707 of 1000: Training 5 Clients ---
--- Round 708 of 1000: Training 5 Clients ---
--- Round 709 of 1000: Training 5 Clients ---
--- Round 710 of 1000: Training 5 Clients ---
--- Round 711 of 1000: Training 5 Clients ---
--- Round 712 of 1000: Training 5 Clients ---
--- Round 713 of 1000: Training 5 Clients ---
--- Round 714 of 1000: Training 5 Clients ---
--- Round 715 of 1000: Training 5 Clients ---
--- Round 716 of 1000: Training 5 Clients ---
--- Round 717 of 1000: Training 5 Clients ---
--- Round 718 of 1000: Training 5 Clients ---
--- Round 719 of 1000: Training 5 Clients ---
--- Round 720 of 1000: Training 5 Clients ---
train_accuracy: 0.649269, 10th percentile: 0.487986, 50th percentile: 0.679012, 90th percentile 0.774435
train_loss: 1.28533, 10th percentile: 0.803721, 50th percentile: 1.19544, 90th percentile 1.79098
test_accuracy: 0.65376, 10th percentile: 0.43354, 50th percentile: 0.666667, 90th percentile 0.842105
test_loss: 1.29269, 10th percentile: 0.641921, 50th percentile: 1.24873, 90th percentile 2.0307
--- Round 721 of 1000: Training 5 Clients ---
--- Round 722 of 1000: Training 5 Clients ---
--- Round 723 of 1000: Training 5 Clients ---
--- Round 724 of 1000: Training 5 Clients ---
--- Round 725 of 1000: Training 5 Clients ---
--- Round 726 of 1000: Training 5 Clients ---
--- Round 727 of 1000: Training 5 Clients ---
--- Round 728 of 1000: Training 5 Clients ---
--- Round 729 of 1000: Training 5 Clients ---
--- Round 730 of 1000: Training 5 Clients ---
--- Round 731 of 1000: Training 5 Clients ---
--- Round 732 of 1000: Training 5 Clients ---
--- Round 733 of 1000: Training 5 Clients ---
--- Round 734 of 1000: Training 5 Clients ---
--- Round 735 of 1000: Training 5 Clients ---
--- Round 736 of 1000: Training 5 Clients ---
--- Round 737 of 1000: Training 5 Clients ---
--- Round 738 of 1000: Training 5 Clients ---
--- Round 739 of 1000: Training 5 Clients ---
--- Round 740 of 1000: Training 5 Clients ---
train_accuracy: 0.649374, 10th percentile: 0.489724, 50th percentile: 0.665354, 90th percentile 0.781688
train_loss: 1.26886, 10th percentile: 0.78863, 50th percentile: 1.19099, 90th percentile 1.84724
test_accuracy: 0.6568, 10th percentile: 0.419195, 50th percentile: 0.666667, 90th percentile 0.842105
test_loss: 1.28125, 10th percentile: 0.63753, 50th percentile: 1.1879, 90th percentile 2.05336
--- Round 741 of 1000: Training 5 Clients ---
--- Round 742 of 1000: Training 5 Clients ---
--- Round 743 of 1000: Training 5 Clients ---
--- Round 744 of 1000: Training 5 Clients ---
--- Round 745 of 1000: Training 5 Clients ---
--- Round 746 of 1000: Training 5 Clients ---
--- Round 747 of 1000: Training 5 Clients ---
--- Round 748 of 1000: Training 5 Clients ---
--- Round 749 of 1000: Training 5 Clients ---
--- Round 750 of 1000: Training 5 Clients ---
--- Round 751 of 1000: Training 5 Clients ---
--- Round 752 of 1000: Training 5 Clients ---
--- Round 753 of 1000: Training 5 Clients ---
--- Round 754 of 1000: Training 5 Clients ---
--- Round 755 of 1000: Training 5 Clients ---
--- Round 756 of 1000: Training 5 Clients ---
--- Round 757 of 1000: Training 5 Clients ---
--- Round 758 of 1000: Training 5 Clients ---
--- Round 759 of 1000: Training 5 Clients ---
--- Round 760 of 1000: Training 5 Clients ---
train_accuracy: 0.658582, 10th percentile: 0.51094, 50th percentile: 0.674847, 90th percentile 0.785688
train_loss: 1.24083, 10th percentile: 0.785549, 50th percentile: 1.16694, 90th percentile 1.76394
test_accuracy: 0.660419, 10th percentile: 0.451136, 50th percentile: 0.684211, 90th percentile 0.833333
test_loss: 1.2543, 10th percentile: 0.631275, 50th percentile: 1.19637, 90th percentile 1.98668
--- Round 761 of 1000: Training 5 Clients ---
--- Round 762 of 1000: Training 5 Clients ---
--- Round 763 of 1000: Training 5 Clients ---
--- Round 764 of 1000: Training 5 Clients ---
--- Round 765 of 1000: Training 5 Clients ---
--- Round 766 of 1000: Training 5 Clients ---
--- Round 767 of 1000: Training 5 Clients ---
--- Round 768 of 1000: Training 5 Clients ---
--- Round 769 of 1000: Training 5 Clients ---
--- Round 770 of 1000: Training 5 Clients ---
--- Round 771 of 1000: Training 5 Clients ---
--- Round 772 of 1000: Training 5 Clients ---
--- Round 773 of 1000: Training 5 Clients ---
--- Round 774 of 1000: Training 5 Clients ---
--- Round 775 of 1000: Training 5 Clients ---
--- Round 776 of 1000: Training 5 Clients ---
--- Round 777 of 1000: Training 5 Clients ---
--- Round 778 of 1000: Training 5 Clients ---
--- Round 779 of 1000: Training 5 Clients ---
--- Round 780 of 1000: Training 5 Clients ---
train_accuracy: 0.662283, 10th percentile: 0.472215, 50th percentile: 0.67284, 90th percentile 0.783209
train_loss: 1.20977, 10th percentile: 0.743049, 50th percentile: 1.12514, 90th percentile 1.81924
test_accuracy: 0.668122, 10th percentile: 0.444444, 50th percentile: 0.684211, 90th percentile 0.846154
test_loss: 1.22118, 10th percentile: 0.580252, 50th percentile: 1.15946, 90th percentile 1.93685
--- Round 781 of 1000: Training 5 Clients ---
--- Round 782 of 1000: Training 5 Clients ---
--- Round 783 of 1000: Training 5 Clients ---
--- Round 784 of 1000: Training 5 Clients ---
--- Round 785 of 1000: Training 5 Clients ---
--- Round 786 of 1000: Training 5 Clients ---
--- Round 787 of 1000: Training 5 Clients ---
--- Round 788 of 1000: Training 5 Clients ---
--- Round 789 of 1000: Training 5 Clients ---
--- Round 790 of 1000: Training 5 Clients ---
--- Round 791 of 1000: Training 5 Clients ---
--- Round 792 of 1000: Training 5 Clients ---
--- Round 793 of 1000: Training 5 Clients ---
--- Round 794 of 1000: Training 5 Clients ---
--- Round 795 of 1000: Training 5 Clients ---
--- Round 796 of 1000: Training 5 Clients ---
--- Round 797 of 1000: Training 5 Clients ---
--- Round 798 of 1000: Training 5 Clients ---
--- Round 799 of 1000: Training 5 Clients ---
--- Round 800 of 1000: Training 5 Clients ---
train_accuracy: 0.663381, 10th percentile: 0.536296, 50th percentile: 0.683761, 90th percentile 0.811197
train_loss: 1.2249, 10th percentile: 0.727117, 50th percentile: 1.12104, 90th percentile 1.69369
test_accuracy: 0.665883, 10th percentile: 0.464242, 50th percentile: 0.684211, 90th percentile 0.842915
test_loss: 1.24049, 10th percentile: 0.557318, 50th percentile: 1.16335, 90th percentile 1.92083
--- Round 801 of 1000: Training 5 Clients ---
--- Round 802 of 1000: Training 5 Clients ---
--- Round 803 of 1000: Training 5 Clients ---
--- Round 804 of 1000: Training 5 Clients ---
--- Round 805 of 1000: Training 5 Clients ---
--- Round 806 of 1000: Training 5 Clients ---
--- Round 807 of 1000: Training 5 Clients ---
--- Round 808 of 1000: Training 5 Clients ---
--- Round 809 of 1000: Training 5 Clients ---
--- Round 810 of 1000: Training 5 Clients ---
--- Round 811 of 1000: Training 5 Clients ---
--- Round 812 of 1000: Training 5 Clients ---
--- Round 813 of 1000: Training 5 Clients ---
--- Round 814 of 1000: Training 5 Clients ---
--- Round 815 of 1000: Training 5 Clients ---
--- Round 816 of 1000: Training 5 Clients ---
--- Round 817 of 1000: Training 5 Clients ---
--- Round 818 of 1000: Training 5 Clients ---
--- Round 819 of 1000: Training 5 Clients ---
--- Round 820 of 1000: Training 5 Clients ---
train_accuracy: 0.662196, 10th percentile: 0.519785, 50th percentile: 0.678344, 90th percentile 0.789604
train_loss: 1.20388, 10th percentile: 0.734184, 50th percentile: 1.11016, 90th percentile 1.69553
test_accuracy: 0.664056, 10th percentile: 0.469804, 50th percentile: 0.675676, 90th percentile 0.842105
test_loss: 1.22414, 10th percentile: 0.569113, 50th percentile: 1.1445, 90th percentile 1.85712
--- Round 821 of 1000: Training 5 Clients ---
--- Round 822 of 1000: Training 5 Clients ---
--- Round 823 of 1000: Training 5 Clients ---
--- Round 824 of 1000: Training 5 Clients ---
--- Round 825 of 1000: Training 5 Clients ---
--- Round 826 of 1000: Training 5 Clients ---
--- Round 827 of 1000: Training 5 Clients ---
--- Round 828 of 1000: Training 5 Clients ---
--- Round 829 of 1000: Training 5 Clients ---
--- Round 830 of 1000: Training 5 Clients ---
--- Round 831 of 1000: Training 5 Clients ---
--- Round 832 of 1000: Training 5 Clients ---
--- Round 833 of 1000: Training 5 Clients ---
--- Round 834 of 1000: Training 5 Clients ---
--- Round 835 of 1000: Training 5 Clients ---
--- Round 836 of 1000: Training 5 Clients ---
--- Round 837 of 1000: Training 5 Clients ---
--- Round 838 of 1000: Training 5 Clients ---
--- Round 839 of 1000: Training 5 Clients ---
--- Round 840 of 1000: Training 5 Clients ---
train_accuracy: 0.672624, 10th percentile: 0.47509, 50th percentile: 0.692308, 90th percentile 0.79514
train_loss: 1.15379, 10th percentile: 0.70077, 50th percentile: 1.08505, 90th percentile 1.76557
test_accuracy: 0.67576, 10th percentile: 0.421053, 50th percentile: 0.684211, 90th percentile 0.842915
test_loss: 1.167, 10th percentile: 0.562032, 50th percentile: 1.12911, 90th percentile 1.93552
--- Round 841 of 1000: Training 5 Clients ---
--- Round 842 of 1000: Training 5 Clients ---
--- Round 843 of 1000: Training 5 Clients ---
--- Round 844 of 1000: Training 5 Clients ---
--- Round 845 of 1000: Training 5 Clients ---
--- Round 846 of 1000: Training 5 Clients ---
--- Round 847 of 1000: Training 5 Clients ---
--- Round 848 of 1000: Training 5 Clients ---
--- Round 849 of 1000: Training 5 Clients ---
--- Round 850 of 1000: Training 5 Clients ---
--- Round 851 of 1000: Training 5 Clients ---
--- Round 852 of 1000: Training 5 Clients ---
--- Round 853 of 1000: Training 5 Clients ---
--- Round 854 of 1000: Training 5 Clients ---
--- Round 855 of 1000: Training 5 Clients ---
--- Round 856 of 1000: Training 5 Clients ---
--- Round 857 of 1000: Training 5 Clients ---
--- Round 858 of 1000: Training 5 Clients ---
--- Round 859 of 1000: Training 5 Clients ---
--- Round 860 of 1000: Training 5 Clients ---
train_accuracy: 0.662607, 10th percentile: 0.523866, 50th percentile: 0.684713, 90th percentile 0.802841
train_loss: 1.1917, 10th percentile: 0.682811, 50th percentile: 1.10074, 90th percentile 1.6949
test_accuracy: 0.669595, 10th percentile: 0.464242, 50th percentile: 0.685714, 90th percentile 0.848352
test_loss: 1.20632, 10th percentile: 0.508683, 50th percentile: 1.11205, 90th percentile 1.93638
--- Round 861 of 1000: Training 5 Clients ---
--- Round 862 of 1000: Training 5 Clients ---
--- Round 863 of 1000: Training 5 Clients ---
--- Round 864 of 1000: Training 5 Clients ---
--- Round 865 of 1000: Training 5 Clients ---
--- Round 866 of 1000: Training 5 Clients ---
--- Round 867 of 1000: Training 5 Clients ---
--- Round 868 of 1000: Training 5 Clients ---
--- Round 869 of 1000: Training 5 Clients ---
--- Round 870 of 1000: Training 5 Clients ---
--- Round 871 of 1000: Training 5 Clients ---
--- Round 872 of 1000: Training 5 Clients ---
--- Round 873 of 1000: Training 5 Clients ---
--- Round 874 of 1000: Training 5 Clients ---
--- Round 875 of 1000: Training 5 Clients ---
--- Round 876 of 1000: Training 5 Clients ---
--- Round 877 of 1000: Training 5 Clients ---
--- Round 878 of 1000: Training 5 Clients ---
--- Round 879 of 1000: Training 5 Clients ---
--- Round 880 of 1000: Training 5 Clients ---
train_accuracy: 0.687359, 10th percentile: 0.5, 50th percentile: 0.708333, 90th percentile 0.802326
train_loss: 1.10962, 10th percentile: 0.680039, 50th percentile: 1.03724, 90th percentile 1.70362
test_accuracy: 0.700973, 10th percentile: 0.478737, 50th percentile: 0.71875, 90th percentile 0.852472
test_loss: 1.12126, 10th percentile: 0.555633, 50th percentile: 1.07071, 90th percentile 1.89414
--- Round 881 of 1000: Training 5 Clients ---
--- Round 882 of 1000: Training 5 Clients ---
--- Round 883 of 1000: Training 5 Clients ---
--- Round 884 of 1000: Training 5 Clients ---
--- Round 885 of 1000: Training 5 Clients ---
--- Round 886 of 1000: Training 5 Clients ---
--- Round 887 of 1000: Training 5 Clients ---
--- Round 888 of 1000: Training 5 Clients ---
--- Round 889 of 1000: Training 5 Clients ---
--- Round 890 of 1000: Training 5 Clients ---
--- Round 891 of 1000: Training 5 Clients ---
--- Round 892 of 1000: Training 5 Clients ---
--- Round 893 of 1000: Training 5 Clients ---
--- Round 894 of 1000: Training 5 Clients ---
--- Round 895 of 1000: Training 5 Clients ---
--- Round 896 of 1000: Training 5 Clients ---
--- Round 897 of 1000: Training 5 Clients ---
--- Round 898 of 1000: Training 5 Clients ---
--- Round 899 of 1000: Training 5 Clients ---
--- Round 900 of 1000: Training 5 Clients ---
train_accuracy: 0.676866, 10th percentile: 0.46237, 50th percentile: 0.688034, 90th percentile 0.800602
train_loss: 1.1271, 10th percentile: 0.685579, 50th percentile: 1.04923, 90th percentile 1.80575
test_accuracy: 0.682442, 10th percentile: 0.420175, 50th percentile: 0.684211, 90th percentile 0.850216
test_loss: 1.14293, 10th percentile: 0.598835, 50th percentile: 1.10479, 90th percentile 1.95403
--- Round 901 of 1000: Training 5 Clients ---
--- Round 902 of 1000: Training 5 Clients ---
--- Round 903 of 1000: Training 5 Clients ---
--- Round 904 of 1000: Training 5 Clients ---
--- Round 905 of 1000: Training 5 Clients ---
--- Round 906 of 1000: Training 5 Clients ---
--- Round 907 of 1000: Training 5 Clients ---
--- Round 908 of 1000: Training 5 Clients ---
--- Round 909 of 1000: Training 5 Clients ---
--- Round 910 of 1000: Training 5 Clients ---
--- Round 911 of 1000: Training 5 Clients ---
--- Round 912 of 1000: Training 5 Clients ---
--- Round 913 of 1000: Training 5 Clients ---
--- Round 914 of 1000: Training 5 Clients ---
--- Round 915 of 1000: Training 5 Clients ---
--- Round 916 of 1000: Training 5 Clients ---
--- Round 917 of 1000: Training 5 Clients ---
--- Round 918 of 1000: Training 5 Clients ---
--- Round 919 of 1000: Training 5 Clients ---
--- Round 920 of 1000: Training 5 Clients ---
train_accuracy: 0.684273, 10th percentile: 0.506004, 50th percentile: 0.712177, 90th percentile 0.809883
train_loss: 1.11071, 10th percentile: 0.646651, 50th percentile: 1.01628, 90th percentile 1.66359
test_accuracy: 0.687949, 10th percentile: 0.473065, 50th percentile: 0.705882, 90th percentile 0.888889
test_loss: 1.12799, 10th percentile: 0.455224, 50th percentile: 1.05277, 90th percentile 1.87764
--- Round 921 of 1000: Training 5 Clients ---
--- Round 922 of 1000: Training 5 Clients ---
--- Round 923 of 1000: Training 5 Clients ---
--- Round 924 of 1000: Training 5 Clients ---
--- Round 925 of 1000: Training 5 Clients ---
--- Round 926 of 1000: Training 5 Clients ---
--- Round 927 of 1000: Training 5 Clients ---
--- Round 928 of 1000: Training 5 Clients ---
--- Round 929 of 1000: Training 5 Clients ---
--- Round 930 of 1000: Training 5 Clients ---
--- Round 931 of 1000: Training 5 Clients ---
--- Round 932 of 1000: Training 5 Clients ---
--- Round 933 of 1000: Training 5 Clients ---
--- Round 934 of 1000: Training 5 Clients ---
--- Round 935 of 1000: Training 5 Clients ---
--- Round 936 of 1000: Training 5 Clients ---
--- Round 937 of 1000: Training 5 Clients ---
--- Round 938 of 1000: Training 5 Clients ---
--- Round 939 of 1000: Training 5 Clients ---
--- Round 940 of 1000: Training 5 Clients ---
train_accuracy: 0.697343, 10th percentile: 0.534893, 50th percentile: 0.712418, 90th percentile 0.808056
train_loss: 1.05152, 10th percentile: 0.629411, 50th percentile: 0.972203, 90th percentile 1.54084
test_accuracy: 0.698425, 10th percentile: 0.481996, 50th percentile: 0.705882, 90th percentile 0.849896
test_loss: 1.07153, 10th percentile: 0.531073, 50th percentile: 1.00527, 90th percentile 1.81732
--- Round 941 of 1000: Training 5 Clients ---
--- Round 942 of 1000: Training 5 Clients ---
--- Round 943 of 1000: Training 5 Clients ---
--- Round 944 of 1000: Training 5 Clients ---
--- Round 945 of 1000: Training 5 Clients ---
--- Round 946 of 1000: Training 5 Clients ---
--- Round 947 of 1000: Training 5 Clients ---
--- Round 948 of 1000: Training 5 Clients ---
--- Round 949 of 1000: Training 5 Clients ---
--- Round 950 of 1000: Training 5 Clients ---
--- Round 951 of 1000: Training 5 Clients ---
--- Round 952 of 1000: Training 5 Clients ---
--- Round 953 of 1000: Training 5 Clients ---
--- Round 954 of 1000: Training 5 Clients ---
--- Round 955 of 1000: Training 5 Clients ---
--- Round 956 of 1000: Training 5 Clients ---
--- Round 957 of 1000: Training 5 Clients ---
--- Round 958 of 1000: Training 5 Clients ---
--- Round 959 of 1000: Training 5 Clients ---
--- Round 960 of 1000: Training 5 Clients ---
train_accuracy: 0.706723, 10th percentile: 0.535204, 50th percentile: 0.725146, 90th percentile 0.822545
train_loss: 1.02524, 10th percentile: 0.592875, 50th percentile: 0.931989, 90th percentile 1.55211
test_accuracy: 0.710899, 10th percentile: 0.5, 50th percentile: 0.722222, 90th percentile 0.882353
test_loss: 1.04589, 10th percentile: 0.516269, 50th percentile: 0.965913, 90th percentile 1.71916
--- Round 961 of 1000: Training 5 Clients ---
--- Round 962 of 1000: Training 5 Clients ---
--- Round 963 of 1000: Training 5 Clients ---
--- Round 964 of 1000: Training 5 Clients ---
--- Round 965 of 1000: Training 5 Clients ---
--- Round 966 of 1000: Training 5 Clients ---
--- Round 967 of 1000: Training 5 Clients ---
--- Round 968 of 1000: Training 5 Clients ---
--- Round 969 of 1000: Training 5 Clients ---
--- Round 970 of 1000: Training 5 Clients ---
--- Round 971 of 1000: Training 5 Clients ---
--- Round 972 of 1000: Training 5 Clients ---
--- Round 973 of 1000: Training 5 Clients ---
--- Round 974 of 1000: Training 5 Clients ---
--- Round 975 of 1000: Training 5 Clients ---
--- Round 976 of 1000: Training 5 Clients ---
--- Round 977 of 1000: Training 5 Clients ---
--- Round 978 of 1000: Training 5 Clients ---
--- Round 979 of 1000: Training 5 Clients ---
--- Round 980 of 1000: Training 5 Clients ---
train_accuracy: 0.698242, 10th percentile: 0.492908, 50th percentile: 0.71223, 90th percentile 0.826346
train_loss: 1.03343, 10th percentile: 0.602946, 50th percentile: 0.99095, 90th percentile 1.6722
test_accuracy: 0.709124, 10th percentile: 0.5, 50th percentile: 0.722222, 90th percentile 0.859398
test_loss: 1.04597, 10th percentile: 0.494861, 50th percentile: 0.973188, 90th percentile 1.76514
--- Round 981 of 1000: Training 5 Clients ---
--- Round 982 of 1000: Training 5 Clients ---
--- Round 983 of 1000: Training 5 Clients ---
--- Round 984 of 1000: Training 5 Clients ---
--- Round 985 of 1000: Training 5 Clients ---
--- Round 986 of 1000: Training 5 Clients ---
--- Round 987 of 1000: Training 5 Clients ---
--- Round 988 of 1000: Training 5 Clients ---
--- Round 989 of 1000: Training 5 Clients ---
--- Round 990 of 1000: Training 5 Clients ---
--- Round 991 of 1000: Training 5 Clients ---
--- Round 992 of 1000: Training 5 Clients ---
--- Round 993 of 1000: Training 5 Clients ---
--- Round 994 of 1000: Training 5 Clients ---
--- Round 995 of 1000: Training 5 Clients ---
--- Round 996 of 1000: Training 5 Clients ---
--- Round 997 of 1000: Training 5 Clients ---
--- Round 998 of 1000: Training 5 Clients ---
--- Round 999 of 1000: Training 5 Clients ---
--- Round 1000 of 1000: Training 5 Clients ---
train_accuracy: 0.707775, 10th percentile: 0.585366, 50th percentile: 0.73494, 90th percentile 0.829625
train_loss: 1.01288, 10th percentile: 0.574707, 50th percentile: 0.930293, 90th percentile 1.42768
test_accuracy: 0.712377, 10th percentile: 0.519448, 50th percentile: 0.722222, 90th percentile 0.888889
test_loss: 1.0332, 10th percentile: 0.439257, 50th percentile: 0.956598, 90th percentile 1.69133
Model saved in path: checkpoints/femnist/cnn.ckpt
Model path: femnist.cnn
Model sys metrics: metrics/sys_metrics.csv
Model test metrics: metrics/stat_metrics.csv
25482.67user 397.51system 37:55.80elapsed 1137%CPU (0avgtext+0avgdata 2342212maxresident)k
0inputs+56688outputs (0major+28396902minor)pagefaults 0swaps
